#
# A fatal error has been detected by the Java Runtime Environment:
#
#  SIGSEGV (0xb) at pc=0x00000001105bb000, pid=2596, tid=16387
#
# JRE version: OpenJDK Runtime Environment Zulu17.48+15-CA (17.0.10+7) (build 17.0.10+7-LTS)
# Java VM: OpenJDK 64-Bit Server VM Zulu17.48+15-CA (17.0.10+7-LTS, mixed mode, sharing, tiered, compressed oops, compressed class ptrs, g1 gc, bsd-amd64)
# Problematic frame:
# C  [libnative-platform-file-events.dylib+0x0]  __dso_handle+0x0
#
# No core dump will be written. Core dumps have been disabled. To enable core dumping, try "ulimit -c unlimited" before starting Java again
#
# If you would like to submit a bug report, please visit:
#   http://www.azul.com/support/
#

---------------  S U M M A R Y ------------

Command Line: --add-opens=java.base/java.util=ALL-UNNAMED --add-opens=java.base/java.lang=ALL-UNNAMED --add-opens=java.base/java.lang.invoke=ALL-UNNAMED --add-opens=java.prefs/java.util.prefs=ALL-UNNAMED --add-opens=java.base/java.nio.charset=ALL-UNNAMED --add-opens=java.base/java.net=ALL-UNNAMED --add-opens=java.base/java.util.concurrent.atomic=ALL-UNNAMED -XX:MaxMetaspaceSize=384m -XX:+HeapDumpOnOutOfMemoryError -Xms256m -Xmx512m -Dfile.encoding=utf8 -Duser.country=US -Duser.language=en -Duser.variant -javaagent:/Users/Shoaib/.gradle/wrapper/dists/gradle-8.8-all/6gdy1pgp427xkqcjbxw3ylt6h/gradle-8.8/lib/agents/gradle-instrumentation-agent-8.8.jar org.gradle.launcher.daemon.bootstrap.GradleDaemon 8.8

Host: "MacBookPro9,2" x86_64 2900 MHz, 4 cores, 8G, Darwin 19.6.0, macOS 10.15.7 (19H2026)
Time: Tue Oct  8 07:26:17 2024 PKT elapsed time: 56.577540 seconds (0d 0h 0m 56s)

---------------  T H R E A D  ---------------

Current thread is native thread

Stack: [0x000070000c57c000,0x000070000c5fc000],  sp=0x000070000c5f9298,  free space=500k
Native frames: (J=compiled Java code, j=interpreted, Vv=VM code, C=native code)
C  [libnative-platform-file-events.dylib+0x0]  __dso_handle+0x0
C  [libnative-platform-file-events.dylib+0x15c27]  void std::__1::__variant_detail::__ctor<std::__1::__variant_detail::__traits<FileEvent, ErrorEvent, PoisonPill> >::__generic_construct[abi:v160006]<std::__1::__variant_detail::__copy_constructor<std::__1::__variant_detail::__traits<FileEvent, ErrorEvent, PoisonPill>, (std::__1::__variant_detail::_Trait)1> const&>(std::__1::__variant_detail::__ctor<std::__1::__variant_detail::__traits<FileEvent, ErrorEvent, PoisonPill> >&, std::__1::__variant_detail::__copy_constructor<std::__1::__variant_detail::__traits<FileEvent, ErrorEvent, PoisonPill>, (std::__1::__variant_detail::_Trait)1> const&)+0x47
C  [libnative-platform-file-events.dylib+0x15b8a]  std::__1::__variant_detail::__copy_constructor<std::__1::__variant_detail::__traits<FileEvent, ErrorEvent, PoisonPill>, (std::__1::__variant_detail::_Trait)1>::__copy_constructor(std::__1::__variant_detail::__copy_constructor<std::__1::__variant_detail::__traits<FileEvent, ErrorEvent, PoisonPill>, (std::__1::__variant_detail::_Trait)1> const&)+0x2a
C  [libnative-platform-file-events.dylib+0x15b4d]  std::__1::__variant_detail::__assignment<std::__1::__variant_detail::__traits<FileEvent, ErrorEvent, PoisonPill> >::__assignment(std::__1::__variant_detail::__assignment<std::__1::__variant_detail::__traits<FileEvent, ErrorEvent, PoisonPill> > const&)+0x1d
C  [libnative-platform-file-events.dylib+0x15b1d]  std::__1::__variant_detail::__move_assignment<std::__1::__variant_detail::__traits<FileEvent, ErrorEvent, PoisonPill>, (std::__1::__variant_detail::_Trait)1>::__move_assignment(std::__1::__variant_detail::__move_assignment<std::__1::__variant_detail::__traits<FileEvent, ErrorEvent, PoisonPill>, (std::__1::__variant_detail::_Trait)1> const&)+0x1d
C  [libnative-platform-file-events.dylib+0x15aed]  std::__1::__variant_detail::__copy_assignment<std::__1::__variant_detail::__traits<FileEvent, ErrorEvent, PoisonPill>, (std::__1::__variant_detail::_Trait)1>::__copy_assignment(std::__1::__variant_detail::__copy_assignment<std::__1::__variant_detail::__traits<FileEvent, ErrorEvent, PoisonPill>, (std::__1::__variant_detail::_Trait)1> const&)+0x1d
C  [libnative-platform-file-events.dylib+0x15abd]  std::__1::__variant_detail::__impl<FileEvent, ErrorEvent, PoisonPill>::__impl(std::__1::__variant_detail::__impl<FileEvent, ErrorEvent, PoisonPill> const&)+0x1d
C  [libnative-platform-file-events.dylib+0x15a8d]  std::__1::__variant_detail::__impl<FileEvent, ErrorEvent, PoisonPill>::__impl(std::__1::__variant_detail::__impl<FileEvent, ErrorEvent, PoisonPill> const&)+0x1d
C  [libnative-platform-file-events.dylib+0x15a5d]  std::__1::variant<FileEvent, ErrorEvent, PoisonPill>::variant(std::__1::variant<FileEvent, ErrorEvent, PoisonPill> const&)+0x1d
C  [libnative-platform-file-events.dylib+0x15a2d]  std::__1::variant<FileEvent, ErrorEvent, PoisonPill>::variant(std::__1::variant<FileEvent, ErrorEvent, PoisonPill> const&)+0x1d
C  [libnative-platform-file-events.dylib+0x15a01]  void std::__1::allocator<std::__1::variant<FileEvent, ErrorEvent, PoisonPill> >::construct[abi:v160006]<std::__1::variant<FileEvent, ErrorEvent, PoisonPill>, std::__1::variant<FileEvent, ErrorEvent, PoisonPill> const&>(std::__1::variant<FileEvent, ErrorEvent, PoisonPill>*, std::__1::variant<FileEvent, ErrorEvent, PoisonPill> const&)+0x21
C  [libnative-platform-file-events.dylib+0x13805]  void std::__1::allocator_traits<std::__1::allocator<std::__1::variant<FileEvent, ErrorEvent, PoisonPill> > >::construct[abi:v160006]<std::__1::variant<FileEvent, ErrorEvent, PoisonPill>, std::__1::variant<FileEvent, ErrorEvent, PoisonPill> const&, void>(std::__1::allocator<std::__1::variant<FileEvent, ErrorEvent, PoisonPill> >&, std::__1::variant<FileEvent, ErrorEvent, PoisonPill>*, std::__1::variant<FileEvent, ErrorEvent, PoisonPill> const&)+0x25
C  [libnative-platform-file-events.dylib+0x133ef]  std::__1::deque<std::__1::variant<FileEvent, ErrorEvent, PoisonPill>, std::__1::allocator<std::__1::variant<FileEvent, ErrorEvent, PoisonPill> > >::push_back(std::__1::variant<FileEvent, ErrorEvent, PoisonPill> const&)+0x6f
C  [libnative-platform-file-events.dylib+0x1336d]  std::__1::queue<std::__1::variant<FileEvent, ErrorEvent, PoisonPill>, std::__1::deque<std::__1::variant<FileEvent, ErrorEvent, PoisonPill>, std::__1::allocator<std::__1::variant<FileEvent, ErrorEvent, PoisonPill> > > >::push[abi:v160006](std::__1::variant<FileEvent, ErrorEvent, PoisonPill> const&)+0x1d
C  [libnative-platform-file-events.dylib+0xd9d2]  BlockingQueue<std::__1::variant<FileEvent, ErrorEvent, PoisonPill> >::enqueue(std::__1::variant<FileEvent, ErrorEvent, PoisonPill> const&)+0x32
C  [libnative-platform-file-events.dylib+0xd809]  Server::handleEvents(unsigned long, char**, unsigned int const*, unsigned long long const*)+0xb9
C  [libnative-platform-file-events.dylib+0xd441]  handleEventsCallback(__FSEventStream const*, void*, unsigned long, void*, unsigned int const*, unsigned long long const*)+0x41
C  [FSEvents+0x2993]  implementation_callback_rpc+0xb19
C  [FSEvents+0x1dfe]  _Xcallback_rpc+0xe9
C  [FSEvents+0x1cf7]  FSEventsD2F_server+0x37
C  [FSEvents+0x1c61]  __create_d2f_port_source_block_invoke+0xe8
C  [libdispatch.dylib+0x2658]  _dispatch_client_callout+0x8
C  [libdispatch.dylib+0x4818]  _dispatch_continuation_pop+0x19e
C  [libdispatch.dylib+0x144be]  _dispatch_source_invoke+0x824
C  [libdispatch.dylib+0x7af6]  _dispatch_lane_serial_drain+0x107
C  [libdispatch.dylib+0x85d6]  _dispatch_lane_invoke+0x16b
C  [libdispatch.dylib+0x11c09]  _dispatch_workloop_worker_thread+0x254
C  [libsystem_pthread.dylib+0x2a3d]  _pthread_wqthread+0x122
C  [libsystem_pthread.dylib+0x1b77]  start_wqthread+0xf


siginfo: si_signo: 11 (SIGSEGV), si_code: 0 (unknown), si_addr: 0x0000000000000000

Registers:
RAX=0x00000001105bb000, RBX=0x0000000110658000, RCX=0x0000000000000000, RDX=0x000070000c5f9620
RSP=0x000070000c5f9298, RBP=0x000070000c5f92f0, RSI=0x00007fd8abe17a00, RDI=0x000070000c5f9308
R8 =0x000000000000ce43, R9 =0x0000000000003001, R10=0x00007fd8ab800000, R11=0x00000000b6fc7057
R12=0x0000000000000000, R13=0x0000000000000002, R14=0x0000000000000000, R15=0x00007fd8adc41aa0
RIP=0x00000001105bb000, EFLAGS=0x0000000000010206, ERR=0x0000000000000000
  TRAPNO=0x000000000000000d


Top of Stack: (sp=0x000070000c5f9298)
0x000070000c5f9298:   00000001105d0d8c 000070000c5f9308
0x000070000c5f92a8:   00007fd8abe17a00 00000001105bb000
0x000070000c5f92b8:   00000001105bb000 00000001105bb000
0x000070000c5f92c8:   00000001105bb000 000070000c5f9620
0x000070000c5f92d8:   00007fd8abe17a00 000070000c5f9308
0x000070000c5f92e8:   0000000000000000 000070000c5f9320
0x000070000c5f92f8:   00000001105d0c27 000070000c5f9320
0x000070000c5f9308:   00000001105d0bd5 000070000c5f9620
0x000070000c5f9318:   00007fd8abe17a00 000070000c5f9360
0x000070000c5f9328:   00000001105d0b8a 00007fd8abe17a00
0x000070000c5f9338:   00000001105d0849 0000000000000000
0x000070000c5f9348:   000070000c5f9420 000070000c5f9620
0x000070000c5f9358:   00007fd8abe17a00 000070000c5f9380
0x000070000c5f9368:   00000001105d0b4d 000070000c5f9620
0x000070000c5f9378:   00007fd8abe17a00 000070000c5f93a0
0x000070000c5f9388:   00000001105d0b1d 000070000c5f9620
0x000070000c5f9398:   00007fd8abe17a00 000070000c5f93c0
0x000070000c5f93a8:   00000001105d0aed 000070000c5f9620
0x000070000c5f93b8:   00007fd8abe17a00 000070000c5f93e0
0x000070000c5f93c8:   00000001105d0abd 000070000c5f9620
0x000070000c5f93d8:   00007fd8abe17a00 000070000c5f9400
0x000070000c5f93e8:   00000001105d0a8d 000070000c5f9620
0x000070000c5f93f8:   00007fd8abe17a00 000070000c5f9420
0x000070000c5f9408:   00000001105d0a5d 000070000c5f9620
0x000070000c5f9418:   00007fd8abe17a00 000070000c5f9440
0x000070000c5f9428:   00000001105d0a2d 000070000c5f9620
0x000070000c5f9438:   00007fd8abe17a00 000070000c5f9470
0x000070000c5f9448:   00000001105d0a01 00007fd8abe17a00
0x000070000c5f9458:   000070000c5f9620 00007fd8abe17a00
0x000070000c5f9468:   00007fd8ad8d0f68 000070000c5f94a0
0x000070000c5f9478:   00000001105ce805 0000000000000000
0x000070000c5f9488:   000070000c5f9620 00007fd8abe17a00 

Instructions: (pc=0x00000001105bb000)
0x00000001105baf00:   00 00 00 00 00 00 00 00 00 00 00 00 00 00 00 00
0x00000001105baf10:   00 00 00 00 00 00 00 00 00 00 00 00 00 00 00 00
0x00000001105baf20:   00 00 00 00 00 00 00 00 00 00 00 00 00 00 00 00
0x00000001105baf30:   00 00 00 00 00 00 00 00 00 00 00 00 00 00 00 00
0x00000001105baf40:   00 00 00 00 00 00 00 00 00 00 00 00 00 00 00 00
0x00000001105baf50:   00 00 00 00 00 00 00 00 00 00 00 00 00 00 00 00
0x00000001105baf60:   00 00 00 00 00 00 00 00 00 00 00 00 00 00 00 00
0x00000001105baf70:   00 00 00 00 00 00 00 00 00 00 00 00 00 00 00 00
0x00000001105baf80:   00 00 00 00 00 00 00 00 00 00 00 00 00 00 00 00
0x00000001105baf90:   00 00 00 00 00 00 00 00 00 00 00 00 00 00 00 00
0x00000001105bafa0:   00 00 00 00 00 00 00 00 00 00 00 00 00 00 00 00
0x00000001105bafb0:   00 00 00 00 00 00 00 00 00 00 00 00 00 00 00 00
0x00000001105bafc0:   00 00 00 00 00 00 00 00 00 00 00 00 00 00 00 00
0x00000001105bafd0:   00 00 00 00 00 00 00 00 00 00 00 00 00 00 00 00
0x00000001105bafe0:   00 00 00 00 00 00 00 00 00 00 00 00 00 00 00 00
0x00000001105baff0:   00 00 00 00 00 00 00 00 00 00 00 00 00 00 00 00
0x00000001105bb000:   cf fa ed fe 07 00 00 01 03 00 00 00 06 00 00 00
0x00000001105bb010:   10 00 00 00 00 07 00 00 85 80 11 00 00 00 00 00
0x00000001105bb020:   19 00 00 00 78 02 00 00 5f 5f 54 45 58 54 00 00
0x00000001105bb030:   00 00 00 00 00 00 00 00 00 00 00 00 00 00 00 00
0x00000001105bb040:   00 c0 01 00 00 00 00 00 00 00 00 00 00 00 00 00
0x00000001105bb050:   00 c0 01 00 00 00 00 00 05 00 00 00 05 00 00 00
0x00000001105bb060:   07 00 00 00 00 00 00 00 5f 5f 74 65 78 74 00 00
0x00000001105bb070:   00 00 00 00 00 00 00 00 5f 5f 54 45 58 54 00 00
0x00000001105bb080:   00 00 00 00 00 00 00 00 80 19 00 00 00 00 00 00
0x00000001105bb090:   dc 7d 01 00 00 00 00 00 80 19 00 00 04 00 00 00
0x00000001105bb0a0:   00 00 00 00 00 00 00 00 00 04 00 80 00 00 00 00
0x00000001105bb0b0:   00 00 00 00 00 00 00 00 5f 5f 73 74 75 62 73 00
0x00000001105bb0c0:   00 00 00 00 00 00 00 00 5f 5f 54 45 58 54 00 00
0x00000001105bb0d0:   00 00 00 00 00 00 00 00 5c 97 01 00 00 00 00 00
0x00000001105bb0e0:   ec 04 00 00 00 00 00 00 5c 97 01 00 00 00 00 00
0x00000001105bb0f0:   00 00 00 00 00 00 00 00 08 04 00 80 00 00 00 00 



---------------  P R O C E S S  ---------------

VM state: not at safepoint (normal execution)

VM Mutex/Monitor currently owned by a thread: None

Heap address: 0x00000007e0000000, size: 512 MB, Compressed Oops mode: Zero based, Oop shift amount: 3

CDS archive(s) mapped at: [0x000000012c000000-0x000000012cbe8000-0x000000012cbe8000), size 12484608, SharedBaseAddress: 0x000000012c000000, ArchiveRelocationMode: 1.
Compressed class space mapped at: 0x000000012d000000-0x0000000141000000, reserved size: 335544320
Narrow klass base: 0x000000012c000000, Narrow klass shift: 0, Narrow klass range: 0x100000000

GC Precious Log:
<Skipped>

Heap:
 garbage-first heap   total 262144K, used 68179K [0x00000007e0000000, 0x0000000800000000)
  region size 1024K, 36 young (36864K), 10 survivors (10240K)
 Metaspace       used 60358K, committed 60928K, reserved 393216K
  class space    used 8383K, committed 8640K, reserved 327680K

Heap Regions: E=young(eden), S=young(survivor), O=old, HS=humongous(starts), HC=humongous(continues), CS=collection set, F=free, OA=open archive, CA=closed archive, TAMS=top-at-mark-start (previous, next)
|   0|0x00000007e0000000, 0x00000007e0100000, 0x00000007e0100000|100%| O|  |TAMS 0x00000007e0100000, 0x00000007e0000000| Untracked 
|   1|0x00000007e0100000, 0x00000007e0200000, 0x00000007e0200000|100%|HS|  |TAMS 0x00000007e0200000, 0x00000007e0100000| Complete 
|   2|0x00000007e0200000, 0x00000007e0300000, 0x00000007e0300000|100%|HC|  |TAMS 0x00000007e0300000, 0x00000007e0200000| Complete 
|   3|0x00000007e0300000, 0x00000007e0400000, 0x00000007e0400000|100%|HC|  |TAMS 0x00000007e0400000, 0x00000007e0300000| Complete 
|   4|0x00000007e0400000, 0x00000007e0500000, 0x00000007e0500000|100%|HC|  |TAMS 0x00000007e0500000, 0x00000007e0400000| Complete 
|   5|0x00000007e0500000, 0x00000007e0500000, 0x00000007e0600000|  0%| F|  |TAMS 0x00000007e0500000, 0x00000007e0500000| Untracked 
|   6|0x00000007e0600000, 0x00000007e0700000, 0x00000007e0700000|100%| O|  |TAMS 0x00000007e0700000, 0x00000007e0600000| Untracked 
|   7|0x00000007e0700000, 0x00000007e0800000, 0x00000007e0800000|100%| O|  |TAMS 0x00000007e0800000, 0x00000007e0700000| Untracked 
|   8|0x00000007e0800000, 0x00000007e0900000, 0x00000007e0900000|100%|HS|  |TAMS 0x00000007e0900000, 0x00000007e0800000| Complete 
|   9|0x00000007e0900000, 0x00000007e0a00000, 0x00000007e0a00000|100%| O|  |TAMS 0x00000007e0a00000, 0x00000007e0900000| Untracked 
|  10|0x00000007e0a00000, 0x00000007e0b00000, 0x00000007e0b00000|100%| O|  |TAMS 0x00000007e0b00000, 0x00000007e0a00000| Untracked 
|  11|0x00000007e0b00000, 0x00000007e0c00000, 0x00000007e0c00000|100%| O|  |TAMS 0x00000007e0c00000, 0x00000007e0b00000| Untracked 
|  12|0x00000007e0c00000, 0x00000007e0d00000, 0x00000007e0d00000|100%| O|  |TAMS 0x00000007e0d00000, 0x00000007e0c00000| Untracked 
|  13|0x00000007e0d00000, 0x00000007e0d00000, 0x00000007e0e00000|  0%| F|  |TAMS 0x00000007e0d00000, 0x00000007e0d00000| Untracked 
|  14|0x00000007e0e00000, 0x00000007e0e00000, 0x00000007e0f00000|  0%| F|  |TAMS 0x00000007e0e00000, 0x00000007e0e00000| Untracked 
|  15|0x00000007e0f00000, 0x00000007e1000000, 0x00000007e1000000|100%| O|  |TAMS 0x00000007e1000000, 0x00000007e0f00000| Untracked 
|  16|0x00000007e1000000, 0x00000007e1100000, 0x00000007e1100000|100%| O|  |TAMS 0x00000007e1100000, 0x00000007e1000000| Untracked 
|  17|0x00000007e1100000, 0x00000007e1200000, 0x00000007e1200000|100%| O|  |TAMS 0x00000007e1200000, 0x00000007e1100000| Untracked 
|  18|0x00000007e1200000, 0x00000007e1300000, 0x00000007e1300000|100%| O|  |TAMS 0x00000007e1300000, 0x00000007e1200000| Untracked 
|  19|0x00000007e1300000, 0x00000007e1400000, 0x00000007e1400000|100%| O|  |TAMS 0x00000007e1400000, 0x00000007e1300000| Untracked 
|  20|0x00000007e1400000, 0x00000007e1500000, 0x00000007e1500000|100%| O|  |TAMS 0x00000007e1500000, 0x00000007e1400000| Untracked 
|  21|0x00000007e1500000, 0x00000007e1600000, 0x00000007e1600000|100%| O|  |TAMS 0x00000007e1600000, 0x00000007e1500000| Untracked 
|  22|0x00000007e1600000, 0x00000007e1700000, 0x00000007e1700000|100%| O|  |TAMS 0x00000007e1700000, 0x00000007e1600000| Untracked 
|  23|0x00000007e1700000, 0x00000007e1800000, 0x00000007e1800000|100%| O|  |TAMS 0x00000007e1800000, 0x00000007e1700000| Untracked 
|  24|0x00000007e1800000, 0x00000007e1900000, 0x00000007e1900000|100%| O|  |TAMS 0x00000007e1900000, 0x00000007e1800000| Untracked 
|  25|0x00000007e1900000, 0x00000007e1a00000, 0x00000007e1a00000|100%| O|  |TAMS 0x00000007e1a00000, 0x00000007e1900000| Untracked 
|  26|0x00000007e1a00000, 0x00000007e1b00000, 0x00000007e1b00000|100%| O|  |TAMS 0x00000007e1b00000, 0x00000007e1a00000| Untracked 
|  27|0x00000007e1b00000, 0x00000007e1c00000, 0x00000007e1c00000|100%| O|  |TAMS 0x00000007e1c00000, 0x00000007e1b00000| Untracked 
|  28|0x00000007e1c00000, 0x00000007e1d00000, 0x00000007e1d00000|100%| O|  |TAMS 0x00000007e1d00000, 0x00000007e1c00000| Untracked 
|  29|0x00000007e1d00000, 0x00000007e1e00000, 0x00000007e1e00000|100%| O|  |TAMS 0x00000007e1e00000, 0x00000007e1d00000| Untracked 
|  30|0x00000007e1e00000, 0x00000007e1f00000, 0x00000007e1f00000|100%| O|  |TAMS 0x00000007e1f00000, 0x00000007e1e00000| Untracked 
|  31|0x00000007e1f00000, 0x00000007e2000000, 0x00000007e2000000|100%| O|  |TAMS 0x00000007e2000000, 0x00000007e1f00000| Untracked 
|  32|0x00000007e2000000, 0x00000007e2100000, 0x00000007e2100000|100%| O|  |TAMS 0x00000007e2100000, 0x00000007e2000000| Untracked 
|  33|0x00000007e2100000, 0x00000007e214a800, 0x00000007e2200000| 29%| O|  |TAMS 0x00000007e214a800, 0x00000007e2100000| Untracked 
|  34|0x00000007e2200000, 0x00000007e2200000, 0x00000007e2300000|  0%| F|  |TAMS 0x00000007e2200000, 0x00000007e2200000| Untracked 
|  35|0x00000007e2300000, 0x00000007e2300000, 0x00000007e2400000|  0%| F|  |TAMS 0x00000007e2300000, 0x00000007e2300000| Untracked 
|  36|0x00000007e2400000, 0x00000007e2400000, 0x00000007e2500000|  0%| F|  |TAMS 0x00000007e2400000, 0x00000007e2400000| Untracked 
|  37|0x00000007e2500000, 0x00000007e2500000, 0x00000007e2600000|  0%| F|  |TAMS 0x00000007e2500000, 0x00000007e2500000| Untracked 
|  38|0x00000007e2600000, 0x00000007e2600000, 0x00000007e2700000|  0%| F|  |TAMS 0x00000007e2600000, 0x00000007e2600000| Untracked 
|  39|0x00000007e2700000, 0x00000007e2700000, 0x00000007e2800000|  0%| F|  |TAMS 0x00000007e2700000, 0x00000007e2700000| Untracked 
|  40|0x00000007e2800000, 0x00000007e2800000, 0x00000007e2900000|  0%| F|  |TAMS 0x00000007e2800000, 0x00000007e2800000| Untracked 
|  41|0x00000007e2900000, 0x00000007e2900000, 0x00000007e2a00000|  0%| F|  |TAMS 0x00000007e2900000, 0x00000007e2900000| Untracked 
|  42|0x00000007e2a00000, 0x00000007e2a00000, 0x00000007e2b00000|  0%| F|  |TAMS 0x00000007e2a00000, 0x00000007e2a00000| Untracked 
|  43|0x00000007e2b00000, 0x00000007e2b00000, 0x00000007e2c00000|  0%| F|  |TAMS 0x00000007e2b00000, 0x00000007e2b00000| Untracked 
|  44|0x00000007e2c00000, 0x00000007e2c00000, 0x00000007e2d00000|  0%| F|  |TAMS 0x00000007e2c00000, 0x00000007e2c00000| Untracked 
|  45|0x00000007e2d00000, 0x00000007e2d00000, 0x00000007e2e00000|  0%| F|  |TAMS 0x00000007e2d00000, 0x00000007e2d00000| Untracked 
|  46|0x00000007e2e00000, 0x00000007e2e00000, 0x00000007e2f00000|  0%| F|  |TAMS 0x00000007e2e00000, 0x00000007e2e00000| Untracked 
|  47|0x00000007e2f00000, 0x00000007e2f00000, 0x00000007e3000000|  0%| F|  |TAMS 0x00000007e2f00000, 0x00000007e2f00000| Untracked 
|  48|0x00000007e3000000, 0x00000007e3000000, 0x00000007e3100000|  0%| F|  |TAMS 0x00000007e3000000, 0x00000007e3000000| Untracked 
|  49|0x00000007e3100000, 0x00000007e3100000, 0x00000007e3200000|  0%| F|  |TAMS 0x00000007e3100000, 0x00000007e3100000| Untracked 
|  50|0x00000007e3200000, 0x00000007e3200000, 0x00000007e3300000|  0%| F|  |TAMS 0x00000007e3200000, 0x00000007e3200000| Untracked 
|  51|0x00000007e3300000, 0x00000007e3300000, 0x00000007e3400000|  0%| F|  |TAMS 0x00000007e3300000, 0x00000007e3300000| Untracked 
|  52|0x00000007e3400000, 0x00000007e3400000, 0x00000007e3500000|  0%| F|  |TAMS 0x00000007e3400000, 0x00000007e3400000| Untracked 
|  53|0x00000007e3500000, 0x00000007e3500000, 0x00000007e3600000|  0%| F|  |TAMS 0x00000007e3500000, 0x00000007e3500000| Untracked 
|  54|0x00000007e3600000, 0x00000007e3600000, 0x00000007e3700000|  0%| F|  |TAMS 0x00000007e3600000, 0x00000007e3600000| Untracked 
|  55|0x00000007e3700000, 0x00000007e3700000, 0x00000007e3800000|  0%| F|  |TAMS 0x00000007e3700000, 0x00000007e3700000| Untracked 
|  56|0x00000007e3800000, 0x00000007e3800000, 0x00000007e3900000|  0%| F|  |TAMS 0x00000007e3800000, 0x00000007e3800000| Untracked 
|  57|0x00000007e3900000, 0x00000007e3900000, 0x00000007e3a00000|  0%| F|  |TAMS 0x00000007e3900000, 0x00000007e3900000| Untracked 
|  58|0x00000007e3a00000, 0x00000007e3a00000, 0x00000007e3b00000|  0%| F|  |TAMS 0x00000007e3a00000, 0x00000007e3a00000| Untracked 
|  59|0x00000007e3b00000, 0x00000007e3b00000, 0x00000007e3c00000|  0%| F|  |TAMS 0x00000007e3b00000, 0x00000007e3b00000| Untracked 
|  60|0x00000007e3c00000, 0x00000007e3c00000, 0x00000007e3d00000|  0%| F|  |TAMS 0x00000007e3c00000, 0x00000007e3c00000| Untracked 
|  61|0x00000007e3d00000, 0x00000007e3d00000, 0x00000007e3e00000|  0%| F|  |TAMS 0x00000007e3d00000, 0x00000007e3d00000| Untracked 
|  62|0x00000007e3e00000, 0x00000007e3e00000, 0x00000007e3f00000|  0%| F|  |TAMS 0x00000007e3e00000, 0x00000007e3e00000| Untracked 
|  63|0x00000007e3f00000, 0x00000007e3f00000, 0x00000007e4000000|  0%| F|  |TAMS 0x00000007e3f00000, 0x00000007e3f00000| Untracked 
|  64|0x00000007e4000000, 0x00000007e4000000, 0x00000007e4100000|  0%| F|  |TAMS 0x00000007e4000000, 0x00000007e4000000| Untracked 
|  65|0x00000007e4100000, 0x00000007e4100000, 0x00000007e4200000|  0%| F|  |TAMS 0x00000007e4100000, 0x00000007e4100000| Untracked 
|  66|0x00000007e4200000, 0x00000007e4200000, 0x00000007e4300000|  0%| F|  |TAMS 0x00000007e4200000, 0x00000007e4200000| Untracked 
|  67|0x00000007e4300000, 0x00000007e4300000, 0x00000007e4400000|  0%| F|  |TAMS 0x00000007e4300000, 0x00000007e4300000| Untracked 
|  68|0x00000007e4400000, 0x00000007e4400000, 0x00000007e4500000|  0%| F|  |TAMS 0x00000007e4400000, 0x00000007e4400000| Untracked 
|  69|0x00000007e4500000, 0x00000007e4500000, 0x00000007e4600000|  0%| F|  |TAMS 0x00000007e4500000, 0x00000007e4500000| Untracked 
|  70|0x00000007e4600000, 0x00000007e4600000, 0x00000007e4700000|  0%| F|  |TAMS 0x00000007e4600000, 0x00000007e4600000| Untracked 
|  71|0x00000007e4700000, 0x00000007e4700000, 0x00000007e4800000|  0%| F|  |TAMS 0x00000007e4700000, 0x00000007e4700000| Untracked 
|  72|0x00000007e4800000, 0x00000007e4800000, 0x00000007e4900000|  0%| F|  |TAMS 0x00000007e4800000, 0x00000007e4800000| Untracked 
|  73|0x00000007e4900000, 0x00000007e4900000, 0x00000007e4a00000|  0%| F|  |TAMS 0x00000007e4900000, 0x00000007e4900000| Untracked 
|  74|0x00000007e4a00000, 0x00000007e4a00000, 0x00000007e4b00000|  0%| F|  |TAMS 0x00000007e4a00000, 0x00000007e4a00000| Untracked 
|  75|0x00000007e4b00000, 0x00000007e4b00000, 0x00000007e4c00000|  0%| F|  |TAMS 0x00000007e4b00000, 0x00000007e4b00000| Untracked 
|  76|0x00000007e4c00000, 0x00000007e4c00000, 0x00000007e4d00000|  0%| F|  |TAMS 0x00000007e4c00000, 0x00000007e4c00000| Untracked 
|  77|0x00000007e4d00000, 0x00000007e4d00000, 0x00000007e4e00000|  0%| F|  |TAMS 0x00000007e4d00000, 0x00000007e4d00000| Untracked 
|  78|0x00000007e4e00000, 0x00000007e4e00000, 0x00000007e4f00000|  0%| F|  |TAMS 0x00000007e4e00000, 0x00000007e4e00000| Untracked 
|  79|0x00000007e4f00000, 0x00000007e4f00000, 0x00000007e5000000|  0%| F|  |TAMS 0x00000007e4f00000, 0x00000007e4f00000| Untracked 
|  80|0x00000007e5000000, 0x00000007e5000000, 0x00000007e5100000|  0%| F|  |TAMS 0x00000007e5000000, 0x00000007e5000000| Untracked 
|  81|0x00000007e5100000, 0x00000007e5100000, 0x00000007e5200000|  0%| F|  |TAMS 0x00000007e5100000, 0x00000007e5100000| Untracked 
|  82|0x00000007e5200000, 0x00000007e5200000, 0x00000007e5300000|  0%| F|  |TAMS 0x00000007e5200000, 0x00000007e5200000| Untracked 
|  83|0x00000007e5300000, 0x00000007e5300000, 0x00000007e5400000|  0%| F|  |TAMS 0x00000007e5300000, 0x00000007e5300000| Untracked 
|  84|0x00000007e5400000, 0x00000007e5400000, 0x00000007e5500000|  0%| F|  |TAMS 0x00000007e5400000, 0x00000007e5400000| Untracked 
|  85|0x00000007e5500000, 0x00000007e5500000, 0x00000007e5600000|  0%| F|  |TAMS 0x00000007e5500000, 0x00000007e5500000| Untracked 
|  86|0x00000007e5600000, 0x00000007e5600000, 0x00000007e5700000|  0%| F|  |TAMS 0x00000007e5600000, 0x00000007e5600000| Untracked 
|  87|0x00000007e5700000, 0x00000007e5700000, 0x00000007e5800000|  0%| F|  |TAMS 0x00000007e5700000, 0x00000007e5700000| Untracked 
|  88|0x00000007e5800000, 0x00000007e5800000, 0x00000007e5900000|  0%| F|  |TAMS 0x00000007e5800000, 0x00000007e5800000| Untracked 
|  89|0x00000007e5900000, 0x00000007e5900000, 0x00000007e5a00000|  0%| F|  |TAMS 0x00000007e5900000, 0x00000007e5900000| Untracked 
|  90|0x00000007e5a00000, 0x00000007e5a00000, 0x00000007e5b00000|  0%| F|  |TAMS 0x00000007e5a00000, 0x00000007e5a00000| Untracked 
|  91|0x00000007e5b00000, 0x00000007e5b00000, 0x00000007e5c00000|  0%| F|  |TAMS 0x00000007e5b00000, 0x00000007e5b00000| Untracked 
|  92|0x00000007e5c00000, 0x00000007e5c00000, 0x00000007e5d00000|  0%| F|  |TAMS 0x00000007e5c00000, 0x00000007e5c00000| Untracked 
|  93|0x00000007e5d00000, 0x00000007e5d00000, 0x00000007e5e00000|  0%| F|  |TAMS 0x00000007e5d00000, 0x00000007e5d00000| Untracked 
|  94|0x00000007e5e00000, 0x00000007e5e00000, 0x00000007e5f00000|  0%| F|  |TAMS 0x00000007e5e00000, 0x00000007e5e00000| Untracked 
|  95|0x00000007e5f00000, 0x00000007e5f605f8, 0x00000007e6000000| 37%| S|CS|TAMS 0x00000007e5f00000, 0x00000007e5f00000| Complete 
|  96|0x00000007e6000000, 0x00000007e6100000, 0x00000007e6100000|100%| S|CS|TAMS 0x00000007e6000000, 0x00000007e6000000| Complete 
|  97|0x00000007e6100000, 0x00000007e6200000, 0x00000007e6200000|100%| S|CS|TAMS 0x00000007e6100000, 0x00000007e6100000| Complete 
|  98|0x00000007e6200000, 0x00000007e6300000, 0x00000007e6300000|100%| S|CS|TAMS 0x00000007e6200000, 0x00000007e6200000| Complete 
|  99|0x00000007e6300000, 0x00000007e6400000, 0x00000007e6400000|100%| S|CS|TAMS 0x00000007e6300000, 0x00000007e6300000| Complete 
| 100|0x00000007e6400000, 0x00000007e6500000, 0x00000007e6500000|100%| S|CS|TAMS 0x00000007e6400000, 0x00000007e6400000| Complete 
| 101|0x00000007e6500000, 0x00000007e6600000, 0x00000007e6600000|100%| S|CS|TAMS 0x00000007e6500000, 0x00000007e6500000| Complete 
| 102|0x00000007e6600000, 0x00000007e6700000, 0x00000007e6700000|100%| S|CS|TAMS 0x00000007e6600000, 0x00000007e6600000| Complete 
| 103|0x00000007e6700000, 0x00000007e6800000, 0x00000007e6800000|100%| S|CS|TAMS 0x00000007e6700000, 0x00000007e6700000| Complete 
| 104|0x00000007e6800000, 0x00000007e6900000, 0x00000007e6900000|100%| S|CS|TAMS 0x00000007e6800000, 0x00000007e6800000| Complete 
| 105|0x00000007e6900000, 0x00000007e6900000, 0x00000007e6a00000|  0%| F|  |TAMS 0x00000007e6900000, 0x00000007e6900000| Untracked 
| 106|0x00000007e6a00000, 0x00000007e6a00000, 0x00000007e6b00000|  0%| F|  |TAMS 0x00000007e6a00000, 0x00000007e6a00000| Untracked 
| 107|0x00000007e6b00000, 0x00000007e6b00000, 0x00000007e6c00000|  0%| F|  |TAMS 0x00000007e6b00000, 0x00000007e6b00000| Untracked 
| 108|0x00000007e6c00000, 0x00000007e6c00000, 0x00000007e6d00000|  0%| F|  |TAMS 0x00000007e6c00000, 0x00000007e6c00000| Untracked 
| 109|0x00000007e6d00000, 0x00000007e6d00000, 0x00000007e6e00000|  0%| F|  |TAMS 0x00000007e6d00000, 0x00000007e6d00000| Untracked 
| 110|0x00000007e6e00000, 0x00000007e6e00000, 0x00000007e6f00000|  0%| F|  |TAMS 0x00000007e6e00000, 0x00000007e6e00000| Untracked 
| 111|0x00000007e6f00000, 0x00000007e6f00000, 0x00000007e7000000|  0%| F|  |TAMS 0x00000007e6f00000, 0x00000007e6f00000| Untracked 
| 112|0x00000007e7000000, 0x00000007e7000000, 0x00000007e7100000|  0%| F|  |TAMS 0x00000007e7000000, 0x00000007e7000000| Untracked 
| 113|0x00000007e7100000, 0x00000007e7100000, 0x00000007e7200000|  0%| F|  |TAMS 0x00000007e7100000, 0x00000007e7100000| Untracked 
| 114|0x00000007e7200000, 0x00000007e7200000, 0x00000007e7300000|  0%| F|  |TAMS 0x00000007e7200000, 0x00000007e7200000| Untracked 
| 115|0x00000007e7300000, 0x00000007e7300000, 0x00000007e7400000|  0%| F|  |TAMS 0x00000007e7300000, 0x00000007e7300000| Untracked 
| 116|0x00000007e7400000, 0x00000007e7400000, 0x00000007e7500000|  0%| F|  |TAMS 0x00000007e7400000, 0x00000007e7400000| Untracked 
| 117|0x00000007e7500000, 0x00000007e7500000, 0x00000007e7600000|  0%| F|  |TAMS 0x00000007e7500000, 0x00000007e7500000| Untracked 
| 118|0x00000007e7600000, 0x00000007e7600000, 0x00000007e7700000|  0%| F|  |TAMS 0x00000007e7600000, 0x00000007e7600000| Untracked 
| 119|0x00000007e7700000, 0x00000007e7700000, 0x00000007e7800000|  0%| F|  |TAMS 0x00000007e7700000, 0x00000007e7700000| Untracked 
| 120|0x00000007e7800000, 0x00000007e7800000, 0x00000007e7900000|  0%| F|  |TAMS 0x00000007e7800000, 0x00000007e7800000| Untracked 
| 121|0x00000007e7900000, 0x00000007e7900000, 0x00000007e7a00000|  0%| F|  |TAMS 0x00000007e7900000, 0x00000007e7900000| Untracked 
| 122|0x00000007e7a00000, 0x00000007e7a00000, 0x00000007e7b00000|  0%| F|  |TAMS 0x00000007e7a00000, 0x00000007e7a00000| Untracked 
| 123|0x00000007e7b00000, 0x00000007e7b00000, 0x00000007e7c00000|  0%| F|  |TAMS 0x00000007e7b00000, 0x00000007e7b00000| Untracked 
| 124|0x00000007e7c00000, 0x00000007e7c00000, 0x00000007e7d00000|  0%| F|  |TAMS 0x00000007e7c00000, 0x00000007e7c00000| Untracked 
| 125|0x00000007e7d00000, 0x00000007e7d00000, 0x00000007e7e00000|  0%| F|  |TAMS 0x00000007e7d00000, 0x00000007e7d00000| Untracked 
| 126|0x00000007e7e00000, 0x00000007e7e00000, 0x00000007e7f00000|  0%| F|  |TAMS 0x00000007e7e00000, 0x00000007e7e00000| Untracked 
| 127|0x00000007e7f00000, 0x00000007e7f00000, 0x00000007e8000000|  0%| F|  |TAMS 0x00000007e7f00000, 0x00000007e7f00000| Untracked 
| 128|0x00000007e8000000, 0x00000007e8000000, 0x00000007e8100000|  0%| F|  |TAMS 0x00000007e8000000, 0x00000007e8000000| Untracked 
| 129|0x00000007e8100000, 0x00000007e8100000, 0x00000007e8200000|  0%| F|  |TAMS 0x00000007e8100000, 0x00000007e8100000| Untracked 
| 130|0x00000007e8200000, 0x00000007e8200000, 0x00000007e8300000|  0%| F|  |TAMS 0x00000007e8200000, 0x00000007e8200000| Untracked 
| 131|0x00000007e8300000, 0x00000007e8300000, 0x00000007e8400000|  0%| F|  |TAMS 0x00000007e8300000, 0x00000007e8300000| Untracked 
| 132|0x00000007e8400000, 0x00000007e8400000, 0x00000007e8500000|  0%| F|  |TAMS 0x00000007e8400000, 0x00000007e8400000| Untracked 
| 133|0x00000007e8500000, 0x00000007e8500000, 0x00000007e8600000|  0%| F|  |TAMS 0x00000007e8500000, 0x00000007e8500000| Untracked 
| 134|0x00000007e8600000, 0x00000007e8600000, 0x00000007e8700000|  0%| F|  |TAMS 0x00000007e8600000, 0x00000007e8600000| Untracked 
| 135|0x00000007e8700000, 0x00000007e8700000, 0x00000007e8800000|  0%| F|  |TAMS 0x00000007e8700000, 0x00000007e8700000| Untracked 
| 136|0x00000007e8800000, 0x00000007e8800000, 0x00000007e8900000|  0%| F|  |TAMS 0x00000007e8800000, 0x00000007e8800000| Untracked 
| 137|0x00000007e8900000, 0x00000007e8900000, 0x00000007e8a00000|  0%| F|  |TAMS 0x00000007e8900000, 0x00000007e8900000| Untracked 
| 138|0x00000007e8a00000, 0x00000007e8a00000, 0x00000007e8b00000|  0%| F|  |TAMS 0x00000007e8a00000, 0x00000007e8a00000| Untracked 
| 139|0x00000007e8b00000, 0x00000007e8b00000, 0x00000007e8c00000|  0%| F|  |TAMS 0x00000007e8b00000, 0x00000007e8b00000| Untracked 
| 140|0x00000007e8c00000, 0x00000007e8c00000, 0x00000007e8d00000|  0%| F|  |TAMS 0x00000007e8c00000, 0x00000007e8c00000| Untracked 
| 141|0x00000007e8d00000, 0x00000007e8d00000, 0x00000007e8e00000|  0%| F|  |TAMS 0x00000007e8d00000, 0x00000007e8d00000| Untracked 
| 142|0x00000007e8e00000, 0x00000007e8e00000, 0x00000007e8f00000|  0%| F|  |TAMS 0x00000007e8e00000, 0x00000007e8e00000| Untracked 
| 143|0x00000007e8f00000, 0x00000007e8f00000, 0x00000007e9000000|  0%| F|  |TAMS 0x00000007e8f00000, 0x00000007e8f00000| Untracked 
| 144|0x00000007e9000000, 0x00000007e9000000, 0x00000007e9100000|  0%| F|  |TAMS 0x00000007e9000000, 0x00000007e9000000| Untracked 
| 145|0x00000007e9100000, 0x00000007e9100000, 0x00000007e9200000|  0%| F|  |TAMS 0x00000007e9100000, 0x00000007e9100000| Untracked 
| 146|0x00000007e9200000, 0x00000007e9200000, 0x00000007e9300000|  0%| F|  |TAMS 0x00000007e9200000, 0x00000007e9200000| Untracked 
| 147|0x00000007e9300000, 0x00000007e9300000, 0x00000007e9400000|  0%| F|  |TAMS 0x00000007e9300000, 0x00000007e9300000| Untracked 
| 148|0x00000007e9400000, 0x00000007e9400000, 0x00000007e9500000|  0%| F|  |TAMS 0x00000007e9400000, 0x00000007e9400000| Untracked 
| 149|0x00000007e9500000, 0x00000007e9500000, 0x00000007e9600000|  0%| F|  |TAMS 0x00000007e9500000, 0x00000007e9500000| Untracked 
| 150|0x00000007e9600000, 0x00000007e9600000, 0x00000007e9700000|  0%| F|  |TAMS 0x00000007e9600000, 0x00000007e9600000| Untracked 
| 151|0x00000007e9700000, 0x00000007e9700000, 0x00000007e9800000|  0%| F|  |TAMS 0x00000007e9700000, 0x00000007e9700000| Untracked 
| 152|0x00000007e9800000, 0x00000007e9800000, 0x00000007e9900000|  0%| F|  |TAMS 0x00000007e9800000, 0x00000007e9800000| Untracked 
| 153|0x00000007e9900000, 0x00000007e9900000, 0x00000007e9a00000|  0%| F|  |TAMS 0x00000007e9900000, 0x00000007e9900000| Untracked 
| 154|0x00000007e9a00000, 0x00000007e9a00000, 0x00000007e9b00000|  0%| F|  |TAMS 0x00000007e9a00000, 0x00000007e9a00000| Untracked 
| 155|0x00000007e9b00000, 0x00000007e9b00000, 0x00000007e9c00000|  0%| F|  |TAMS 0x00000007e9b00000, 0x00000007e9b00000| Untracked 
| 156|0x00000007e9c00000, 0x00000007e9c00000, 0x00000007e9d00000|  0%| F|  |TAMS 0x00000007e9c00000, 0x00000007e9c00000| Untracked 
| 157|0x00000007e9d00000, 0x00000007e9d00000, 0x00000007e9e00000|  0%| F|  |TAMS 0x00000007e9d00000, 0x00000007e9d00000| Untracked 
| 158|0x00000007e9e00000, 0x00000007e9e00000, 0x00000007e9f00000|  0%| F|  |TAMS 0x00000007e9e00000, 0x00000007e9e00000| Untracked 
| 159|0x00000007e9f00000, 0x00000007e9f00000, 0x00000007ea000000|  0%| F|  |TAMS 0x00000007e9f00000, 0x00000007e9f00000| Untracked 
| 160|0x00000007ea000000, 0x00000007ea000000, 0x00000007ea100000|  0%| F|  |TAMS 0x00000007ea000000, 0x00000007ea000000| Untracked 
| 161|0x00000007ea100000, 0x00000007ea100000, 0x00000007ea200000|  0%| F|  |TAMS 0x00000007ea100000, 0x00000007ea100000| Untracked 
| 162|0x00000007ea200000, 0x00000007ea200000, 0x00000007ea300000|  0%| F|  |TAMS 0x00000007ea200000, 0x00000007ea200000| Untracked 
| 163|0x00000007ea300000, 0x00000007ea300000, 0x00000007ea400000|  0%| F|  |TAMS 0x00000007ea300000, 0x00000007ea300000| Untracked 
| 164|0x00000007ea400000, 0x00000007ea400000, 0x00000007ea500000|  0%| F|  |TAMS 0x00000007ea400000, 0x00000007ea400000| Untracked 
| 165|0x00000007ea500000, 0x00000007ea500000, 0x00000007ea600000|  0%| F|  |TAMS 0x00000007ea500000, 0x00000007ea500000| Untracked 
| 166|0x00000007ea600000, 0x00000007ea600000, 0x00000007ea700000|  0%| F|  |TAMS 0x00000007ea600000, 0x00000007ea600000| Untracked 
| 167|0x00000007ea700000, 0x00000007ea700000, 0x00000007ea800000|  0%| F|  |TAMS 0x00000007ea700000, 0x00000007ea700000| Untracked 
| 168|0x00000007ea800000, 0x00000007ea800000, 0x00000007ea900000|  0%| F|  |TAMS 0x00000007ea800000, 0x00000007ea800000| Untracked 
| 169|0x00000007ea900000, 0x00000007ea900000, 0x00000007eaa00000|  0%| F|  |TAMS 0x00000007ea900000, 0x00000007ea900000| Untracked 
| 170|0x00000007eaa00000, 0x00000007eaa00000, 0x00000007eab00000|  0%| F|  |TAMS 0x00000007eaa00000, 0x00000007eaa00000| Untracked 
| 171|0x00000007eab00000, 0x00000007eab00000, 0x00000007eac00000|  0%| F|  |TAMS 0x00000007eab00000, 0x00000007eab00000| Untracked 
| 172|0x00000007eac00000, 0x00000007eac00000, 0x00000007ead00000|  0%| F|  |TAMS 0x00000007eac00000, 0x00000007eac00000| Untracked 
| 173|0x00000007ead00000, 0x00000007ead00000, 0x00000007eae00000|  0%| F|  |TAMS 0x00000007ead00000, 0x00000007ead00000| Untracked 
| 174|0x00000007eae00000, 0x00000007eae00000, 0x00000007eaf00000|  0%| F|  |TAMS 0x00000007eae00000, 0x00000007eae00000| Untracked 
| 175|0x00000007eaf00000, 0x00000007eaf00000, 0x00000007eb000000|  0%| F|  |TAMS 0x00000007eaf00000, 0x00000007eaf00000| Untracked 
| 176|0x00000007eb000000, 0x00000007eb000000, 0x00000007eb100000|  0%| F|  |TAMS 0x00000007eb000000, 0x00000007eb000000| Untracked 
| 177|0x00000007eb100000, 0x00000007eb100000, 0x00000007eb200000|  0%| F|  |TAMS 0x00000007eb100000, 0x00000007eb100000| Untracked 
| 178|0x00000007eb200000, 0x00000007eb200000, 0x00000007eb300000|  0%| F|  |TAMS 0x00000007eb200000, 0x00000007eb200000| Untracked 
| 179|0x00000007eb300000, 0x00000007eb300000, 0x00000007eb400000|  0%| F|  |TAMS 0x00000007eb300000, 0x00000007eb300000| Untracked 
| 180|0x00000007eb400000, 0x00000007eb400000, 0x00000007eb500000|  0%| F|  |TAMS 0x00000007eb400000, 0x00000007eb400000| Untracked 
| 181|0x00000007eb500000, 0x00000007eb500000, 0x00000007eb600000|  0%| F|  |TAMS 0x00000007eb500000, 0x00000007eb500000| Untracked 
| 182|0x00000007eb600000, 0x00000007eb600000, 0x00000007eb700000|  0%| F|  |TAMS 0x00000007eb600000, 0x00000007eb600000| Untracked 
| 183|0x00000007eb700000, 0x00000007eb700000, 0x00000007eb800000|  0%| F|  |TAMS 0x00000007eb700000, 0x00000007eb700000| Untracked 
| 184|0x00000007eb800000, 0x00000007eb800000, 0x00000007eb900000|  0%| F|  |TAMS 0x00000007eb800000, 0x00000007eb800000| Untracked 
| 185|0x00000007eb900000, 0x00000007eb900000, 0x00000007eba00000|  0%| F|  |TAMS 0x00000007eb900000, 0x00000007eb900000| Untracked 
| 186|0x00000007eba00000, 0x00000007eba00000, 0x00000007ebb00000|  0%| F|  |TAMS 0x00000007eba00000, 0x00000007eba00000| Untracked 
| 187|0x00000007ebb00000, 0x00000007ebb00000, 0x00000007ebc00000|  0%| F|  |TAMS 0x00000007ebb00000, 0x00000007ebb00000| Untracked 
| 188|0x00000007ebc00000, 0x00000007ebc00000, 0x00000007ebd00000|  0%| F|  |TAMS 0x00000007ebc00000, 0x00000007ebc00000| Untracked 
| 189|0x00000007ebd00000, 0x00000007ebd00000, 0x00000007ebe00000|  0%| F|  |TAMS 0x00000007ebd00000, 0x00000007ebd00000| Untracked 
| 190|0x00000007ebe00000, 0x00000007ebe00000, 0x00000007ebf00000|  0%| F|  |TAMS 0x00000007ebe00000, 0x00000007ebe00000| Untracked 
| 191|0x00000007ebf00000, 0x00000007ebf00000, 0x00000007ec000000|  0%| F|  |TAMS 0x00000007ebf00000, 0x00000007ebf00000| Untracked 
| 192|0x00000007ec000000, 0x00000007ec000000, 0x00000007ec100000|  0%| F|  |TAMS 0x00000007ec000000, 0x00000007ec000000| Untracked 
| 193|0x00000007ec100000, 0x00000007ec100000, 0x00000007ec200000|  0%| F|  |TAMS 0x00000007ec100000, 0x00000007ec100000| Untracked 
| 194|0x00000007ec200000, 0x00000007ec200000, 0x00000007ec300000|  0%| F|  |TAMS 0x00000007ec200000, 0x00000007ec200000| Untracked 
| 195|0x00000007ec300000, 0x00000007ec300000, 0x00000007ec400000|  0%| F|  |TAMS 0x00000007ec300000, 0x00000007ec300000| Untracked 
| 196|0x00000007ec400000, 0x00000007ec400000, 0x00000007ec500000|  0%| F|  |TAMS 0x00000007ec400000, 0x00000007ec400000| Untracked 
| 197|0x00000007ec500000, 0x00000007ec500000, 0x00000007ec600000|  0%| F|  |TAMS 0x00000007ec500000, 0x00000007ec500000| Untracked 
| 198|0x00000007ec600000, 0x00000007ec600000, 0x00000007ec700000|  0%| F|  |TAMS 0x00000007ec600000, 0x00000007ec600000| Untracked 
| 199|0x00000007ec700000, 0x00000007ec700000, 0x00000007ec800000|  0%| F|  |TAMS 0x00000007ec700000, 0x00000007ec700000| Untracked 
| 200|0x00000007ec800000, 0x00000007ec800000, 0x00000007ec900000|  0%| F|  |TAMS 0x00000007ec800000, 0x00000007ec800000| Untracked 
| 201|0x00000007ec900000, 0x00000007ec900000, 0x00000007eca00000|  0%| F|  |TAMS 0x00000007ec900000, 0x00000007ec900000| Untracked 
| 202|0x00000007eca00000, 0x00000007eca00000, 0x00000007ecb00000|  0%| F|  |TAMS 0x00000007eca00000, 0x00000007eca00000| Untracked 
| 203|0x00000007ecb00000, 0x00000007ecb00000, 0x00000007ecc00000|  0%| F|  |TAMS 0x00000007ecb00000, 0x00000007ecb00000| Untracked 
| 204|0x00000007ecc00000, 0x00000007ecc00000, 0x00000007ecd00000|  0%| F|  |TAMS 0x00000007ecc00000, 0x00000007ecc00000| Untracked 
| 205|0x00000007ecd00000, 0x00000007ecd00000, 0x00000007ece00000|  0%| F|  |TAMS 0x00000007ecd00000, 0x00000007ecd00000| Untracked 
| 206|0x00000007ece00000, 0x00000007ece00000, 0x00000007ecf00000|  0%| F|  |TAMS 0x00000007ece00000, 0x00000007ece00000| Untracked 
| 207|0x00000007ecf00000, 0x00000007ecf00000, 0x00000007ed000000|  0%| F|  |TAMS 0x00000007ecf00000, 0x00000007ecf00000| Untracked 
| 208|0x00000007ed000000, 0x00000007ed000000, 0x00000007ed100000|  0%| F|  |TAMS 0x00000007ed000000, 0x00000007ed000000| Untracked 
| 209|0x00000007ed100000, 0x00000007ed100000, 0x00000007ed200000|  0%| F|  |TAMS 0x00000007ed100000, 0x00000007ed100000| Untracked 
| 210|0x00000007ed200000, 0x00000007ed200000, 0x00000007ed300000|  0%| F|  |TAMS 0x00000007ed200000, 0x00000007ed200000| Untracked 
| 211|0x00000007ed300000, 0x00000007ed300000, 0x00000007ed400000|  0%| F|  |TAMS 0x00000007ed300000, 0x00000007ed300000| Untracked 
| 212|0x00000007ed400000, 0x00000007ed400000, 0x00000007ed500000|  0%| F|  |TAMS 0x00000007ed400000, 0x00000007ed400000| Untracked 
| 213|0x00000007ed500000, 0x00000007ed500000, 0x00000007ed600000|  0%| F|  |TAMS 0x00000007ed500000, 0x00000007ed500000| Untracked 
| 214|0x00000007ed600000, 0x00000007ed600000, 0x00000007ed700000|  0%| F|  |TAMS 0x00000007ed600000, 0x00000007ed600000| Untracked 
| 215|0x00000007ed700000, 0x00000007ed700000, 0x00000007ed800000|  0%| F|  |TAMS 0x00000007ed700000, 0x00000007ed700000| Untracked 
| 216|0x00000007ed800000, 0x00000007ed800000, 0x00000007ed900000|  0%| F|  |TAMS 0x00000007ed800000, 0x00000007ed800000| Untracked 
| 217|0x00000007ed900000, 0x00000007ed900000, 0x00000007eda00000|  0%| F|  |TAMS 0x00000007ed900000, 0x00000007ed900000| Untracked 
| 218|0x00000007eda00000, 0x00000007eda00000, 0x00000007edb00000|  0%| F|  |TAMS 0x00000007eda00000, 0x00000007eda00000| Untracked 
| 219|0x00000007edb00000, 0x00000007edb00000, 0x00000007edc00000|  0%| F|  |TAMS 0x00000007edb00000, 0x00000007edb00000| Untracked 
| 220|0x00000007edc00000, 0x00000007edc00000, 0x00000007edd00000|  0%| F|  |TAMS 0x00000007edc00000, 0x00000007edc00000| Untracked 
| 221|0x00000007edd00000, 0x00000007edd00000, 0x00000007ede00000|  0%| F|  |TAMS 0x00000007edd00000, 0x00000007edd00000| Untracked 
| 222|0x00000007ede00000, 0x00000007ede00000, 0x00000007edf00000|  0%| F|  |TAMS 0x00000007ede00000, 0x00000007ede00000| Untracked 
| 223|0x00000007edf00000, 0x00000007edf00000, 0x00000007ee000000|  0%| F|  |TAMS 0x00000007edf00000, 0x00000007edf00000| Untracked 
| 224|0x00000007ee000000, 0x00000007ee000000, 0x00000007ee100000|  0%| F|  |TAMS 0x00000007ee000000, 0x00000007ee000000| Untracked 
| 225|0x00000007ee100000, 0x00000007ee100000, 0x00000007ee200000|  0%| F|  |TAMS 0x00000007ee100000, 0x00000007ee100000| Untracked 
| 226|0x00000007ee200000, 0x00000007ee200000, 0x00000007ee300000|  0%| F|  |TAMS 0x00000007ee200000, 0x00000007ee200000| Untracked 
| 227|0x00000007ee300000, 0x00000007ee300000, 0x00000007ee400000|  0%| F|  |TAMS 0x00000007ee300000, 0x00000007ee300000| Untracked 
| 228|0x00000007ee400000, 0x00000007ee500000, 0x00000007ee500000|100%| E|  |TAMS 0x00000007ee400000, 0x00000007ee400000| Complete 
| 229|0x00000007ee500000, 0x00000007ee600000, 0x00000007ee600000|100%| E|CS|TAMS 0x00000007ee500000, 0x00000007ee500000| Complete 
| 230|0x00000007ee600000, 0x00000007ee700000, 0x00000007ee700000|100%| E|CS|TAMS 0x00000007ee600000, 0x00000007ee600000| Complete 
| 231|0x00000007ee700000, 0x00000007ee800000, 0x00000007ee800000|100%| E|CS|TAMS 0x00000007ee700000, 0x00000007ee700000| Complete 
| 232|0x00000007ee800000, 0x00000007ee900000, 0x00000007ee900000|100%| E|CS|TAMS 0x00000007ee800000, 0x00000007ee800000| Complete 
| 233|0x00000007ee900000, 0x00000007eea00000, 0x00000007eea00000|100%| E|CS|TAMS 0x00000007ee900000, 0x00000007ee900000| Complete 
| 234|0x00000007eea00000, 0x00000007eeb00000, 0x00000007eeb00000|100%| E|CS|TAMS 0x00000007eea00000, 0x00000007eea00000| Complete 
| 235|0x00000007eeb00000, 0x00000007eec00000, 0x00000007eec00000|100%| E|CS|TAMS 0x00000007eeb00000, 0x00000007eeb00000| Complete 
| 236|0x00000007eec00000, 0x00000007eed00000, 0x00000007eed00000|100%| E|CS|TAMS 0x00000007eec00000, 0x00000007eec00000| Complete 
| 237|0x00000007eed00000, 0x00000007eee00000, 0x00000007eee00000|100%| E|CS|TAMS 0x00000007eed00000, 0x00000007eed00000| Complete 
| 238|0x00000007eee00000, 0x00000007eef00000, 0x00000007eef00000|100%| E|CS|TAMS 0x00000007eee00000, 0x00000007eee00000| Complete 
| 239|0x00000007eef00000, 0x00000007ef000000, 0x00000007ef000000|100%| E|CS|TAMS 0x00000007eef00000, 0x00000007eef00000| Complete 
| 240|0x00000007ef000000, 0x00000007ef100000, 0x00000007ef100000|100%| E|CS|TAMS 0x00000007ef000000, 0x00000007ef000000| Complete 
| 241|0x00000007ef100000, 0x00000007ef200000, 0x00000007ef200000|100%| E|CS|TAMS 0x00000007ef100000, 0x00000007ef100000| Complete 
| 242|0x00000007ef200000, 0x00000007ef300000, 0x00000007ef300000|100%| E|CS|TAMS 0x00000007ef200000, 0x00000007ef200000| Complete 
| 243|0x00000007ef300000, 0x00000007ef400000, 0x00000007ef400000|100%| E|CS|TAMS 0x00000007ef300000, 0x00000007ef300000| Complete 
| 244|0x00000007ef400000, 0x00000007ef500000, 0x00000007ef500000|100%| E|CS|TAMS 0x00000007ef400000, 0x00000007ef400000| Complete 
| 245|0x00000007ef500000, 0x00000007ef600000, 0x00000007ef600000|100%| E|CS|TAMS 0x00000007ef500000, 0x00000007ef500000| Complete 
| 246|0x00000007ef600000, 0x00000007ef700000, 0x00000007ef700000|100%| E|CS|TAMS 0x00000007ef600000, 0x00000007ef600000| Complete 
| 247|0x00000007ef700000, 0x00000007ef800000, 0x00000007ef800000|100%| E|CS|TAMS 0x00000007ef700000, 0x00000007ef700000| Complete 
| 248|0x00000007ef800000, 0x00000007ef900000, 0x00000007ef900000|100%| E|CS|TAMS 0x00000007ef800000, 0x00000007ef800000| Complete 
| 249|0x00000007ef900000, 0x00000007efa00000, 0x00000007efa00000|100%| E|CS|TAMS 0x00000007ef900000, 0x00000007ef900000| Complete 
| 250|0x00000007efa00000, 0x00000007efb00000, 0x00000007efb00000|100%| E|CS|TAMS 0x00000007efa00000, 0x00000007efa00000| Complete 
| 251|0x00000007efb00000, 0x00000007efc00000, 0x00000007efc00000|100%| E|CS|TAMS 0x00000007efb00000, 0x00000007efb00000| Complete 
| 252|0x00000007efc00000, 0x00000007efd00000, 0x00000007efd00000|100%| E|CS|TAMS 0x00000007efc00000, 0x00000007efc00000| Complete 
| 255|0x00000007eff00000, 0x00000007f0000000, 0x00000007f0000000|100%| E|CS|TAMS 0x00000007eff00000, 0x00000007eff00000| Complete 
| 510|0x00000007ffe00000, 0x00000007ffe76000, 0x00000007fff00000| 46%|OA|  |TAMS 0x00000007ffe76000, 0x00000007ffe00000| Untracked 
| 511|0x00000007fff00000, 0x00000007fff74000, 0x0000000800000000| 45%|CA|  |TAMS 0x00000007fff74000, 0x00000007fff00000| Untracked 

Card table byte_map: [0x000000011032a000,0x000000011042a000] _byte_map_base: 0x000000010c42a000

Marking Bits (Prev, Next): (CMBitMap*) 0x00007fd8aa019410, (CMBitMap*) 0x00007fd8aa019450
 Prev Bits: [0x00000001289ce000, 0x00000001291ce000)
 Next Bits: [0x00000001291ce000, 0x00000001299ce000)

Polling page: 0x000000010f7b6000

Metaspace:

Usage:
  Non-class:     50.77 MB used.
      Class:      8.19 MB used.
       Both:     58.96 MB used.

Virtual space:
  Non-class space:       64.00 MB reserved,      51.06 MB ( 80%) committed,  1 nodes.
      Class space:      320.00 MB reserved,       8.44 MB (  3%) committed,  1 nodes.
             Both:      384.00 MB reserved,      59.50 MB ( 15%) committed. 

Chunk freelists:
   Non-Class:  12.02 MB
       Class:  7.41 MB
        Both:  19.42 MB

MaxMetaspaceSize: 384.00 MB
CompressedClassSpaceSize: 320.00 MB
Initial GC threshold: 21.00 MB
Current GC threshold: 60.00 MB
CDS: on
MetaspaceReclaimPolicy: balanced
 - commit_granule_bytes: 65536.
 - commit_granule_words: 8192.
 - virtual_space_node_default_size: 8388608.
 - enlarge_chunks_in_place: 1.
 - new_chunks_are_fully_committed: 0.
 - uncommit_free_chunks: 1.
 - use_allocation_guard: 0.
 - handle_deallocations: 1.


Internal statistics:

num_allocs_failed_limit: 12.
num_arena_births: 734.
num_arena_deaths: 0.
num_vsnodes_births: 2.
num_vsnodes_deaths: 0.
num_space_committed: 952.
num_space_uncommitted: 0.
num_chunks_returned_to_freelist: 12.
num_chunks_taken_from_freelist: 3073.
num_chunk_merges: 12.
num_chunk_splits: 2101.
num_chunks_enlarged: 1490.
num_inconsistent_stats: 0.

CodeHeap 'non-profiled nmethods': size=120032Kb used=2389Kb max_used=2389Kb free=117642Kb
 bounds [0x0000000121496000, 0x0000000121706000, 0x00000001289ce000]
CodeHeap 'profiled nmethods': size=120028Kb used=12011Kb max_used=12011Kb free=108016Kb
 bounds [0x00000001199ce000, 0x000000011a58e000, 0x0000000120f05000]
CodeHeap 'non-nmethods': size=5700Kb used=2347Kb max_used=2388Kb free=3352Kb
 bounds [0x0000000120f05000, 0x0000000121175000, 0x0000000121496000]
 total_blobs=7256 nmethods=6383 adapters=786
 compilation: enabled
              stopped_count=0, restarted_count=0
 full_count=0

Compilation events (20 events):
Event: 56.384 Thread 0x00007fd8aa808e00 6352       2       com.google.common.collect.LinkedHashMultimap::get (6 bytes)
Event: 56.385 Thread 0x00007fd8aa808e00 nmethod 6352 0x000000011a56af10 code [0x000000011a56b0e0, 0x000000011a56b320]
Event: 56.385 Thread 0x00007fd8aa808e00 6353       2       com.google.common.collect.AbstractSetMultimap::wrapCollection (14 bytes)
Event: 56.385 Thread 0x00007fd8aa808e00 nmethod 6353 0x000000011a56b490 code [0x000000011a56b640, 0x000000011a56b840]
Event: 56.386 Thread 0x00007fd8aa808e00 6354       3       org.objectweb.asm.Type::appendDescriptor (185 bytes)
Event: 56.387 Thread 0x00007fd8aa808e00 nmethod 6354 0x000000011a56b910 code [0x000000011a56bbe0, 0x000000011a56c7f0]
Event: 56.394 Thread 0x00007fd8aa808e00 6355       2       org.gradle.internal.service.InjectUtil::isPublicOrPackageScoped (26 bytes)
Event: 56.394 Thread 0x00007fd8aa808e00 nmethod 6355 0x000000011a56cc10 code [0x000000011a56cda0, 0x000000011a56cf50]
Event: 56.401 Thread 0x00007fd8aa808e00 6356       2       org.gradle.internal.service.DefaultServiceRegistry$RegistrationWrapper::getDeclaredType (8 bytes)
Event: 56.401 Thread 0x00007fd8aa808e00 nmethod 6356 0x000000011a56d010 code [0x000000011a56d1a0, 0x000000011a56d2b0]
Event: 56.401 Thread 0x00007fd8aa808e00 6357   !   2       jdk.proxy1.$Proxy5::annotationType (29 bytes)
Event: 56.402 Thread 0x00007fd8aa808e00 nmethod 6357 0x000000011a56d390 code [0x000000011a56d560, 0x000000011a56d7f0]
Event: 56.406 Thread 0x00007fd8aa808e00 6358       2       jdk.proxy1.$Proxy5::<init> (6 bytes)
Event: 56.407 Thread 0x00007fd8aa808e00 nmethod 6358 0x000000011a56d990 code [0x000000011a56db40, 0x000000011a56dd60]
Event: 56.450 Thread 0x00007fd8aa808800 nmethod 5958 0x00000001216deb90 code [0x00000001216dee40, 0x00000001216e1310]
Event: 56.451 Thread 0x00007fd8aa808800 5877       4       com.sun.tools.javac.util.SharedNameTable::fromUtf (174 bytes)
Event: 56.453 Thread 0x00007fd8aa808e00 6359       2       org.gradle.internal.service.DefaultServiceRegistry::find (28 bytes)
Event: 56.453 Thread 0x00007fd8aa808e00 nmethod 6359 0x000000011a56de90 code [0x000000011a56e060, 0x000000011a56e220]
Event: 56.453 Thread 0x00007fd8aa808e00 6360       2       org.gradle.internal.service.DefaultServiceRegistry::getService (13 bytes)
Event: 56.453 Thread 0x00007fd8aa808e00 nmethod 6360 0x000000011a56e390 code [0x000000011a56e540, 0x000000011a56e690]

GC Heap History (16 events):
Event: 0.806 GC heap before
{Heap before GC invocations=0 (full 0):
 garbage-first heap   total 264192K, used 13224K [0x00000007e0000000, 0x0000000800000000)
  region size 1024K, 13 young (13312K), 0 survivors (0K)
 Metaspace       used 1050K, committed 1152K, reserved 393216K
  class space    used 86K, committed 128K, reserved 327680K
}
Event: 0.810 GC heap after
{Heap after GC invocations=1 (full 0):
 garbage-first heap   total 264192K, used 3479K [0x00000007e0000000, 0x0000000800000000)
  region size 1024K, 2 young (2048K), 2 survivors (2048K)
 Metaspace       used 1050K, committed 1152K, reserved 393216K
  class space    used 86K, committed 128K, reserved 327680K
}
Event: 1.912 GC heap before
{Heap before GC invocations=1 (full 0):
 garbage-first heap   total 264192K, used 28055K [0x00000007e0000000, 0x0000000800000000)
  region size 1024K, 23 young (23552K), 2 survivors (2048K)
 Metaspace       used 4062K, committed 4288K, reserved 393216K
  class space    used 525K, committed 640K, reserved 327680K
}
Event: 1.920 GC heap after
{Heap after GC invocations=2 (full 0):
 garbage-first heap   total 264192K, used 12044K [0x00000007e0000000, 0x0000000800000000)
  region size 1024K, 3 young (3072K), 3 survivors (3072K)
 Metaspace       used 4062K, committed 4288K, reserved 393216K
  class space    used 525K, committed 640K, reserved 327680K
}
Event: 39.135 GC heap before
{Heap before GC invocations=2 (full 0):
 garbage-first heap   total 264192K, used 38668K [0x00000007e0000000, 0x0000000800000000)
  region size 1024K, 28 young (28672K), 3 survivors (3072K)
 Metaspace       used 4465K, committed 4672K, reserved 393216K
  class space    used 593K, committed 704K, reserved 327680K
}
Event: 39.151 GC heap after
{Heap after GC invocations=3 (full 0):
 garbage-first heap   total 264192K, used 17320K [0x00000007e0000000, 0x0000000800000000)
  region size 1024K, 4 young (4096K), 4 survivors (4096K)
 Metaspace       used 4465K, committed 4672K, reserved 393216K
  class space    used 593K, committed 704K, reserved 327680K
}
Event: 42.906 GC heap before
{Heap before GC invocations=3 (full 0):
 garbage-first heap   total 264192K, used 116648K [0x00000007e0000000, 0x0000000800000000)
  region size 1024K, 102 young (104448K), 4 survivors (4096K)
 Metaspace       used 21197K, committed 21504K, reserved 393216K
  class space    used 3170K, committed 3328K, reserved 327680K
}
Event: 42.926 GC heap after
{Heap after GC invocations=4 (full 0):
 garbage-first heap   total 264192K, used 23757K [0x00000007e0000000, 0x0000000800000000)
  region size 1024K, 11 young (11264K), 11 survivors (11264K)
 Metaspace       used 21197K, committed 21504K, reserved 393216K
  class space    used 3170K, committed 3328K, reserved 327680K
}
Event: 46.701 GC heap before
{Heap before GC invocations=5 (full 0):
 garbage-first heap   total 262144K, used 144589K [0x00000007e0000000, 0x0000000800000000)
  region size 1024K, 126 young (129024K), 11 survivors (11264K)
 Metaspace       used 35598K, committed 35968K, reserved 393216K
  class space    used 5062K, committed 5248K, reserved 327680K
}
Event: 46.735 GC heap after
{Heap after GC invocations=6 (full 0):
 garbage-first heap   total 262144K, used 35181K [0x00000007e0000000, 0x0000000800000000)
  region size 1024K, 16 young (16384K), 16 survivors (16384K)
 Metaspace       used 35598K, committed 35968K, reserved 393216K
  class space    used 5062K, committed 5248K, reserved 327680K
}
Event: 46.740 GC heap before
{Heap before GC invocations=6 (full 0):
 garbage-first heap   total 262144K, used 35181K [0x00000007e0000000, 0x0000000800000000)
  region size 1024K, 17 young (17408K), 16 survivors (16384K)
 Metaspace       used 35922K, committed 36288K, reserved 393216K
  class space    used 5062K, committed 5248K, reserved 327680K
}
Event: 46.771 GC heap after
{Heap after GC invocations=7 (full 0):
 garbage-first heap   total 262144K, used 34514K [0x00000007e0000000, 0x0000000800000000)
  region size 1024K, 1 young (1024K), 1 survivors (1024K)
 Metaspace       used 35922K, committed 36288K, reserved 393216K
  class space    used 5062K, committed 5248K, reserved 327680K
}
Event: 46.863 GC heap before
{Heap before GC invocations=7 (full 0):
 garbage-first heap   total 262144K, used 36562K [0x00000007e0000000, 0x0000000800000000)
  region size 1024K, 4 young (4096K), 1 survivors (1024K)
 Metaspace       used 36208K, committed 36608K, reserved 393216K
  class space    used 5080K, committed 5312K, reserved 327680K
}
Event: 46.865 GC heap after
{Heap after GC invocations=8 (full 0):
 garbage-first heap   total 262144K, used 32579K [0x00000007e0000000, 0x0000000800000000)
  region size 1024K, 1 young (1024K), 1 survivors (1024K)
 Metaspace       used 36208K, committed 36608K, reserved 393216K
  class space    used 5080K, committed 5312K, reserved 327680K
}
Event: 55.241 GC heap before
{Heap before GC invocations=9 (full 0):
 garbage-first heap   total 262144K, used 185155K [0x00000007e0000000, 0x0000000800000000)
  region size 1024K, 149 young (152576K), 1 survivors (1024K)
 Metaspace       used 58170K, committed 58752K, reserved 393216K
  class space    used 8098K, committed 8384K, reserved 327680K
}
Event: 55.265 GC heap after
{Heap after GC invocations=10 (full 0):
 garbage-first heap   total 262144K, used 41555K [0x00000007e0000000, 0x0000000800000000)
  region size 1024K, 10 young (10240K), 10 survivors (10240K)
 Metaspace       used 58170K, committed 58752K, reserved 393216K
  class space    used 8098K, committed 8384K, reserved 327680K
}

Dll operation events (13 events):
Event: 0.012 Loaded shared library /Library/Java/JavaVirtualMachines/zulu-17.jdk/Contents/Home/lib/libjava.dylib
Event: 0.238 Loaded shared library /Library/Java/JavaVirtualMachines/zulu-17.jdk/Contents/Home/lib/libzip.dylib
Event: 0.242 Loaded shared library /Library/Java/JavaVirtualMachines/zulu-17.jdk/Contents/Home/lib/libinstrument.dylib
Event: 0.247 Loaded shared library /Library/Java/JavaVirtualMachines/zulu-17.jdk/Contents/Home/lib/libnio.dylib
Event: 0.257 Loaded shared library /Library/Java/JavaVirtualMachines/zulu-17.jdk/Contents/Home/lib/libzip.dylib
Event: 0.557 Loaded shared library /Library/Java/JavaVirtualMachines/zulu-17.jdk/Contents/Home/lib/libjimage.dylib
Event: 0.997 Loaded shared library /Library/Java/JavaVirtualMachines/zulu-17.jdk/Contents/Home/lib/libverify.dylib
Event: 1.273 Loaded shared library /Library/Java/JavaVirtualMachines/zulu-17.jdk/Contents/Home/lib/libnet.dylib
Event: 1.292 Loaded shared library /Users/Shoaib/.gradle/native/c067742578af261105cb4f569cf0c3c89f3d7b1fecec35dd04571415982c5e48/osx-amd64/libnative-platform.dylib
Event: 1.318 Loaded shared library /Users/Shoaib/.gradle/native/100fb08df4bc3b14c8652ba06237920a3bd2aa13389f12d3474272988ae205f9/osx-amd64/libnative-platform-file-events.dylib
Event: 39.528 Loaded shared library /Library/Java/JavaVirtualMachines/zulu-17.jdk/Contents/Home/lib/libmanagement.dylib
Event: 39.534 Loaded shared library /Library/Java/JavaVirtualMachines/zulu-17.jdk/Contents/Home/lib/libmanagement_ext.dylib
Event: 39.805 Loaded shared library /Library/Java/JavaVirtualMachines/zulu-17.jdk/Contents/Home/lib/libextnet.dylib

Deoptimization events (20 events):
Event: 55.608 Thread 0x00007fd8abb9f200 DEOPT PACKING pc=0x00000001216bf0a0 sp=0x000070000d3a57b0
Event: 55.608 Thread 0x00007fd8abb9f200 DEOPT UNPACKING pc=0x0000000120f5b699 sp=0x000070000d3a5780 mode 2
Event: 55.616 Thread 0x00007fd8a9b9da00 DEOPT PACKING pc=0x000000011a3f9ada sp=0x000070000d9b11b0
Event: 55.616 Thread 0x00007fd8a9b9da00 DEOPT UNPACKING pc=0x0000000120f5be2f sp=0x000070000d9b0690 mode 0
Event: 55.896 Thread 0x00007fd8a9b9da00 Uncommon trap: trap_request=0xffffffc6 fr.pc=0x000000012169e2f8 relative=0x00000000000003f8
Event: 55.896 Thread 0x00007fd8a9b9da00 Uncommon trap: reason=bimorphic_or_optimized_type_check action=maybe_recompile pc=0x000000012169e2f8 method=java.util.HashMap.putVal(ILjava/lang/Object;Ljava/lang/Object;ZZ)Ljava/lang/Object; @ 253 c2
Event: 55.896 Thread 0x00007fd8a9b9da00 DEOPT PACKING pc=0x000000012169e2f8 sp=0x000070000d9b1bd0
Event: 55.896 Thread 0x00007fd8a9b9da00 DEOPT UNPACKING pc=0x0000000120f5b699 sp=0x000070000d9b1af8 mode 2
Event: 55.905 Thread 0x00007fd8a9b9da00 Uncommon trap: trap_request=0xffffffc6 fr.pc=0x000000012169e2f8 relative=0x00000000000003f8
Event: 55.905 Thread 0x00007fd8a9b9da00 Uncommon trap: reason=bimorphic_or_optimized_type_check action=maybe_recompile pc=0x000000012169e2f8 method=java.util.HashMap.putVal(ILjava/lang/Object;Ljava/lang/Object;ZZ)Ljava/lang/Object; @ 253 c2
Event: 55.905 Thread 0x00007fd8a9b9da00 DEOPT PACKING pc=0x000000012169e2f8 sp=0x000070000d9b1bb0
Event: 55.905 Thread 0x00007fd8a9b9da00 DEOPT UNPACKING pc=0x0000000120f5b699 sp=0x000070000d9b1ad8 mode 2
Event: 55.935 Thread 0x00007fd8a9b9da00 DEOPT PACKING pc=0x0000000119edf689 sp=0x000070000d9b1510
Event: 55.935 Thread 0x00007fd8a9b9da00 DEOPT UNPACKING pc=0x0000000120f5be2f sp=0x000070000d9b0a28 mode 0
Event: 55.949 Thread 0x00007fd8a9b9da00 DEOPT PACKING pc=0x0000000119c28534 sp=0x000070000d9b1930
Event: 55.949 Thread 0x00007fd8a9b9da00 DEOPT UNPACKING pc=0x0000000120f5be2f sp=0x000070000d9b0df0 mode 0
Event: 56.070 Thread 0x00007fd8a9b9da00 DEOPT PACKING pc=0x000000011a4923c4 sp=0x000070000d9affb0
Event: 56.070 Thread 0x00007fd8a9b9da00 DEOPT UNPACKING pc=0x0000000120f5be2f sp=0x000070000d9af390 mode 0
Event: 56.187 Thread 0x00007fd8a9b9da00 DEOPT PACKING pc=0x0000000119c28534 sp=0x000070000d9b1470
Event: 56.187 Thread 0x00007fd8a9b9da00 DEOPT UNPACKING pc=0x0000000120f5be2f sp=0x000070000d9b0930 mode 0

Classes unloaded (0 events):
No events

Classes redefined (0 events):
No events

Internal exceptions (20 events):
Event: 51.756 Thread 0x00007fd8a9b9da00 Implicit null exception at 0x00000001214be9d4 to 0x00000001214bef84
Event: 52.041 Thread 0x00007fd8a9b9da00 Implicit null exception at 0x00000001214ad154 to 0x00000001214ad6e8
Event: 52.943 Thread 0x00007fd8a9b9da00 Exception <a 'java/lang/ClassNotFoundException'{0x00000007e869fc08}: sun/misc/SharedSecrets> (0x00000007e869fc08) 
thrown [src/hotspot/share/classfile/systemDictionary.cpp, line 259]
Event: 53.010 Thread 0x00007fd8a98dd000 Exception <a 'java/lang/NoSuchMethodError'{0x00000007e8486dc8}: static Lorg/gradle/internal/build/event/types/DefaultBuildPhaseDescriptor;.<clinit>()V> (0x00000007e8486dc8) 
thrown [src/hotspot/share/prims/jni.cpp, line 1107]
Event: 54.069 Thread 0x00007fd8a9b9da00 Exception <a 'java/lang/NoSuchMethodError'{0x00000007e7bf2090}: 'void java.lang.invoke.DirectMethodHandle$Holder.invokeStatic(java.lang.Object, java.lang.Object, java.lang.Object, java.lang.Object, java.lang.Object, java.lang.Object, java.lang.Object)'> (0x00000007e7bf2090) 
thrown [src/hotspot/share/interpreter/linkResolver.cpp, line 759]
Event: 54.132 Thread 0x00007fd8a9b9da00 Exception <a 'java/lang/IncompatibleClassChangeError'{0x00000007e791d700}: Found class java.lang.Object, but interface was expected> (0x00000007e791d700) 
thrown [src/hotspot/share/interpreter/linkResolver.cpp, line 826]
Event: 54.138 Thread 0x00007fd8a9b9da00 Exception <a 'java/lang/NoSuchMethodError'{0x00000007e79644b0}: 'void java.lang.invoke.DirectMethodHandle$Holder.invokeStatic(java.lang.Object, java.lang.Object, java.lang.Object, java.lang.Object, java.lang.Object, java.lang.Object)'> (0x00000007e79644b0) 
thrown [src/hotspot/share/interpreter/linkResolver.cpp, line 759]
Event: 54.357 Thread 0x00007fd8a9b9da00 Exception <a 'java/lang/NoSuchMethodError'{0x00000007e7697648}: 'java.lang.Object java.lang.invoke.DirectMethodHandle$Holder.newInvokeSpecial(java.lang.Object, java.lang.Object, java.lang.Object, int, int)'> (0x00000007e7697648) 
thrown [src/hotspot/share/interpreter/linkResolver.cpp, line 759]
Event: 54.361 Thread 0x00007fd8a9b9da00 Exception <a 'java/lang/NoSuchMethodError'{0x00000007e76d23f0}: 'java.lang.Object java.lang.invoke.Invokers$Holder.linkToTargetMethod(java.lang.Object, java.lang.Object, java.lang.Object, int, int, java.lang.Object, java.lang.Object)'> (0x00000007e76d23f0) 
thrown [src/hotspot/share/interpreter/linkResolver.cpp, line 759]
Event: 54.420 Thread 0x00007fd8a9b9da00 Exception <a 'java/lang/NoSuchMethodError'{0x00000007e75b1480}: 'java.lang.Object java.lang.invoke.DirectMethodHandle$Holder.newInvokeSpecial(java.lang.Object, java.lang.Object, java.lang.Object, java.lang.Object, int, int)'> (0x00000007e75b1480) 
thrown [src/hotspot/share/interpreter/linkResolver.cpp, line 759]
Event: 54.422 Thread 0x00007fd8a9b9da00 Exception <a 'java/lang/NoSuchMethodError'{0x00000007e75b9c60}: 'java.lang.Object java.lang.invoke.Invokers$Holder.linkToTargetMethod(java.lang.Object, java.lang.Object, java.lang.Object, int, int, java.lang.Object)'> (0x00000007e75b9c60) 
thrown [src/hotspot/share/interpreter/linkResolver.cpp, line 759]
Event: 55.168 Thread 0x00007fd8a9b9da00 Implicit null exception at 0x00000001215fc2ac to 0x00000001215fc3e2
Event: 55.409 Thread 0x00007fd8a9b9da00 Exception <a 'java/lang/NoSuchMethodError'{0x00000007efadf850}: 'int java.lang.invoke.DirectMethodHandle$Holder.invokeSpecial(java.lang.Object, java.lang.Object, java.lang.Object, java.lang.Object, java.lang.Object)'> (0x00000007efadf850) 
thrown [src/hotspot/share/interpreter/linkResolver.cpp, line 759]
Event: 55.518 Thread 0x00007fd8a9b9da00 Exception <a 'java/lang/NoSuchMethodError'{0x00000007ef82b1a8}: 'java.lang.Object java.lang.invoke.DirectMethodHandle$Holder.invokeStatic(java.lang.Object, java.lang.Object, int, int)'> (0x00000007ef82b1a8) 
thrown [src/hotspot/share/interpreter/linkResolver.cpp, line 759]
Event: 55.523 Thread 0x00007fd8a9b9da00 Exception <a 'java/lang/NoSuchMethodError'{0x00000007ef833770}: 'java.lang.Object java.lang.invoke.DirectMethodHandle$Holder.invokeVirtual(java.lang.Object, java.lang.Object, java.lang.Object, int, int)'> (0x00000007ef833770) 
thrown [src/hotspot/share/interpreter/linkResolver.cpp, line 759]
Event: 55.865 Thread 0x00007fd8a9b9da00 Exception <a 'java/lang/NoSuchMethodError'{0x00000007eee79448}: 'void java.lang.invoke.DirectMethodHandle$Holder.invokeVirtual(java.lang.Object, java.lang.Object)'> (0x00000007eee79448) 
thrown [src/hotspot/share/interpreter/linkResolver.cpp, line 759]
Event: 55.929 Thread 0x00007fd8a9b9da00 Exception <a 'sun/nio/fs/UnixException'{0x00000007eed32ef0}> (0x00000007eed32ef0) 
thrown [src/hotspot/share/prims/jni.cpp, line 516]
Event: 55.929 Thread 0x00007fd8a9b9da00 Exception <a 'sun/nio/fs/UnixException'{0x00000007eed34460}> (0x00000007eed34460) 
thrown [src/hotspot/share/prims/jni.cpp, line 516]
Event: 55.930 Thread 0x00007fd8a9b9da00 Exception <a 'sun/nio/fs/UnixException'{0x00000007eed359c0}> (0x00000007eed359c0) 
thrown [src/hotspot/share/prims/jni.cpp, line 516]
Event: 55.930 Thread 0x00007fd8a9b9da00 Exception <a 'sun/nio/fs/UnixException'{0x00000007eed36f08}> (0x00000007eed36f08) 
thrown [src/hotspot/share/prims/jni.cpp, line 516]

VM Operations (20 events):
Event: 54.083 Executing VM operation: Cleanup
Event: 54.083 Executing VM operation: Cleanup done
Event: 54.342 Executing VM operation: HandshakeAllThreads
Event: 54.343 Executing VM operation: HandshakeAllThreads done
Event: 54.403 Executing VM operation: HandshakeAllThreads
Event: 54.403 Executing VM operation: HandshakeAllThreads done
Event: 55.013 Executing VM operation: HandshakeAllThreads
Event: 55.013 Executing VM operation: HandshakeAllThreads done
Event: 55.241 Executing VM operation: G1CollectForAllocation
Event: 55.267 Executing VM operation: G1CollectForAllocation done
Event: 55.830 Executing VM operation: ICBufferFull
Event: 55.830 Executing VM operation: ICBufferFull done
Event: 55.924 Executing VM operation: HandshakeAllThreads
Event: 55.924 Executing VM operation: HandshakeAllThreads done
Event: 56.048 Executing VM operation: ICBufferFull
Event: 56.048 Executing VM operation: ICBufferFull done
Event: 56.070 Executing VM operation: HandshakeAllThreads
Event: 56.070 Executing VM operation: HandshakeAllThreads done
Event: 56.373 Executing VM operation: ICBufferFull
Event: 56.383 Executing VM operation: ICBufferFull done

Events (20 events):
Event: 55.463 loading class java/nio/file/FileTreeWalker$1
Event: 55.463 loading class java/nio/file/FileTreeWalker$1 done
Event: 55.924 loading class java/util/function/ToIntBiFunction
Event: 55.924 loading class java/util/function/ToIntBiFunction done
Event: 55.930 loading class java/nio/file/Path$1
Event: 55.930 loading class java/nio/file/Path$1 done
Event: 56.172 loading class java/util/EnumMap$Values
Event: 56.173 loading class java/util/EnumMap$Values done
Event: 56.173 loading class java/util/EnumMap$ValueIterator
Event: 56.173 loading class java/util/EnumMap$EnumMapIterator
Event: 56.173 loading class java/util/EnumMap$EnumMapIterator done
Event: 56.174 loading class java/util/EnumMap$ValueIterator done
Event: 56.320 loading class java/nio/file/StandardCopyOption
Event: 56.320 loading class java/nio/file/StandardCopyOption done
Event: 56.320 loading class sun/nio/fs/UnixCopyFile
Event: 56.320 loading class sun/nio/fs/UnixCopyFile done
Event: 56.321 loading class sun/nio/fs/UnixCopyFile$Flags
Event: 56.321 loading class sun/nio/fs/UnixCopyFile$Flags done
Event: 56.414 loading class java/nio/file/AtomicMoveNotSupportedException
Event: 56.414 loading class java/nio/file/AtomicMoveNotSupportedException done


Dynamic libraries:
0x00007fff72faf000 	/usr/lib/libz.1.dylib
0x000000010f780000 	/Library/Java/JavaVirtualMachines/zulu-17.jdk/Contents/Home/lib/libjli.dylib
0x00007fff39a76000 	/System/Library/Frameworks/Cocoa.framework/Versions/A/Cocoa
0x00007fff4708b000 	/System/Library/Frameworks/Security.framework/Versions/A/Security
0x00007fff389dc000 	/System/Library/Frameworks/ApplicationServices.framework/Versions/A/ApplicationServices
0x00007fff709e3000 	/usr/lib/libSystem.B.dylib
0x00007fff73870000 	/usr/lib/system/libcache.dylib
0x00007fff73876000 	/usr/lib/system/libcommonCrypto.dylib
0x00007fff73882000 	/usr/lib/system/libcompiler_rt.dylib
0x00007fff7388a000 	/usr/lib/system/libcopyfile.dylib
0x00007fff73894000 	/usr/lib/system/libcorecrypto.dylib
0x00007fff73a33000 	/usr/lib/system/libdispatch.dylib
0x00007fff73a74000 	/usr/lib/system/libdyld.dylib
0x00007fff73aab000 	/usr/lib/system/libkeymgr.dylib
0x00007fff73ab9000 	/usr/lib/system/liblaunch.dylib
0x00007fff73aba000 	/usr/lib/system/libmacho.dylib
0x00007fff73ac0000 	/usr/lib/system/libquarantine.dylib
0x00007fff73ac3000 	/usr/lib/system/libremovefile.dylib
0x00007fff73ac5000 	/usr/lib/system/libsystem_asl.dylib
0x00007fff73add000 	/usr/lib/system/libsystem_blocks.dylib
0x00007fff73ade000 	/usr/lib/system/libsystem_c.dylib
0x00007fff73b66000 	/usr/lib/system/libsystem_configuration.dylib
0x00007fff73b6a000 	/usr/lib/system/libsystem_coreservices.dylib
0x00007fff73b6e000 	/usr/lib/system/libsystem_darwin.dylib
0x00007fff73b77000 	/usr/lib/system/libsystem_dnssd.dylib
0x00007fff73b7f000 	/usr/lib/system/libsystem_featureflags.dylib
0x00007fff73b81000 	/usr/lib/system/libsystem_info.dylib
0x00007fff73bfc000 	/usr/lib/system/libsystem_m.dylib
0x00007fff73c48000 	/usr/lib/system/libsystem_malloc.dylib
0x00007fff73c70000 	/usr/lib/system/libsystem_networkextension.dylib
0x00007fff73c7e000 	/usr/lib/system/libsystem_notify.dylib
0x00007fff73c9c000 	/usr/lib/system/libsystem_sandbox.dylib
0x00007fff73ca1000 	/usr/lib/system/libsystem_secinit.dylib
0x00007fff73bcf000 	/usr/lib/system/libsystem_kernel.dylib
0x00007fff73c88000 	/usr/lib/system/libsystem_platform.dylib
0x00007fff73c91000 	/usr/lib/system/libsystem_pthread.dylib
0x00007fff73ca4000 	/usr/lib/system/libsystem_symptoms.dylib
0x00007fff73cac000 	/usr/lib/system/libsystem_trace.dylib
0x00007fff73cc4000 	/usr/lib/system/libunwind.dylib
0x00007fff73cca000 	/usr/lib/system/libxpc.dylib
0x00007fff728dc000 	/usr/lib/libobjc.A.dylib
0x00007fff70db2000 	/usr/lib/libc++abi.dylib
0x00007fff70d5f000 	/usr/lib/libc++.1.dylib
0x00007fff3a8d7000 	/System/Library/Frameworks/CoreFoundation.framework/Versions/A/CoreFoundation
0x00007fff3cfbc000 	/System/Library/Frameworks/Foundation.framework/Versions/C/Foundation
0x00007fff37bce000 	/System/Library/Frameworks/AppKit.framework/Versions/C/AppKit
0x00007fff3a3a8000 	/System/Library/Frameworks/CoreData.framework/Versions/A/CoreData
0x00007fff6ad8e000 	/System/Library/PrivateFrameworks/UIFoundation.framework/Versions/A/UIFoundation
0x00007fff665a4000 	/System/Library/PrivateFrameworks/RemoteViewServices.framework/Versions/A/RemoteViewServices
0x00007fff6d553000 	/System/Library/PrivateFrameworks/XCTTargetBootstrap.framework/Versions/A/XCTTargetBootstrap
0x00007fff3a7a4000 	/System/Library/Frameworks/CoreDisplay.framework/Versions/A/CoreDisplay
0x00007fff3fe7b000 	/System/Library/Frameworks/Metal.framework/Versions/A/Metal
0x00007fff5473c000 	/System/Library/PrivateFrameworks/DesktopServicesPriv.framework/Versions/A/DesktopServicesPriv
0x00007fff71bb7000 	/usr/lib/liblangid.dylib
0x00007fff539d1000 	/System/Library/PrivateFrameworks/CoreSVG.framework/Versions/A/CoreSVG
0x00007fff68f7e000 	/System/Library/PrivateFrameworks/SkyLight.framework/Versions/A/SkyLight
0x00007fff3ad59000 	/System/Library/Frameworks/CoreGraphics.framework/Versions/A/CoreGraphics
0x00007fff3653d000 	/System/Library/Frameworks/Accelerate.framework/Versions/A/Accelerate
0x00007fff72ea0000 	/usr/lib/libxml2.2.dylib
0x00007fff5f6c8000 	/System/Library/PrivateFrameworks/IconServices.framework/Versions/A/IconServices
0x00007fff3d79b000 	/System/Library/Frameworks/IOSurface.framework/Versions/A/IOSurface
0x00007fff7050d000 	/usr/lib/libDiagnosticMessagesClient.dylib
0x00007fff54596000 	/System/Library/PrivateFrameworks/DFRFoundation.framework/Versions/A/DFRFoundation
0x00007fff71946000 	/usr/lib/libicucore.A.dylib
0x00007fff38d0e000 	/System/Library/Frameworks/AudioToolbox.framework/Versions/A/AudioToolbox
0x00007fff38df1000 	/System/Library/Frameworks/AudioUnit.framework/Versions/A/AudioUnit
0x00007fff70c7b000 	/usr/lib/libauto.dylib
0x00007fff54638000 	/System/Library/PrivateFrameworks/DataDetectorsCore.framework/Versions/A/DataDetectorsCore
0x00007fff39597000 	/System/Library/Frameworks/Carbon.framework/Versions/A/Frameworks/HIToolbox.framework/Versions/A/HIToolbox
0x00007fff46284000 	/System/Library/Frameworks/QuartzCore.framework/Versions/A/QuartzCore
0x00007fff398d6000 	/System/Library/Frameworks/Carbon.framework/Versions/A/Frameworks/SpeechRecognition.framework/Versions/A/SpeechRecognition
0x00007fff540aa000 	/System/Library/PrivateFrameworks/CoreUI.framework/Versions/A/CoreUI
0x00007fff39e65000 	/System/Library/Frameworks/CoreAudio.framework/Versions/A/CoreAudio
0x00007fff3cc7a000 	/System/Library/Frameworks/DiskArbitration.framework/Versions/A/DiskArbitration
0x00007fff6157d000 	/System/Library/PrivateFrameworks/MultitouchSupport.framework/Versions/A/MultitouchSupport
0x00007fff7180b000 	/usr/lib/libenergytrace.dylib
0x00007fff3d6f5000 	/System/Library/Frameworks/IOKit.framework/Versions/A/IOKit
0x00007fff3bce4000 	/System/Library/Frameworks/CoreServices.framework/Versions/A/CoreServices
0x00007fff63737000 	/System/Library/PrivateFrameworks/PerformanceAnalysis.framework/Versions/A/PerformanceAnalysis
0x00007fff452b7000 	/System/Library/Frameworks/OpenGL.framework/Versions/A/OpenGL
0x00007fff39a84000 	/System/Library/Frameworks/ColorSync.framework/Versions/A/ColorSync
0x00007fff3b3ff000 	/System/Library/Frameworks/CoreImage.framework/Versions/A/CoreImage
0x00007fff3c758000 	/System/Library/Frameworks/CoreText.framework/Versions/A/CoreText
0x00007fff3d82b000 	/System/Library/Frameworks/ImageIO.framework/Versions/A/ImageIO
0x00007fff70ddb000 	/usr/lib/libcompression.dylib
0x00007fff70851000 	/usr/lib/libMobileGestalt.dylib
0x00007fff6aaf8000 	/System/Library/PrivateFrameworks/TextureIO.framework/Versions/A/TextureIO
0x00007fff70b48000 	/usr/lib/libate.dylib
0x00007fff5f8d1000 	/System/Library/PrivateFrameworks/InternationalSupport.framework/Versions/A/InternationalSupport
0x00007fff71bb9000 	/usr/lib/liblzma.5.dylib
0x00007fff71834000 	/usr/lib/libfakelink.dylib
0x00007fff70ad5000 	/usr/lib/libarchive.2.dylib
0x00007fff4813e000 	/System/Library/Frameworks/SystemConfiguration.framework/Versions/A/SystemConfiguration
0x00007fff70440000 	/usr/lib/libCRFSuite.dylib
0x00007fff39188000 	/System/Library/Frameworks/CFNetwork.framework/Versions/A/CFNetwork
0x00007fff70d41000 	/usr/lib/libbsm.0.dylib
0x00007fff73aac000 	/usr/lib/system/libkxld.dylib
0x00007fff4def8000 	/System/Library/PrivateFrameworks/AppleFSCompression.framework/Versions/A/AppleFSCompression
0x00007fff710cd000 	/usr/lib/libcoretls.dylib
0x00007fff710e4000 	/usr/lib/libcoretls_cfhelpers.dylib
0x00007fff72921000 	/usr/lib/libpam.2.dylib
0x00007fff72a56000 	/usr/lib/libsqlite3.dylib
0x00007fff72e8d000 	/usr/lib/libxar.1.dylib
0x00007fff70d52000 	/usr/lib/libbz2.1.0.dylib
0x00007fff71855000 	/usr/lib/libiconv.2.dylib
0x00007fff70dc8000 	/usr/lib/libcharset.1.dylib
0x00007fff723bf000 	/usr/lib/libnetwork.dylib
0x00007fff72928000 	/usr/lib/libpcap.A.dylib
0x00007fff70a8a000 	/usr/lib/libapple_nghttp2.dylib
0x00007fff3c09b000 	/System/Library/Frameworks/CoreServices.framework/Versions/A/Frameworks/FSEvents.framework/Versions/A/FSEvents
0x00007fff3bd6b000 	/System/Library/Frameworks/CoreServices.framework/Versions/A/Frameworks/CarbonCore.framework/Versions/A/CarbonCore
0x00007fff3c2e0000 	/System/Library/Frameworks/CoreServices.framework/Versions/A/Frameworks/Metadata.framework/Versions/A/Metadata
0x00007fff3c379000 	/System/Library/Frameworks/CoreServices.framework/Versions/A/Frameworks/OSServices.framework/Versions/A/OSServices
0x00007fff3c3a7000 	/System/Library/Frameworks/CoreServices.framework/Versions/A/Frameworks/SearchKit.framework/Versions/A/SearchKit
0x00007fff3bce5000 	/System/Library/Frameworks/CoreServices.framework/Versions/A/Frameworks/AE.framework/Versions/A/AE
0x00007fff3c0a4000 	/System/Library/Frameworks/CoreServices.framework/Versions/A/Frameworks/LaunchServices.framework/Versions/A/LaunchServices
0x00007fff3c04d000 	/System/Library/Frameworks/CoreServices.framework/Versions/A/Frameworks/DictionaryServices.framework/Versions/A/DictionaryServices
0x00007fff3c40f000 	/System/Library/Frameworks/CoreServices.framework/Versions/A/Frameworks/SharedFileList.framework/Versions/A/SharedFileList
0x00007fff410d6000 	/System/Library/Frameworks/NetFS.framework/Versions/A/NetFS
0x00007fff61aad000 	/System/Library/PrivateFrameworks/NetAuth.framework/Versions/A/NetAuth
0x00007fff6d920000 	/System/Library/PrivateFrameworks/login.framework/Versions/A/Frameworks/loginsupport.framework/Versions/A/loginsupport
0x00007fff6a5c3000 	/System/Library/PrivateFrameworks/TCC.framework/Versions/A/TCC
0x00007fff52b2e000 	/System/Library/PrivateFrameworks/CoreNLP.framework/Versions/A/CoreNLP
0x00007fff61138000 	/System/Library/PrivateFrameworks/MetadataUtilities.framework/Versions/A/MetadataUtilities
0x00007fff71c91000 	/usr/lib/libmecabra.dylib
0x00007fff71be9000 	/usr/lib/libmecab.dylib
0x00007fff71845000 	/usr/lib/libgermantok.dylib
0x00007fff70a71000 	/usr/lib/libThaiTokenizer.dylib
0x00007fff70477000 	/usr/lib/libChineseTokenizer.dylib
0x00007fff36556000 	/System/Library/Frameworks/Accelerate.framework/Versions/A/Frameworks/vImage.framework/Versions/A/vImage
0x00007fff37a24000 	/System/Library/Frameworks/Accelerate.framework/Versions/A/Frameworks/vecLib.framework/Versions/A/vecLib
0x00007fff378a5000 	/System/Library/Frameworks/Accelerate.framework/Versions/A/Frameworks/vecLib.framework/Versions/A/libvMisc.dylib
0x00007fff37712000 	/System/Library/Frameworks/Accelerate.framework/Versions/A/Frameworks/vecLib.framework/Versions/A/libvDSP.dylib
0x00007fff36df2000 	/System/Library/Frameworks/Accelerate.framework/Versions/A/Frameworks/vecLib.framework/Versions/A/libBLAS.dylib
0x00007fff372ca000 	/System/Library/Frameworks/Accelerate.framework/Versions/A/Frameworks/vecLib.framework/Versions/A/libLAPACK.dylib
0x00007fff37672000 	/System/Library/Frameworks/Accelerate.framework/Versions/A/Frameworks/vecLib.framework/Versions/A/libLinearAlgebra.dylib
0x00007fff376ff000 	/System/Library/Frameworks/Accelerate.framework/Versions/A/Frameworks/vecLib.framework/Versions/A/libSparseBLAS.dylib
0x00007fff37688000 	/System/Library/Frameworks/Accelerate.framework/Versions/A/Frameworks/vecLib.framework/Versions/A/libQuadrature.dylib
0x00007fff36f88000 	/System/Library/Frameworks/Accelerate.framework/Versions/A/Frameworks/vecLib.framework/Versions/A/libBNNS.dylib
0x00007fff3768e000 	/System/Library/Frameworks/Accelerate.framework/Versions/A/Frameworks/vecLib.framework/Versions/A/libSparse.dylib
0x00007fff5fcac000 	/System/Library/PrivateFrameworks/LanguageModeling.framework/Versions/A/LanguageModeling
0x00007fff524dd000 	/System/Library/PrivateFrameworks/CoreEmoji.framework/Versions/A/CoreEmoji
0x00007fff5fdca000 	/System/Library/PrivateFrameworks/LinguisticData.framework/Versions/A/LinguisticData
0x00007fff5fd7b000 	/System/Library/PrivateFrameworks/Lexicon.framework/Versions/A/Lexicon
0x00007fff70dc9000 	/usr/lib/libcmph.dylib
0x00007fff43cc5000 	/System/Library/Frameworks/OpenDirectory.framework/Versions/A/Frameworks/CFOpenDirectory.framework/Versions/A/CFOpenDirectory
0x00007fff43ce2000 	/System/Library/Frameworks/OpenDirectory.framework/Versions/A/OpenDirectory
0x00007fff4c128000 	/System/Library/PrivateFrameworks/APFS.framework/Versions/A/APFS
0x00007fff473d7000 	/System/Library/Frameworks/SecurityFoundation.framework/Versions/A/SecurityFoundation
0x00007fff72e89000 	/usr/lib/libutil.dylib
0x00007fff53a29000 	/System/Library/PrivateFrameworks/CoreServicesStore.framework/Versions/A/CoreServicesStore
0x00007fff4748e000 	/System/Library/Frameworks/ServiceManagement.framework/Versions/A/ServiceManagement
0x00007fff4f6ca000 	/System/Library/PrivateFrameworks/BackgroundTaskManagement.framework/Versions/A/BackgroundTaskManagement
0x00007fff72f86000 	/usr/lib/libxslt.1.dylib
0x00007fff4e56c000 	/System/Library/PrivateFrameworks/AppleSystemInfo.framework/Versions/A/AppleSystemInfo
0x00007fff3da4a000 	/System/Library/Frameworks/ImageIO.framework/Versions/A/Resources/libJPEG.dylib
0x00007fff3dd09000 	/System/Library/Frameworks/ImageIO.framework/Versions/A/Resources/libTIFF.dylib
0x00007fff3dcec000 	/System/Library/Frameworks/ImageIO.framework/Versions/A/Resources/libPng.dylib
0x00007fff3d98c000 	/System/Library/Frameworks/ImageIO.framework/Versions/A/Resources/libGIF.dylib
0x00007fff3d990000 	/System/Library/Frameworks/ImageIO.framework/Versions/A/Resources/libJP2.dylib
0x00007fff3dd07000 	/System/Library/Frameworks/ImageIO.framework/Versions/A/Resources/libRadiance.dylib
0x00007fff7180c000 	/usr/lib/libexpat.1.dylib
0x00007fff4e053000 	/System/Library/PrivateFrameworks/AppleJPEG.framework/Versions/A/AppleJPEG
0x00007fff56d28000 	/System/Library/PrivateFrameworks/FontServices.framework/libFontParser.dylib
0x00007fff6ca72000 	/System/Library/PrivateFrameworks/WatchdogClient.framework/Versions/A/WatchdogClient
0x00007fff5f314000 	/System/Library/PrivateFrameworks/IOAccelerator.framework/Versions/A/IOAccelerator
0x00007fff40216000 	/System/Library/Frameworks/MetalPerformanceShaders.framework/Versions/A/MetalPerformanceShaders
0x00007fff5baa4000 	/System/Library/PrivateFrameworks/GPUWrangler.framework/Versions/A/GPUWrangler
0x00007fff5f329000 	/System/Library/PrivateFrameworks/IOPresentment.framework/Versions/A/IOPresentment
0x00007fff545a9000 	/System/Library/PrivateFrameworks/DSExternalDisplay.framework/Versions/A/DSExternalDisplay
0x00007fff44656000 	/System/Library/Frameworks/OpenGL.framework/Versions/A/Libraries/libCoreFSCache.dylib
0x00007fff3ff62000 	/System/Library/Frameworks/MetalPerformanceShaders.framework/Frameworks/MPSCore.framework/Versions/A/MPSCore
0x00007fff3ffa0000 	/System/Library/Frameworks/MetalPerformanceShaders.framework/Frameworks/MPSImage.framework/Versions/A/MPSImage
0x00007fff40067000 	/System/Library/Frameworks/MetalPerformanceShaders.framework/Frameworks/MPSNeuralNetwork.framework/Versions/A/MPSNeuralNetwork
0x00007fff4002b000 	/System/Library/Frameworks/MetalPerformanceShaders.framework/Frameworks/MPSMatrix.framework/Versions/A/MPSMatrix
0x00007fff401c6000 	/System/Library/Frameworks/MetalPerformanceShaders.framework/Frameworks/MPSRayIntersector.framework/Versions/A/MPSRayIntersector
0x00007fff40051000 	/System/Library/Frameworks/MetalPerformanceShaders.framework/Frameworks/MPSNDArray.framework/Versions/A/MPSNDArray
0x00007fff61185000 	/System/Library/PrivateFrameworks/MetalTools.framework/Versions/A/MetalTools
0x00007fff4d302000 	/System/Library/PrivateFrameworks/AggregateDictionary.framework/Versions/A/AggregateDictionary
0x00007fff51f24000 	/System/Library/PrivateFrameworks/CoreAnalytics.framework/Versions/A/CoreAnalytics
0x00007fff4e48a000 	/System/Library/PrivateFrameworks/AppleSauce.framework/Versions/A/AppleSauce
0x00007fff70733000 	/usr/lib/libIOReport.dylib
0x00007fff3c911000 	/System/Library/Frameworks/CoreVideo.framework/Versions/A/CoreVideo
0x00007fff5cf1d000 	/System/Library/PrivateFrameworks/GraphVisualizer.framework/Versions/A/GraphVisualizer
0x00007fff5626e000 	/System/Library/PrivateFrameworks/FaceCore.framework/Versions/A/FaceCore
0x00007fff43c6c000 	/System/Library/Frameworks/OpenCL.framework/Versions/A/OpenCL
0x00007fff70555000 	/usr/lib/libFosl_dynamic.dylib
0x00007fff624cf000 	/System/Library/PrivateFrameworks/OTSVG.framework/Versions/A/OTSVG
0x00007fff38ae1000 	/System/Library/Frameworks/ApplicationServices.framework/Versions/A/Frameworks/ATS.framework/Versions/A/Resources/libFontRegistry.dylib
0x00007fff56ef8000 	/System/Library/PrivateFrameworks/FontServices.framework/libhvf.dylib
0x00007fff44661000 	/System/Library/Frameworks/OpenGL.framework/Versions/A/Libraries/libGFXShared.dylib
0x00007fff4483f000 	/System/Library/Frameworks/OpenGL.framework/Versions/A/Libraries/libGLU.dylib
0x00007fff4466a000 	/System/Library/Frameworks/OpenGL.framework/Versions/A/Libraries/libGL.dylib
0x00007fff44675000 	/System/Library/Frameworks/OpenGL.framework/Versions/A/Libraries/libGLImage.dylib
0x00007fff44653000 	/System/Library/Frameworks/OpenGL.framework/Versions/A/Libraries/libCVMSPluginSupport.dylib
0x00007fff4465c000 	/System/Library/Frameworks/OpenGL.framework/Versions/A/Libraries/libCoreVMClient.dylib
0x00007fff72260000 	/usr/lib/libncurses.5.4.dylib
0x00007fff389dd000 	/System/Library/Frameworks/ApplicationServices.framework/Versions/A/Frameworks/ATS.framework/Versions/A/ATS
0x00007fff38baa000 	/System/Library/Frameworks/ApplicationServices.framework/Versions/A/Frameworks/ColorSyncLegacy.framework/Versions/A/ColorSyncLegacy
0x00007fff38c48000 	/System/Library/Frameworks/ApplicationServices.framework/Versions/A/Frameworks/HIServices.framework/Versions/A/HIServices
0x00007fff38ca0000 	/System/Library/Frameworks/ApplicationServices.framework/Versions/A/Frameworks/LangAnalysis.framework/Versions/A/LangAnalysis
0x00007fff38caf000 	/System/Library/Frameworks/ApplicationServices.framework/Versions/A/Frameworks/PrintCore.framework/Versions/A/PrintCore
0x00007fff38cf5000 	/System/Library/Frameworks/ApplicationServices.framework/Versions/A/Frameworks/QD.framework/Versions/A/QD
0x00007fff38d00000 	/System/Library/Frameworks/ApplicationServices.framework/Versions/A/Frameworks/SpeechSynthesis.framework/Versions/A/SpeechSynthesis
0x00007fff38b7a000 	/System/Library/Frameworks/ApplicationServices.framework/Versions/A/Frameworks/ATSUI.framework/Versions/A/ATSUI
0x00007fff716a2000 	/usr/lib/libcups.2.dylib
0x00007fff3f2b1000 	/System/Library/Frameworks/Kerberos.framework/Versions/A/Kerberos
0x00007fff3d3ee000 	/System/Library/Frameworks/GSS.framework/Versions/A/GSS
0x00007fff729e2000 	/usr/lib/libresolv.9.dylib
0x00007fff5d0ca000 	/System/Library/PrivateFrameworks/Heimdal.framework/Versions/A/Heimdal
0x00007fff3f2c4000 	/System/Library/Frameworks/Kerberos.framework/Versions/A/Libraries/libHeimdalProxy.dylib
0x00007fff7184b000 	/usr/lib/libheimdal-asn1.dylib
0x00007fff513bc000 	/System/Library/PrivateFrameworks/CommonAuth.framework/Versions/A/CommonAuth
0x00007fff4e609000 	/System/Library/PrivateFrameworks/AssertionServices.framework/Versions/A/AssertionServices
0x00007fff4f1ac000 	/System/Library/PrivateFrameworks/AudioToolboxCore.framework/Versions/A/AudioToolboxCore
0x00007fff6d5d0000 	/System/Library/PrivateFrameworks/caulk.framework/Versions/A/caulk
0x00007fff4f776000 	/System/Library/PrivateFrameworks/BaseBoard.framework/Versions/A/BaseBoard
0x00007fff66732000 	/System/Library/PrivateFrameworks/RunningBoardServices.framework/Versions/A/RunningBoardServices
0x00007fff63743000 	/System/Library/PrivateFrameworks/PersistentConnection.framework/Versions/A/PersistentConnection
0x00007fff6612b000 	/System/Library/PrivateFrameworks/ProtocolBuffer.framework/Versions/A/ProtocolBuffer
0x00007fff513e0000 	/System/Library/PrivateFrameworks/CommonUtilities.framework/Versions/A/CommonUtilities
0x00007fff4f904000 	/System/Library/PrivateFrameworks/Bom.framework/Versions/A/Bom
0x00007fff70406000 	/usr/lib/libAudioToolboxUtility.dylib
0x00007fff4f6d4000 	/System/Library/PrivateFrameworks/Backup.framework/Versions/A/Backup
0x00007fff544ca000 	/System/Library/PrivateFrameworks/CrashReporterSupport.framework/Versions/A/CrashReporterSupport
0x00007fff67a42000 	/System/Library/PrivateFrameworks/Sharing.framework/Versions/A/Sharing
0x00007fff4dc16000 	/System/Library/PrivateFrameworks/Apple80211.framework/Versions/A/Apple80211
0x00007fff4f3f1000 	/System/Library/PrivateFrameworks/AuthKit.framework/Versions/A/AuthKit
0x00007fff541d7000 	/System/Library/PrivateFrameworks/CoreUtils.framework/Versions/A/CoreUtils
0x00007fff3c956000 	/System/Library/Frameworks/CoreWLAN.framework/Versions/A/CoreWLAN
0x00007fff3d57b000 	/System/Library/Frameworks/IOBluetooth.framework/Versions/A/IOBluetooth
0x00007fff612fc000 	/System/Library/PrivateFrameworks/MobileKeyBag.framework/Versions/A/MobileKeyBag
0x00007fff52fc6000 	/System/Library/PrivateFrameworks/CorePhoneNumbers.framework/Versions/A/CorePhoneNumbers
0x00007fff4e006000 	/System/Library/PrivateFrameworks/AppleIDAuthSupport.framework/Versions/A/AppleIDAuthSupport
0x00007fff410e3000 	/System/Library/Frameworks/Network.framework/Versions/A/Network
0x00007fff5fb58000 	/System/Library/PrivateFrameworks/KeychainCircle.framework/Versions/A/KeychainCircle
0x00007fff3a36f000 	/System/Library/Frameworks/CoreBluetooth.framework/Versions/A/CoreBluetooth
0x00007fff69ac1000 	/System/Library/PrivateFrameworks/SpeechRecognitionCore.framework/Versions/A/SpeechRecognitionCore
0x0000000110d5e000 	/Library/Java/JavaVirtualMachines/zulu-17.jdk/Contents/Home/lib/server/libjvm.dylib
0x000000010f7a6000 	/Library/Java/JavaVirtualMachines/zulu-17.jdk/Contents/Home/lib/libjimage.dylib
0x000000010f7b8000 	/Library/Java/JavaVirtualMachines/zulu-17.jdk/Contents/Home/lib/libinstrument.dylib
0x000000010f7cc000 	/Library/Java/JavaVirtualMachines/zulu-17.jdk/Contents/Home/lib/libjava.dylib
0x0000000110547000 	/Library/Java/JavaVirtualMachines/zulu-17.jdk/Contents/Home/lib/libzip.dylib
0x000000011055b000 	/Library/Java/JavaVirtualMachines/zulu-17.jdk/Contents/Home/lib/libnio.dylib
0x0000000110577000 	/Library/Java/JavaVirtualMachines/zulu-17.jdk/Contents/Home/lib/libnet.dylib
0x0000000110597000 	/Library/Java/JavaVirtualMachines/zulu-17.jdk/Contents/Home/lib/libverify.dylib
0x00000001105af000 	/Users/Shoaib/.gradle/native/c067742578af261105cb4f569cf0c3c89f3d7b1fecec35dd04571415982c5e48/osx-amd64/libnative-platform.dylib
0x00000001105bb000 	/Users/Shoaib/.gradle/native/100fb08df4bc3b14c8652ba06237920a3bd2aa13389f12d3474272988ae205f9/osx-amd64/libnative-platform-file-events.dylib
0x0000000110627000 	/Library/Java/JavaVirtualMachines/zulu-17.jdk/Contents/Home/lib/libmanagement.dylib
0x0000000110637000 	/Library/Java/JavaVirtualMachines/zulu-17.jdk/Contents/Home/lib/libmanagement_ext.dylib
0x0000000110647000 	/Library/Java/JavaVirtualMachines/zulu-17.jdk/Contents/Home/lib/libextnet.dylib


VM Arguments:
jvm_args: --add-opens=java.base/java.util=ALL-UNNAMED --add-opens=java.base/java.lang=ALL-UNNAMED --add-opens=java.base/java.lang.invoke=ALL-UNNAMED --add-opens=java.prefs/java.util.prefs=ALL-UNNAMED --add-opens=java.base/java.nio.charset=ALL-UNNAMED --add-opens=java.base/java.net=ALL-UNNAMED --add-opens=java.base/java.util.concurrent.atomic=ALL-UNNAMED -XX:MaxMetaspaceSize=384m -XX:+HeapDumpOnOutOfMemoryError -Xms256m -Xmx512m -Dfile.encoding=utf8 -Duser.country=US -Duser.language=en -Duser.variant -javaagent:/Users/Shoaib/.gradle/wrapper/dists/gradle-8.8-all/6gdy1pgp427xkqcjbxw3ylt6h/gradle-8.8/lib/agents/gradle-instrumentation-agent-8.8.jar 
java_command: org.gradle.launcher.daemon.bootstrap.GradleDaemon 8.8
java_class_path (initial): /Users/Shoaib/.gradle/wrapper/dists/gradle-8.8-all/6gdy1pgp427xkqcjbxw3ylt6h/gradle-8.8/lib/gradle-launcher-8.8.jar
Launcher Type: SUN_STANDARD

[Global flags]
     intx CICompilerCount                          = 3                                         {product} {ergonomic}
   size_t CompressedClassSpaceSize                 = 335544320                                 {product} {ergonomic}
     uint ConcGCThreads                            = 1                                         {product} {ergonomic}
     uint G1ConcRefinementThreads                  = 4                                         {product} {ergonomic}
   size_t G1HeapRegionSize                         = 1048576                                   {product} {ergonomic}
    uintx GCDrainStackTargetSize                   = 64                                        {product} {ergonomic}
     bool HeapDumpOnOutOfMemoryError               = true                                   {manageable} {command line}
   size_t InitialHeapSize                          = 268435456                                 {product} {command line}
   size_t MarkStackSize                            = 4194304                                   {product} {ergonomic}
   size_t MaxHeapSize                              = 536870912                                 {product} {command line}
   size_t MaxMetaspaceSize                         = 402653184                                 {product} {command line}
   size_t MaxNewSize                               = 321912832                                 {product} {ergonomic}
   size_t MinHeapDeltaBytes                        = 1048576                                   {product} {ergonomic}
   size_t MinHeapSize                              = 268435456                                 {product} {command line}
    uintx NonNMethodCodeHeapSize                   = 5832780                                {pd product} {ergonomic}
    uintx NonProfiledCodeHeapSize                  = 122912730                              {pd product} {ergonomic}
    uintx ProfiledCodeHeapSize                     = 122912730                              {pd product} {ergonomic}
    uintx ReservedCodeCacheSize                    = 251658240                              {pd product} {ergonomic}
     bool SegmentedCodeCache                       = true                                      {product} {ergonomic}
   size_t SoftMaxHeapSize                          = 536870912                              {manageable} {ergonomic}
     bool UseCompressedClassPointers               = true                           {product lp64_product} {ergonomic}
     bool UseCompressedOops                        = true                           {product lp64_product} {ergonomic}
     bool UseG1GC                                  = true                                      {product} {ergonomic}
     bool UseNUMA                                  = false                                     {product} {ergonomic}
     bool UseNUMAInterleaving                      = false                                     {product} {ergonomic}

Logging:
Log output configuration:
 #0: stdout all=warning uptime,level,tags
 #1: stderr all=off uptime,level,tags

Environment Variables:
JAVA_HOME=/Library/Java/JavaVirtualMachines/zulu-17.jdk/Contents/Home
PATH=/Users/Shoaib/.npm-global/bin:/usr/local/opt/mongodb-community/bin:/opt/local/bin:/opt/local/sbin:/Library/Frameworks/Python.framework/Versions/3.11/bin:/Library/Frameworks/Python.framework/Versions/3.12/bin:/usr/local/bin:/usr/bin:/bin:/usr/sbin:/sbin:/Users/Shoaib/Library/Android/sdk/emulator:/Users/Shoaib/Library/Android/sdk/platform-tools:/Users/Shoaib/Library/Android/sdk/emulator:/Users/Shoaib/Library/Android/sdk/platform-tools
SHELL=/bin/zsh
TMPDIR=/var/folders/zz/nxzr35r14118k1djxvv4jksw0000gn/T/

Active Locale:
LC_ALL=C
LC_COLLATE=C
LC_CTYPE=C
LC_MESSAGES=C
LC_MONETARY=C
LC_NUMERIC=C
LC_TIME=C

Signal Handlers:
   SIGSEGV: crash_handler in libjvm.dylib, mask=11100110000111110111111111111111, flags=SA_RESTART|SA_SIGINFO, unblocked
    SIGBUS: crash_handler in libjvm.dylib, mask=11100110000111110111111111111111, flags=SA_RESTART|SA_SIGINFO, unblocked
    SIGFPE: crash_handler in libjvm.dylib, mask=11100110000111110111111111111111, flags=SA_RESTART|SA_SIGINFO, unblocked
   SIGPIPE: javaSignalHandler in libjvm.dylib, mask=11100110000111110111111111111111, flags=SA_RESTART|SA_SIGINFO, blocked
   SIGXFSZ: javaSignalHandler in libjvm.dylib, mask=11100110000111110111111111111111, flags=SA_RESTART|SA_SIGINFO, blocked
    SIGILL: crash_handler in libjvm.dylib, mask=11100110000111110111111111111111, flags=SA_RESTART|SA_SIGINFO, unblocked
   SIGUSR2: SR_handler in libjvm.dylib, mask=00100000000000000000000000000000, flags=SA_RESTART|SA_SIGINFO, blocked
    SIGHUP: UserHandler in libjvm.dylib, mask=11100110000111110111111111111111, flags=SA_RESTART|SA_SIGINFO, blocked
    SIGINT: UserHandler in libjvm.dylib, mask=11100110000111110111111111111111, flags=SA_RESTART|SA_SIGINFO, blocked
   SIGTERM: UserHandler in libjvm.dylib, mask=11100110000111110111111111111111, flags=SA_RESTART|SA_SIGINFO, blocked
   SIGQUIT: UserHandler in libjvm.dylib, mask=11100110000111110111111111111111, flags=SA_RESTART|SA_SIGINFO, blocked
   SIGTRAP: crash_handler in libjvm.dylib, mask=11100110000111110111111111111111, flags=SA_RESTART|SA_SIGINFO, unblocked


Periodic native trim disabled


---------------  S Y S T E M  ---------------

OS:
uname: Darwin 19.6.0 Darwin Kernel Version 19.6.0: Tue Jun 21 21:18:39 PDT 2022; root:xnu-6153.141.66~1/RELEASE_X86_64 x86_64
OS uptime: 0 days 1:49 hours
rlimit (soft/hard): STACK 8192k/65532k , CORE 0k/infinity , NPROC 1392/2088 , NOFILE 10240/infinity , AS infinity/infinity , CPU infinity/infinity , DATA infinity/infinity , FSIZE infinity/infinity , MEMLOCK infinity/infinity , RSS infinity/infinity
load average: 7.76 8.16 5.70

CPU: total 4 (initial active 4) (2 cores per cpu, 2 threads per core) family 6 model 58 stepping 9 microcode 0x21, cx8, cmov, fxsr, ht, mmx, sse, sse2, sse3, ssse3, sse4.1, sse4.2, popcnt, tsc, tscinvbit, avx, aes, erms, clmul, vzeroupper, clflush
machdep.cpu.brand_string:Intel(R) Core(TM) i7-3520M CPU @ 2.90GHz
hw.cpufrequency:2900000000
hw.cpufrequency_min:2900000000
hw.cpufrequency_max:2900000000
hw.cachelinesize:64
hw.l1icachesize:32768
hw.l1dcachesize:32768
hw.l2cachesize:262144
hw.l3cachesize:4194304

Memory: 4k page, physical 8388608k(29712k free), swap 1048576k(745728k free)

vm_info: OpenJDK 64-Bit Server VM (17.0.10+7-LTS) for bsd-amd64 JRE (17.0.10+7-LTS) (Zulu17.48+15-CA), built on Jan  5 2024 06:38:19 by "zulu_re" with clang Apple LLVM 12.0.0 (clang-1200.0.32.29)

END.
