#
# A fatal error has been detected by the Java Runtime Environment:
#
#  SIGSEGV (0xb) at pc=0x000000010d2d6614, pid=6426, tid=41731
#
# JRE version: OpenJDK Runtime Environment Temurin-17.0.12+7 (17.0.12+7) (build 17.0.12+7)
# Java VM: OpenJDK 64-Bit Server VM Temurin-17.0.12+7 (17.0.12+7, mixed mode, tiered, compressed oops, compressed class ptrs, parallel gc, bsd-amd64)
# Problematic frame:
# V  [libjvm.dylib+0x8af614]  _ZN20ParCompactionManager13mark_and_pushI9narrowOopEEvPT_+0x84
#
# No core dump will be written. Core dumps have been disabled. To enable core dumping, try "ulimit -c unlimited" before starting Java again
#
# If you would like to submit a bug report, please visit:
#   https://github.com/adoptium/adoptium-support/issues
#

---------------  S U M M A R Y ------------

Command Line: --add-modules=ALL-SYSTEM --add-opens=java.base/java.util=ALL-UNNAMED --add-opens=java.base/java.lang=ALL-UNNAMED --add-opens=java.base/sun.nio.fs=ALL-UNNAMED -Declipse.application=org.eclipse.jdt.ls.core.id1 -Dosgi.bundles.defaultStartLevel=4 -Declipse.product=org.eclipse.jdt.ls.core.product -Djava.import.generatesMetadataFilesAtProjectRoot=false -DDetectVMInstallationsJob.disabled=true -Dfile.encoding=utf8 -XX:+UseParallelGC -XX:GCTimeRatio=4 -XX:AdaptiveSizePolicyWeight=90 -Dsun.zip.disableMemoryMapping=true -Xmx1G -Xms100m -Xlog:disable -javaagent:/Users/Shoaib/.vscode/extensions/redhat.java-1.35.1-darwin-x64/lombok/lombok-1.18.33.jar -XX:+HeapDumpOnOutOfMemoryError -XX:HeapDumpPath=/Users/Shoaib/Library/Application Support/Code/User/workspaceStorage/fe1b63565e74f69c3068c4243146da58/redhat.java -Daether.dependencyCollector.impl=bf /Users/Shoaib/.vscode/extensions/redhat.java-1.35.1-darwin-x64/server/plugins/org.eclipse.equinox.launcher_1.6.900.v20240613-2009.jar -configuration /Users/Shoaib/Library/Application Support/Code/User/globalStorage/redhat.java/1.35.1/config_mac -data /Users/Shoaib/Library/Application Support/Code/User/workspaceStorage/fe1b63565e74f69c3068c4243146da58/redhat.java/jdt_ws --pipe=/private/var/folders/zz/nxzr35r14118k1djxvv4jksw0000gn/T/lsp-b430131d83f45acae63ab7ce2ca65b7c.sock

Host: "MacBookPro9,2" x86_64 2900 MHz, 4 cores, 8G, Darwin 19.6.0, macOS 10.15.7 (19H2026)
Time: Mon Oct 21 16:06:21 2024 PKT elapsed time: 36.656641 seconds (0d 0h 0m 36s)

---------------  T H R E A D  ---------------

Current thread (0x00007f9312773d00):  GCTaskThread "GC Thread#2" [stack: 0x00007000025da000,0x00007000026da000] [id=41731]

Stack: [0x00007000025da000,0x00007000026da000],  sp=0x00007000026d9cb0,  free space=1023k
Native frames: (J=compiled Java code, j=interpreted, Vv=VM code, C=native code)
V  [libjvm.dylib+0x8af614]  _ZN20ParCompactionManager13mark_and_pushI9narrowOopEEvPT_+0x84
V  [libjvm.dylib+0x8b0b3c]  _ZN21OopOopIterateDispatchI27PCIterateMarkAndPushClosureE5Table15oop_oop_iterateI13InstanceKlass9narrowOopEEvPS0_P7oopDescP5Klass+0x9c
V  [libjvm.dylib+0x8aee5e]  _ZN20ParCompactionManager15follow_contentsEP7oopDesc+0x1ce
V  [libjvm.dylib+0x8adee8]  _ZN20ParCompactionManager21follow_marking_stacksEv+0x188
V  [libjvm.dylib+0x8bcebb]  _ZN34PCAddThreadRootsMarkingTaskClosure9do_threadEP6Thread+0x8b
V  [libjvm.dylib+0xa58318]  _ZN7Threads28possibly_parallel_threads_doEbP13ThreadClosure+0x68
V  [libjvm.dylib+0x8bca77]  _ZN17MarkFromRootsTask4workEj+0xf7
V  [libjvm.dylib+0xafef02]  _ZN10GangWorker3runEv+0x62
V  [libjvm.dylib+0xa532c7]  _ZN6Thread8call_runEv+0xa7
V  [libjvm.dylib+0x86137c]  _ZL19thread_native_entryP6Thread+0x14c
C  [libsystem_pthread.dylib+0x6109]  _pthread_start+0x94
C  [libsystem_pthread.dylib+0x1b8b]  thread_start+0xf


siginfo: si_signo: 11 (SIGSEGV), si_code: 1 (SEGV_MAPERR), si_addr: 0x00000008f820908a

Registers:
RAX=0x000000010d6f77c0, RBX=0x00007f9314016600, RCX=0x0000000000000000, RDX=0x0000000000000001
RSP=0x00007000026d9cb0, RBP=0x00007000026d9cd0, RSI=0x00000007c10493fc, RDI=0x00000008f8209082
R8 =0x00007f9312516238, R9 =0x00000000000000a0, R10=0x0000000000008249, R11=0x2000000000000000
R12=0x0000000800041e60, R13=0x0000000800041e68, R14=0x00000007c1048400, R15=0x00000007c10493fc
RIP=0x000000010d2d6614, EFLAGS=0x0000000000010206, ERR=0x0000000000000004
  TRAPNO=0x000000000000000e


Register to memory mapping:

RAX=0x000000010d6f77c0: _ZN23CompressedKlassPointers13_narrow_klassE+0 in /Users/Shoaib/.vscode/extensions/redhat.java-1.35.1-darwin-x64/jre/17.0.12-macosx-x86_64/lib/server/libjvm.dylib at 0x000000010ca27000
RBX=0x00007f9314016600 points into unknown readable memory: 0x0000000000000000 | 00 00 00 00 00 00 00 00
RCX=0x0 is NULL
RDX=0x0000000000000001 is an unknown value
RSP=0x00007000026d9cb0 points into unknown readable memory: 0x0000000000000001 | 01 00 00 00 00 00 00 00
RBP=0x00007000026d9cd0 points into unknown readable memory: 0x00007000026d9d10 | 10 9d 6d 02 00 70 00 00
RSI=0x00000007c10493fc is pointing into object: java.lang.String 
{0x00000007c10493e8} - klass: 'java/lang/String'

[error occurred during error reporting (printing register info), id 0xb, SIGSEGV (0xb) at pc=0x000000010ceffc40]

Top of Stack: (sp=0x00007000026d9cb0)
0x00007000026d9cb0:   0000000000000001 00000007c1049400
0x00007000026d9cc0:   00007000026d9d20 00000007c10493fc
0x00007000026d9cd0:   00007000026d9d10 000000010d2d7b3c
0x00007000026d9ce0:   00000007c10493e8 00007f9314016600
0x00007000026d9cf0:   ffffffff00000000 00007f9314016600
0x00007000026d9d00:   00000007c10493e8 00007f9314016708
0x00007000026d9d10:   00007000026d9d60 000000010d2d5e5e
0x00007000026d9d20:   000000010d6e5d80 00007f9312411280
0x00007000026d9d30:   0000700000000003 00007f9314016600
0x00007000026d9d40:   00007f9314016600 ffffffff00000000
0x00007000026d9d50:   00007f9314016888 00007f9314016708
0x00007000026d9d60:   00007000026d9db0 000000010d2d4ee8
0x00007000026d9d70:   00007f93140169d0 00007f9314016b50
0x00007000026d9d80:   00007000026d9db0 00007f9312773fb0
0x00007000026d9d90:   00007f9312823800 00007f9314016600
0x00007000026d9da0:   00007f931241ba80 00007f931241ba90
0x00007000026d9db0:   00007000026d9e20 000000010d2e3ebb
0x00007000026d9dc0:   000000010d6d69a0 00007000026d9dd8
0x00007000026d9dd0:   00007000026d9d00 000000010d6e60f8
0x00007000026d9de0:   00007f9314016600 00007f931241be68
0x00007000026d9df0:   00000000000003d8 00007000026d9e88
0x00007000026d9e00:   0000000000000240 00007f93164b36e8
0x00007000026d9e10:   00000000000000e0 000000000000005d
0x00007000026d9e20:   00007000026d9e60 000000010d47f318
0x00007000026d9e30:   000000010d6e60e0 0000000000000002
0x00007000026d9e40:   00007000018ac460 00007fff9554629c
0x00007000026d9e50:   00007000026d9ef8 00007000018ac598
0x00007000026d9e60:   00007000026d9ee0 000000010d2e3a77
0x00007000026d9e70:   0000000000000000 0000000000000000
0x00007000026d9e80:   00007000018ac460 000000010d6e60e0
0x00007000026d9e90:   0000000000000002 00007000018ac080
0x00007000026d9ea0:   0000000000000000 00007000018ac290 

Instructions: (pc=0x000000010d2d6614)
0x000000010d2d6514:   00 00 eb 65 48 8b 83 c0 02 00 00 eb 4e 48 8d bb
0x000000010d2d6524:   88 02 00 00 48 8d 34 cd 08 00 00 00 48 8b 83 88
0x000000010d2d6534:   02 00 00 ff 10 48 8b 8b 90 02 00 00 48 c1 e1 03
0x000000010d2d6544:   48 8b 93 c0 02 00 00 48 89 14 08 48 89 83 c0 02
0x000000010d2d6554:   00 00 48 85 d2 74 09 48 8b 8b 90 02 00 00 eb 02
0x000000010d2d6564:   31 c9 48 01 8b b0 02 00 00 31 c9 4c 89 34 c8 48
0x000000010d2d6574:   ff c1 48 89 8b a8 02 00 00 48 83 c4 08 5b 41 5e
0x000000010d2d6584:   41 5f 5d c3 0f 1f 84 00 00 00 00 00 55 48 89 e5
0x000000010d2d6594:   41 57 41 56 53 50 44 8b 36 4d 85 f6 0f 84 d8 01
0x000000010d2d65a4:   00 00 48 8d 05 03 12 42 00 0f b6 48 08 49 d3 e6
0x000000010d2d65b4:   4c 03 30 48 8b 05 c2 eb 46 00 4c 89 f2 48 2b 10
0x000000010d2d65c4:   48 c1 ea 03 48 8d 0d 39 31 42 00 0f b6 09 48 d3
0x000000010d2d65d4:   ea 48 8b 40 10 48 89 d1 48 c1 e9 06 48 8b 04 c8
0x000000010d2d65e4:   48 0f a3 d0 0f 82 90 01 00 00 48 89 fb 48 8d 05
0x000000010d2d65f4:   b1 ae 45 00 0f b6 10 84 d2 74 25 41 8b 7e 08 48
0x000000010d2d6604:   8d 05 b6 11 42 00 0f b6 48 08 48 d3 e7 48 03 38
0x000000010d2d6614:   8b 47 08 85 c0 7e 14 a8 01 75 14 c1 e8 03 eb 54
0x000000010d2d6624:   49 8b 7e 08 8b 47 08 85 c0 7f ec 85 c0 78 0e 48
0x000000010d2d6634:   8b 07 4c 89 f6 ff 90 00 01 00 00 eb 37 31 c9 84
0x000000010d2d6644:   d2 0f 94 c1 49 63 54 8e 0c 89 c1 48 d3 e2 c1 e8
0x000000010d2d6654:   10 0f b6 c0 48 01 d0 48 8d 0d a2 30 42 00 48 63
0x000000010d2d6664:   09 48 8d 14 01 48 ff ca f7 d9 48 63 c1 48 21 d0
0x000000010d2d6674:   48 c1 e8 03 4c 63 f8 48 8d 3d be ec 46 00 4c 89
0x000000010d2d6684:   f6 4c 89 fa e8 73 7a fc ff 84 c0 0f 84 e9 00 00
0x000000010d2d6694:   00 48 8d 3d d4 ed 46 00 4c 89 f6 4c 89 fa e8 99
0x000000010d2d66a4:   55 00 00 8b 83 88 00 00 00 8b 8b 08 01 00 00 89
0x000000010d2d66b4:   c2 29 ca f7 d2 f7 c2 fe ff 01 00 75 3e 48 8b 8b
0x000000010d2d66c4:   a8 02 00 00 48 3b 8b 90 02 00 00 75 48 48 8b 93
0x000000010d2d66d4:   b8 02 00 00 48 85 d2 74 45 48 8b 83 c8 02 00 00
0x000000010d2d66e4:   48 8b 34 c8 48 c1 e1 03 48 89 b3 c8 02 00 00 48
0x000000010d2d66f4:   ff ca 48 89 93 b8 02 00 00 eb 46 48 8b 8b 88 01
0x000000010d2d6704:   00 00 4c 89 34 c1 ff c0 25 ff ff 01 00 89 83 88 


Stack slot to memory mapping:
stack at sp + 0 slots: 0x0000000000000001 is an unknown value
stack at sp + 1 slots: 0x00000007c1049400 is an oop: [B 
{0x00000007c1049400} - klass: {type array byte}
 - length: 60
stack at sp + 2 slots: 0x00007000026d9d20 points into unknown readable memory: 0x000000010d6e5d80 | 80 5d 6e 0d 01 00 00 00
stack at sp + 3 slots: 0x00000007c10493fc is pointing into object: java.lang.String 
{0x00000007c10493e8} - klass: 'java/lang/String'

[error occurred during error reporting (inspecting top of stack), id 0xb, SIGSEGV (0xb) at pc=0x000000010ceffc40]


---------------  P R O C E S S  ---------------

Threads class SMR info:
_java_thread_list=0x00007f93164b3690, length=34, elements={
0x00007f9314808a00, 0x00007f9314809600, 0x00007f931280da00, 0x00007f9312823200,
0x00007f931280b800, 0x00007f931280be00, 0x00007f9312823800, 0x00007f9314828a00,
0x00007f9314829000, 0x00007f9314809000, 0x00007f9313017800, 0x00007f9312905600,
0x00007f9312a1de00, 0x00007f931282a600, 0x00007f931406d000, 0x00007f9313084800,
0x00007f9312ccaa00, 0x00007f9314248000, 0x00007f93131eca00, 0x00007f9314092e00,
0x00007f9312a31600, 0x00007f931486a000, 0x00007f931406f000, 0x00007f9313232c00,
0x00007f9312fff600, 0x00007f931486a600, 0x00007f9313252e00, 0x00007f93147ffa00,
0x00007f93131ee400, 0x00007f9312895800, 0x00007f9316902c00, 0x00007f9314f47400,
0x00007f9318a68a00, 0x00007f9318a62800
}

Java Threads: ( => current thread )
  0x00007f9314808a00 JavaThread "main" [_thread_blocked, id=10243, stack(0x00007000015a7000,0x00007000016a7000)]
  0x00007f9314809600 JavaThread "Reference Handler" daemon [_thread_blocked, id=18435, stack(0x00007000018b0000,0x00007000019b0000)]
  0x00007f931280da00 JavaThread "Finalizer" daemon [_thread_blocked, id=17923, stack(0x00007000019b3000,0x0000700001ab3000)]
  0x00007f9312823200 JavaThread "Signal Dispatcher" daemon [_thread_blocked, id=16899, stack(0x0000700001bbc000,0x0000700001cbc000)]
  0x00007f931280b800 JavaThread "Service Thread" daemon [_thread_blocked, id=16643, stack(0x0000700001cbf000,0x0000700001dbf000)]
  0x00007f931280be00 JavaThread "Monitor Deflation Thread" daemon [_thread_blocked, id=21763, stack(0x0000700001dc2000,0x0000700001ec2000)]
  0x00007f9312823800 JavaThread "C2 CompilerThread0" daemon [_thread_blocked, id=22019, stack(0x0000700001ec5000,0x0000700001fc5000)]
  0x00007f9314828a00 JavaThread "C1 CompilerThread0" daemon [_thread_blocked, id=22275, stack(0x0000700001fc8000,0x00007000020c8000)]
  0x00007f9314829000 JavaThread "Sweeper thread" daemon [_thread_blocked, id=22787, stack(0x00007000020cb000,0x00007000021cb000)]
  0x00007f9314809000 JavaThread "Common-Cleaner" daemon [_thread_blocked, id=23043, stack(0x00007000021ce000,0x00007000022ce000)]
  0x00007f9313017800 JavaThread "Notification Thread" daemon [_thread_blocked, id=23555, stack(0x00007000022d1000,0x00007000023d1000)]
  0x00007f9312905600 JavaThread "Active Thread: Equinox Container: 75d36af9-53cd-45e2-b871-865753babf23" [_thread_blocked, id=40963, stack(0x00007000027e0000,0x00007000028e0000)]
  0x00007f9312a1de00 JavaThread "Framework Event Dispatcher: Equinox Container: 75d36af9-53cd-45e2-b871-865753babf23" daemon [_thread_blocked, id=15115, stack(0x00007000028e3000,0x00007000029e3000)]
  0x00007f931282a600 JavaThread "Start Level: Equinox Container: 75d36af9-53cd-45e2-b871-865753babf23" daemon [_thread_blocked, id=40451, stack(0x00007000029e6000,0x0000700002ae6000)]
  0x00007f931406d000 JavaThread "Bundle File Closer" daemon [_thread_blocked, id=39939, stack(0x0000700002ae9000,0x0000700002be9000)]
  0x00007f9313084800 JavaThread "SCR Component Actor" daemon [_thread_blocked, id=39427, stack(0x0000700002bec000,0x0000700002cec000)]
  0x00007f9312ccaa00 JavaThread "Worker-JM" [_thread_blocked, id=38915, stack(0x0000700002df2000,0x0000700002ef2000)]
  0x00007f9314248000 JavaThread "Worker-0" [_thread_blocked, id=25603, stack(0x0000700002ef5000,0x0000700002ff5000)]
  0x00007f93131eca00 JavaThread "Worker-1: Classpath Update Job" [_thread_blocked, id=38403, stack(0x0000700002ff8000,0x00007000030f8000)]
  0x00007f9314092e00 JavaThread "Worker-2: Java indexing... " [_thread_blocked, id=25859, stack(0x00007000030fb000,0x00007000031fb000)]
  0x00007f9312a31600 JavaThread "Java indexing" daemon [_thread_blocked, id=37891, stack(0x00007000031fe000,0x00007000032fe000)]
  0x00007f931486a000 JavaThread "pool-2-thread-1" [_thread_blocked, id=37635, stack(0x0000700003301000,0x0000700003401000)]
  0x00007f931406f000 JavaThread "Worker-3: Initialize workspace" [_thread_blocked, id=37379, stack(0x0000700003404000,0x0000700003504000)]
  0x00007f9313232c00 JavaThread "WorkspaceEventsHandler" [_thread_blocked, id=26883, stack(0x0000700003507000,0x0000700003607000)]
  0x00007f9312fff600 JavaThread "pool-1-thread-1" [_thread_in_native, id=27139, stack(0x000070000360a000,0x000070000370a000)]
  0x00007f931486a600 JavaThread "Timer-0" [_thread_blocked, id=27395, stack(0x000070000370d000,0x000070000380d000)]
  0x00007f9313252e00 JavaThread "Exec process" [_thread_blocked, id=24839, stack(0x0000700002cef000,0x0000700002def000)]
  0x00007f93147ffa00 JavaThread "process reaper" daemon [_thread_blocked, id=36099, stack(0x0000700001b39000,0x0000700001b5d000)]
  0x00007f93131ee400 JavaThread "Exec process Thread 2" [_thread_blocked, id=28163, stack(0x0000700003913000,0x0000700003a13000)]
  0x00007f9312895800 JavaThread "Exec process Thread 3" [_thread_blocked, id=35587, stack(0x0000700003a16000,0x0000700003b16000)]
  0x00007f9316902c00 JavaThread "Timer-1" [_thread_blocked, id=36359, stack(0x0000700003810000,0x0000700003910000)]
  0x00007f9314f47400 JavaThread "ForkJoinPool.commonPool-worker-1" daemon [_thread_blocked, id=35079, stack(0x0000700003b19000,0x0000700003c19000)]
  0x00007f9318a68a00 JavaThread "ForkJoinPool.commonPool-worker-2" daemon [_thread_blocked, id=28679, stack(0x0000700003c1c000,0x0000700003d1c000)]
  0x00007f9318a62800 JavaThread "ForkJoinPool.commonPool-worker-3" daemon [_thread_blocked, id=34315, stack(0x0000700003d1f000,0x0000700003e1f000)]

Other Threads:
  0x00007f9312413530 VMThread "VM Thread" [stack: 0x00007000017ad000,0x00007000018ad000] [id=18947]
  0x00007f931255e1a0 WatcherThread [stack: 0x00007000023d4000,0x00007000024d4000] [id=23811]
  0x00007f9312710370 GCTaskThread "GC Thread#0" [stack: 0x00007000016aa000,0x00007000017aa000] [id=20995]
  0x00007f931258fd20 GCTaskThread "GC Thread#1" [stack: 0x00007000024d7000,0x00007000025d7000] [id=41987]
=>0x00007f9312773d00 GCTaskThread "GC Thread#2" [stack: 0x00007000025da000,0x00007000026da000] [id=41731]
  0x00007f9312774560 GCTaskThread "GC Thread#3" [stack: 0x00007000026dd000,0x00007000027dd000] [id=41475]

Threads with active compile tasks:
C2 CompilerThread0    36710 8983       4       org.eclipse.jdt.internal.core.search.indexing.AbstractIndexer::addIndexMetaQualification (44 bytes)

VM state: at safepoint (normal execution)

VM Mutex/Monitor currently owned by a thread:  ([mutex/lock_event])
[0x00007f9312511390] Threads_lock - owner thread: 0x00007f9312413530
[0x00007f9312512060] Heap_lock - owner thread: 0x00007f9314f47400

Heap address: 0x00000007c0000000, size: 1024 MB, Compressed Oops mode: Zero based, Oop shift amount: 3

CDS archive(s) not mapped
Compressed class space mapped at: 0x0000000800000000-0x0000000840000000, reserved size: 1073741824
Narrow klass base: 0x0000000800000000, Narrow klass shift: 0, Narrow klass range: 0x40000000

GC Precious Log:
 CPUs: 4 total, 4 available
 Memory: 8192M
 Large Page Support: Disabled
 NUMA Support: Disabled
 Compressed Oops: Enabled (Zero based)
 Alignments: Space 512K, Generation 512K, Heap 2M
 Heap Min Capacity: 100M
 Heap Initial Capacity: 100M
 Heap Max Capacity: 1G
 Pre-touch: Disabled
 Parallel Workers: 4

Heap:
 PSYoungGen      total 16384K, used 2537K [0x00000007eab00000, 0x00000007ebe80000, 0x0000000800000000)
  eden space 13824K, 0% used [0x00000007eab00000,0x00000007eab00000,0x00000007eb880000)
  from space 2560K, 99% used [0x00000007eb880000,0x00000007ebafa700,0x00000007ebb00000)
  to   space 3072K, 0% used [0x00000007ebb80000,0x00000007ebb80000,0x00000007ebe80000)
 ParOldGen       total 74240K, used 72324K [0x00000007c0000000, 0x00000007c4880000, 0x00000007eab00000)
  object space 74240K, 97% used [0x00000007c0000000,0x00000007c46a1130,0x00000007c4880000)
 Metaspace       used 66100K, committed 67200K, reserved 1114112K
  class space    used 7696K, committed 8192K, reserved 1048576K

Card table byte_map: [0x000000010c1d6000,0x000000010c3d7000] _byte_map_base: 0x00000001083d6000

Marking Bits: (ParMarkBitMap*) 0x000000010d745340
 Begin Bits: [0x000000011f752000, 0x0000000120752000)
 End Bits:   [0x0000000120752000, 0x0000000121752000)

Polling page: 0x000000010b72a000

Metaspace:

Usage:
  Non-class:     57.03 MB used.
      Class:      7.52 MB used.
       Both:     64.55 MB used.

Virtual space:
  Non-class space:       64.00 MB reserved,      57.62 MB ( 90%) committed,  1 nodes.
      Class space:        1.00 GB reserved,       8.00 MB ( <1%) committed,  1 nodes.
             Both:        1.06 GB reserved,      65.62 MB (  6%) committed. 

Chunk freelists:
   Non-Class:  6.19 MB
       Class:  8.03 MB
        Both:  14.22 MB

MaxMetaspaceSize: unlimited
CompressedClassSpaceSize: 1.00 GB
Initial GC threshold: 21.00 MB
Current GC threshold: 97.31 MB
CDS: off
MetaspaceReclaimPolicy: balanced
 - commit_granule_bytes: 65536.
 - commit_granule_words: 8192.
 - virtual_space_node_default_size: 8388608.
 - enlarge_chunks_in_place: 1.
 - new_chunks_are_fully_committed: 0.
 - uncommit_free_chunks: 1.
 - use_allocation_guard: 0.
 - handle_deallocations: 1.


Internal statistics:

num_allocs_failed_limit: 9.
num_arena_births: 744.
num_arena_deaths: 26.
num_vsnodes_births: 2.
num_vsnodes_deaths: 0.
num_space_committed: 1050.
num_space_uncommitted: 0.
num_chunks_returned_to_freelist: 36.
num_chunks_taken_from_freelist: 3254.
num_chunk_merges: 10.
num_chunk_splits: 2108.
num_chunks_enlarged: 1383.
num_inconsistent_stats: 0.

CodeHeap 'non-profiled nmethods': size=120032Kb used=3184Kb max_used=3655Kb free=116847Kb
 bounds [0x000000011821a000, 0x00000001185ba000, 0x000000011f752000]
CodeHeap 'profiled nmethods': size=120028Kb used=13311Kb max_used=14948Kb free=106716Kb
 bounds [0x0000000110752000, 0x0000000111602000, 0x0000000117c89000]
CodeHeap 'non-nmethods': size=5700Kb used=1327Kb max_used=1371Kb free=4372Kb
 bounds [0x0000000117c89000, 0x0000000117ef9000, 0x000000011821a000]
 total_blobs=7789 nmethods=7120 adapters=584
 compilation: enabled
              stopped_count=0, restarted_count=0
 full_count=0

Compilation events (20 events):
Event: 36.423 Thread 0x00007f9312823800 nmethod 7505 0x00000001183cfd10 code [0x00000001183cfea0, 0x00000001183cffa8]
Event: 36.423 Thread 0x00007f9312823800 7491       4       org.eclipse.core.runtime.ProgressMonitorWrapper::isCanceled (10 bytes)
Event: 36.425 Thread 0x00007f9312823800 nmethod 7491 0x00000001183cf910 code [0x00000001183cfaa0, 0x00000001183cfb98]
Event: 36.425 Thread 0x00007f9312823800 8822       4       org.eclipse.jdt.core.compiler.CharOperation::lastSegment (22 bytes)
Event: 36.441 Thread 0x00007f9312823800 nmethod 8822 0x000000011847b290 code [0x000000011847b420, 0x000000011847b6b8]
Event: 36.441 Thread 0x00007f9312823800 8982       4       org.eclipse.jdt.core.compiler.CharOperation::concatWithAll (105 bytes)
Event: 36.442 Thread 0x00007f9314828a00 8984       3       org.eclipse.jdt.internal.core.search.indexing.BinaryIndexer::addTypeReference (92 bytes)
Event: 36.443 Thread 0x00007f9314828a00 nmethod 8984 0x0000000111085a90 code [0x0000000111085ce0, 0x0000000111086750]
Event: 36.451 Thread 0x00007f9314828a00 8985       3       org.eclipse.jdt.internal.compiler.util.SimpleLookupTable::put (104 bytes)
Event: 36.451 Thread 0x00007f9314828a00 nmethod 8985 0x00000001109cc490 code [0x00000001109cc6a0, 0x00000001109cd000]
Event: 36.452 Thread 0x00007f9312823800 nmethod 8982 0x0000000118579710 code [0x00000001185798a0, 0x0000000118579c98]
Event: 36.452 Thread 0x00007f9312823800 8981       4       org.eclipse.jdt.internal.compiler.util.CharDeduplication::getThreadLocalInstance (44 bytes)
Event: 36.454 Thread 0x00007f9314828a00 8986       3       java.net.URI::checkPath (38 bytes)
Event: 36.454 Thread 0x00007f9314828a00 nmethod 8986 0x0000000110f19d90 code [0x0000000110f19fc0, 0x0000000110f1a7a0]
Event: 36.456 Thread 0x00007f9312823800 nmethod 8981 0x0000000118579010 code [0x00000001185791c0, 0x0000000118579408]
Event: 36.456 Thread 0x00007f9312823800 8987       4       org.eclipse.jdt.core.compiler.CharOperation::concatWithAll (105 bytes)
Event: 36.469 Thread 0x00007f9312823800 nmethod 8987 0x0000000118484590 code [0x0000000118484720, 0x0000000118484af8]
Event: 36.469 Thread 0x00007f9312823800 8983       4       org.eclipse.jdt.internal.core.search.indexing.AbstractIndexer::addIndexMetaQualification (44 bytes)
Event: 36.475 Thread 0x00007f9314828a00 8988   !   3       sun.nio.ch.ChannelInputStream::read (95 bytes)
Event: 36.475 Thread 0x00007f9314828a00 nmethod 8988 0x0000000110876c90 code [0x0000000110876ec0, 0x0000000110877840]

GC Heap History (20 events):
Event: 35.074 GC heap after
{Heap after GC invocations=79 (full 3):
 PSYoungGen      total 17408K, used 1015K [0x00000007eab00000, 0x00000007ec700000, 0x0000000800000000)
  eden space 16384K, 0% used [0x00000007eab00000,0x00000007eab00000,0x00000007ebb00000)
  from space 1024K, 99% used [0x00000007ec000000,0x00000007ec0fdee8,0x00000007ec100000)
  to   space 5120K, 0% used [0x00000007ebb00000,0x00000007ebb00000,0x00000007ec000000)
 ParOldGen       total 68608K, used 46947K [0x00000007c0000000, 0x00000007c4300000, 0x00000007eab00000)
  object space 68608K, 68% used [0x00000007c0000000,0x00000007c2dd8cd0,0x00000007c4300000)
 Metaspace       used 65616K, committed 66752K, reserved 1114112K
  class space    used 7665K, committed 8192K, reserved 1048576K
}
Event: 35.414 GC heap before
{Heap before GC invocations=80 (full 3):
 PSYoungGen      total 17408K, used 17399K [0x00000007eab00000, 0x00000007ec700000, 0x0000000800000000)
  eden space 16384K, 100% used [0x00000007eab00000,0x00000007ebb00000,0x00000007ebb00000)
  from space 1024K, 99% used [0x00000007ec000000,0x00000007ec0fdee8,0x00000007ec100000)
  to   space 5120K, 0% used [0x00000007ebb00000,0x00000007ebb00000,0x00000007ec000000)
 ParOldGen       total 68608K, used 46947K [0x00000007c0000000, 0x00000007c4300000, 0x00000007eab00000)
  object space 68608K, 68% used [0x00000007c0000000,0x00000007c2dd8cd0,0x00000007c4300000)
 Metaspace       used 65881K, committed 67008K, reserved 1114112K
  class space    used 7682K, committed 8192K, reserved 1048576K
}
Event: 35.418 GC heap after
{Heap after GC invocations=80 (full 3):
 PSYoungGen      total 19968K, used 3141K [0x00000007eab00000, 0x00000007ec300000, 0x0000000800000000)
  eden space 16384K, 0% used [0x00000007eab00000,0x00000007eab00000,0x00000007ebb00000)
  from space 3584K, 87% used [0x00000007ebb00000,0x00000007ebe11768,0x00000007ebe80000)
  to   space 4096K, 0% used [0x00000007ebf00000,0x00000007ebf00000,0x00000007ec300000)
 ParOldGen       total 68608K, used 47907K [0x00000007c0000000, 0x00000007c4300000, 0x00000007eab00000)
  object space 68608K, 69% used [0x00000007c0000000,0x00000007c2ec8e48,0x00000007c4300000)
 Metaspace       used 65881K, committed 67008K, reserved 1114112K
  class space    used 7682K, committed 8192K, reserved 1048576K
}
Event: 35.524 GC heap before
{Heap before GC invocations=81 (full 3):
 PSYoungGen      total 19968K, used 19525K [0x00000007eab00000, 0x00000007ec300000, 0x0000000800000000)
  eden space 16384K, 100% used [0x00000007eab00000,0x00000007ebb00000,0x00000007ebb00000)
  from space 3584K, 87% used [0x00000007ebb00000,0x00000007ebe11768,0x00000007ebe80000)
  to   space 4096K, 0% used [0x00000007ebf00000,0x00000007ebf00000,0x00000007ec300000)
 ParOldGen       total 68608K, used 47907K [0x00000007c0000000, 0x00000007c4300000, 0x00000007eab00000)
  object space 68608K, 69% used [0x00000007c0000000,0x00000007c2ec8e48,0x00000007c4300000)
 Metaspace       used 65931K, committed 67072K, reserved 1114112K
  class space    used 7682K, committed 8192K, reserved 1048576K
}
Event: 35.529 GC heap after
{Heap after GC invocations=81 (full 3):
 PSYoungGen      total 18944K, used 2253K [0x00000007eab00000, 0x00000007ec180000, 0x0000000800000000)
  eden space 16384K, 0% used [0x00000007eab00000,0x00000007eab00000,0x00000007ebb00000)
  from space 2560K, 88% used [0x00000007ebf00000,0x00000007ec133560,0x00000007ec180000)
  to   space 3072K, 0% used [0x00000007ebb80000,0x00000007ebb80000,0x00000007ebe80000)
 ParOldGen       total 68608K, used 50989K [0x00000007c0000000, 0x00000007c4300000, 0x00000007eab00000)
  object space 68608K, 74% used [0x00000007c0000000,0x00000007c31cb610,0x00000007c4300000)
 Metaspace       used 65931K, committed 67072K, reserved 1114112K
  class space    used 7682K, committed 8192K, reserved 1048576K
}
Event: 35.634 GC heap before
{Heap before GC invocations=82 (full 3):
 PSYoungGen      total 18944K, used 18637K [0x00000007eab00000, 0x00000007ec180000, 0x0000000800000000)
  eden space 16384K, 100% used [0x00000007eab00000,0x00000007ebb00000,0x00000007ebb00000)
  from space 2560K, 88% used [0x00000007ebf00000,0x00000007ec133560,0x00000007ec180000)
  to   space 3072K, 0% used [0x00000007ebb80000,0x00000007ebb80000,0x00000007ebe80000)
 ParOldGen       total 68608K, used 50989K [0x00000007c0000000, 0x00000007c4300000, 0x00000007eab00000)
  object space 68608K, 74% used [0x00000007c0000000,0x00000007c31cb610,0x00000007c4300000)
 Metaspace       used 65960K, committed 67136K, reserved 1114112K
  class space    used 7683K, committed 8192K, reserved 1048576K
}
Event: 35.637 GC heap after
{Heap after GC invocations=82 (full 3):
 PSYoungGen      total 19456K, used 2570K [0x00000007eab00000, 0x00000007ec100000, 0x0000000800000000)
  eden space 16384K, 0% used [0x00000007eab00000,0x00000007eab00000,0x00000007ebb00000)
  from space 3072K, 83% used [0x00000007ebb80000,0x00000007ebe02ac8,0x00000007ebe80000)
  to   space 2560K, 0% used [0x00000007ebe80000,0x00000007ebe80000,0x00000007ec100000)
 ParOldGen       total 68608K, used 53209K [0x00000007c0000000, 0x00000007c4300000, 0x00000007eab00000)
  object space 68608K, 77% used [0x00000007c0000000,0x00000007c33f6420,0x00000007c4300000)
 Metaspace       used 65960K, committed 67136K, reserved 1114112K
  class space    used 7683K, committed 8192K, reserved 1048576K
}
Event: 35.716 GC heap before
{Heap before GC invocations=83 (full 3):
 PSYoungGen      total 19456K, used 18954K [0x00000007eab00000, 0x00000007ec100000, 0x0000000800000000)
  eden space 16384K, 100% used [0x00000007eab00000,0x00000007ebb00000,0x00000007ebb00000)
  from space 3072K, 83% used [0x00000007ebb80000,0x00000007ebe02ac8,0x00000007ebe80000)
  to   space 2560K, 0% used [0x00000007ebe80000,0x00000007ebe80000,0x00000007ec100000)
 ParOldGen       total 68608K, used 53209K [0x00000007c0000000, 0x00000007c4300000, 0x00000007eab00000)
  object space 68608K, 77% used [0x00000007c0000000,0x00000007c33f6420,0x00000007c4300000)
 Metaspace       used 65976K, committed 67136K, reserved 1114112K
  class space    used 7683K, committed 8192K, reserved 1048576K
}
Event: 35.728 GC heap after
{Heap after GC invocations=83 (full 3):
 PSYoungGen      total 16384K, used 2528K [0x00000007eab00000, 0x00000007ec700000, 0x0000000800000000)
  eden space 13824K, 0% used [0x00000007eab00000,0x00000007eab00000,0x00000007eb880000)
  from space 2560K, 98% used [0x00000007ebe80000,0x00000007ec0f8248,0x00000007ec100000)
  to   space 6144K, 0% used [0x00000007eb880000,0x00000007eb880000,0x00000007ebe80000)
 ParOldGen       total 68608K, used 55973K [0x00000007c0000000, 0x00000007c4300000, 0x00000007eab00000)
  object space 68608K, 81% used [0x00000007c0000000,0x00000007c36a9760,0x00000007c4300000)
 Metaspace       used 65976K, committed 67136K, reserved 1114112K
  class space    used 7683K, committed 8192K, reserved 1048576K
}
Event: 35.802 GC heap before
{Heap before GC invocations=84 (full 3):
 PSYoungGen      total 16384K, used 16352K [0x00000007eab00000, 0x00000007ec700000, 0x0000000800000000)
  eden space 13824K, 100% used [0x00000007eab00000,0x00000007eb880000,0x00000007eb880000)
  from space 2560K, 98% used [0x00000007ebe80000,0x00000007ec0f8248,0x00000007ec100000)
  to   space 6144K, 0% used [0x00000007eb880000,0x00000007eb880000,0x00000007ebe80000)
 ParOldGen       total 68608K, used 55973K [0x00000007c0000000, 0x00000007c4300000, 0x00000007eab00000)
  object space 68608K, 81% used [0x00000007c0000000,0x00000007c36a9760,0x00000007c4300000)
 Metaspace       used 65978K, committed 67136K, reserved 1114112K
  class space    used 7683K, committed 8192K, reserved 1048576K
}
Event: 35.813 GC heap after
{Heap after GC invocations=84 (full 3):
 PSYoungGen      total 16384K, used 2112K [0x00000007eab00000, 0x00000007ebf80000, 0x0000000800000000)
  eden space 13824K, 0% used [0x00000007eab00000,0x00000007eab00000,0x00000007eb880000)
  from space 2560K, 82% used [0x00000007eb880000,0x00000007eba90010,0x00000007ebb00000)
  to   space 3584K, 0% used [0x00000007ebc00000,0x00000007ebc00000,0x00000007ebf80000)
 ParOldGen       total 68608K, used 58484K [0x00000007c0000000, 0x00000007c4300000, 0x00000007eab00000)
  object space 68608K, 85% used [0x00000007c0000000,0x00000007c391d2d0,0x00000007c4300000)
 Metaspace       used 65978K, committed 67136K, reserved 1114112K
  class space    used 7683K, committed 8192K, reserved 1048576K
}
Event: 36.038 GC heap before
{Heap before GC invocations=85 (full 3):
 PSYoungGen      total 16384K, used 15936K [0x00000007eab00000, 0x00000007ebf80000, 0x0000000800000000)
  eden space 13824K, 100% used [0x00000007eab00000,0x00000007eb880000,0x00000007eb880000)
  from space 2560K, 82% used [0x00000007eb880000,0x00000007eba90010,0x00000007ebb00000)
  to   space 3584K, 0% used [0x00000007ebc00000,0x00000007ebc00000,0x00000007ebf80000)
 ParOldGen       total 68608K, used 58484K [0x00000007c0000000, 0x00000007c4300000, 0x00000007eab00000)
  object space 68608K, 85% used [0x00000007c0000000,0x00000007c391d2d0,0x00000007c4300000)
 Metaspace       used 65998K, committed 67136K, reserved 1114112K
  class space    used 7683K, committed 8192K, reserved 1048576K
}
Event: 36.054 GC heap after
{Heap after GC invocations=85 (full 3):
 PSYoungGen      total 16384K, used 2336K [0x00000007eab00000, 0x00000007ebe80000, 0x0000000800000000)
  eden space 13824K, 0% used [0x00000007eab00000,0x00000007eab00000,0x00000007eb880000)
  from space 2560K, 91% used [0x00000007ebc00000,0x00000007ebe48068,0x00000007ebe80000)
  to   space 2560K, 0% used [0x00000007eb880000,0x00000007eb880000,0x00000007ebb00000)
 ParOldGen       total 68608K, used 60552K [0x00000007c0000000, 0x00000007c4300000, 0x00000007eab00000)
  object space 68608K, 88% used [0x00000007c0000000,0x00000007c3b22000,0x00000007c4300000)
 Metaspace       used 65998K, committed 67136K, reserved 1114112K
  class space    used 7683K, committed 8192K, reserved 1048576K
}
Event: 36.152 GC heap before
{Heap before GC invocations=86 (full 3):
 PSYoungGen      total 16384K, used 16160K [0x00000007eab00000, 0x00000007ebe80000, 0x0000000800000000)
  eden space 13824K, 100% used [0x00000007eab00000,0x00000007eb880000,0x00000007eb880000)
  from space 2560K, 91% used [0x00000007ebc00000,0x00000007ebe48068,0x00000007ebe80000)
  to   space 2560K, 0% used [0x00000007eb880000,0x00000007eb880000,0x00000007ebb00000)
 ParOldGen       total 68608K, used 60552K [0x00000007c0000000, 0x00000007c4300000, 0x00000007eab00000)
  object space 68608K, 88% used [0x00000007c0000000,0x00000007c3b22000,0x00000007c4300000)
 Metaspace       used 65998K, committed 67136K, reserved 1114112K
  class space    used 7683K, committed 8192K, reserved 1048576K
}
Event: 36.157 GC heap after
{Heap after GC invocations=86 (full 3):
 PSYoungGen      total 16384K, used 2366K [0x00000007eab00000, 0x00000007ebd80000, 0x0000000800000000)
  eden space 13824K, 0% used [0x00000007eab00000,0x00000007eab00000,0x00000007eb880000)
  from space 2560K, 92% used [0x00000007eb880000,0x00000007ebacfbe0,0x00000007ebb00000)
  to   space 2560K, 0% used [0x00000007ebb00000,0x00000007ebb00000,0x00000007ebd80000)
 ParOldGen       total 68608K, used 62783K [0x00000007c0000000, 0x00000007c4300000, 0x00000007eab00000)
  object space 68608K, 91% used [0x00000007c0000000,0x00000007c3d4fd28,0x00000007c4300000)
 Metaspace       used 65998K, committed 67136K, reserved 1114112K
  class space    used 7683K, committed 8192K, reserved 1048576K
}
Event: 36.307 GC heap before
{Heap before GC invocations=87 (full 3):
 PSYoungGen      total 16384K, used 14090K [0x00000007eab00000, 0x00000007ebd80000, 0x0000000800000000)
  eden space 13824K, 84% used [0x00000007eab00000,0x00000007eb672e28,0x00000007eb880000)
  from space 2560K, 92% used [0x00000007eb880000,0x00000007ebacfbe0,0x00000007ebb00000)
  to   space 2560K, 0% used [0x00000007ebb00000,0x00000007ebb00000,0x00000007ebd80000)
 ParOldGen       total 68608K, used 62783K [0x00000007c0000000, 0x00000007c4300000, 0x00000007eab00000)
  object space 68608K, 91% used [0x00000007c0000000,0x00000007c3d4fd28,0x00000007c4300000)
 Metaspace       used 66097K, committed 67200K, reserved 1114112K
  class space    used 7695K, committed 8192K, reserved 1048576K
}
Event: 36.337 GC heap after
{Heap after GC invocations=87 (full 3):
 PSYoungGen      total 16384K, used 1951K [0x00000007eab00000, 0x00000007ebd80000, 0x0000000800000000)
  eden space 13824K, 0% used [0x00000007eab00000,0x00000007eab00000,0x00000007eb880000)
  from space 2560K, 76% used [0x00000007ebb00000,0x00000007ebce7f60,0x00000007ebd80000)
  to   space 2560K, 0% used [0x00000007eb880000,0x00000007eb880000,0x00000007ebb00000)
 ParOldGen       total 68608K, used 65024K [0x00000007c0000000, 0x00000007c4300000, 0x00000007eab00000)
  object space 68608K, 94% used [0x00000007c0000000,0x00000007c3f80210,0x00000007c4300000)
 Metaspace       used 66097K, committed 67200K, reserved 1114112K
  class space    used 7695K, committed 8192K, reserved 1048576K
}
Event: 36.476 GC heap before
{Heap before GC invocations=88 (full 3):
 PSYoungGen      total 16384K, used 15775K [0x00000007eab00000, 0x00000007ebd80000, 0x0000000800000000)
  eden space 13824K, 100% used [0x00000007eab00000,0x00000007eb880000,0x00000007eb880000)
  from space 2560K, 76% used [0x00000007ebb00000,0x00000007ebce7f60,0x00000007ebd80000)
  to   space 2560K, 0% used [0x00000007eb880000,0x00000007eb880000,0x00000007ebb00000)
 ParOldGen       total 68608K, used 65024K [0x00000007c0000000, 0x00000007c4300000, 0x00000007eab00000)
  object space 68608K, 94% used [0x00000007c0000000,0x00000007c3f80210,0x00000007c4300000)
 Metaspace       used 66100K, committed 67200K, reserved 1114112K
  class space    used 7696K, committed 8192K, reserved 1048576K
}
Event: 36.483 GC heap after
{Heap after GC invocations=88 (full 3):
 PSYoungGen      total 16384K, used 2537K [0x00000007eab00000, 0x00000007ebe80000, 0x0000000800000000)
  eden space 13824K, 0% used [0x00000007eab00000,0x00000007eab00000,0x00000007eb880000)
  from space 2560K, 99% used [0x00000007eb880000,0x00000007ebafa700,0x00000007ebb00000)
  to   space 3072K, 0% used [0x00000007ebb80000,0x00000007ebb80000,0x00000007ebe80000)
 ParOldGen       total 74240K, used 72324K [0x00000007c0000000, 0x00000007c4880000, 0x00000007eab00000)
  object space 74240K, 97% used [0x00000007c0000000,0x00000007c46a1130,0x00000007c4880000)
 Metaspace       used 66100K, committed 67200K, reserved 1114112K
  class space    used 7696K, committed 8192K, reserved 1048576K
}
Event: 36.483 GC heap before
{Heap before GC invocations=89 (full 4):
 PSYoungGen      total 16384K, used 2537K [0x00000007eab00000, 0x00000007ebe80000, 0x0000000800000000)
  eden space 13824K, 0% used [0x00000007eab00000,0x00000007eab00000,0x00000007eb880000)
  from space 2560K, 99% used [0x00000007eb880000,0x00000007ebafa700,0x00000007ebb00000)
  to   space 3072K, 0% used [0x00000007ebb80000,0x00000007ebb80000,0x00000007ebe80000)
 ParOldGen       total 74240K, used 72324K [0x00000007c0000000, 0x00000007c4880000, 0x00000007eab00000)
  object space 74240K, 97% used [0x00000007c0000000,0x00000007c46a1130,0x00000007c4880000)
 Metaspace       used 66100K, committed 67200K, reserved 1114112K
  class space    used 7696K, committed 8192K, reserved 1048576K
}

Dll operation events (12 events):
Event: 0.034 Loaded shared library /Users/Shoaib/.vscode/extensions/redhat.java-1.35.1-darwin-x64/jre/17.0.12-macosx-x86_64/lib/libjava.dylib
Event: 1.108 Loaded shared library /Users/Shoaib/.vscode/extensions/redhat.java-1.35.1-darwin-x64/jre/17.0.12-macosx-x86_64/lib/libzip.dylib
Event: 1.114 Loaded shared library /Users/Shoaib/.vscode/extensions/redhat.java-1.35.1-darwin-x64/jre/17.0.12-macosx-x86_64/lib/libinstrument.dylib
Event: 1.131 Loaded shared library /Users/Shoaib/.vscode/extensions/redhat.java-1.35.1-darwin-x64/jre/17.0.12-macosx-x86_64/lib/libnio.dylib
Event: 1.154 Loaded shared library /Users/Shoaib/.vscode/extensions/redhat.java-1.35.1-darwin-x64/jre/17.0.12-macosx-x86_64/lib/libzip.dylib
Event: 1.317 Loaded shared library /Users/Shoaib/.vscode/extensions/redhat.java-1.35.1-darwin-x64/jre/17.0.12-macosx-x86_64/lib/libjimage.dylib
Event: 1.652 Loaded shared library /Users/Shoaib/.vscode/extensions/redhat.java-1.35.1-darwin-x64/jre/17.0.12-macosx-x86_64/lib/libverify.dylib
Event: 4.341 Loaded shared library /Users/Shoaib/.vscode/extensions/redhat.java-1.35.1-darwin-x64/jre/17.0.12-macosx-x86_64/lib/libnet.dylib
Event: 12.315 Loaded shared library /Users/Shoaib/.gradle/native/c067742578af261105cb4f569cf0c3c89f3d7b1fecec35dd04571415982c5e48/osx-amd64/libnative-platform.dylib
Event: 12.991 Loaded shared library /Users/Shoaib/.vscode/extensions/redhat.java-1.35.1-darwin-x64/jre/17.0.12-macosx-x86_64/lib/libmanagement.dylib
Event: 12.994 Loaded shared library /Users/Shoaib/.vscode/extensions/redhat.java-1.35.1-darwin-x64/jre/17.0.12-macosx-x86_64/lib/libmanagement_ext.dylib
Event: 13.726 Loaded shared library /Users/Shoaib/.vscode/extensions/redhat.java-1.35.1-darwin-x64/jre/17.0.12-macosx-x86_64/lib/libextnet.dylib

Deoptimization events (20 events):
Event: 36.011 Thread 0x00007f9312a31600 DEOPT PACKING pc=0x0000000111562970 sp=0x00007000032fce80
Event: 36.011 Thread 0x00007f9312a31600 DEOPT UNPACKING pc=0x0000000117cdfb2f sp=0x00007000032fc318 mode 0
Event: 36.202 Thread 0x00007f9312fff600 Uncommon trap: trap_request=0xffffff45 fr.pc=0x0000000118467b90 relative=0x00000000000003d0
Event: 36.202 Thread 0x00007f9312fff600 Uncommon trap: reason=unstable_if action=reinterpret pc=0x0000000118467b90 method=com.google.gson.stream.JsonReader.isLiteral(C)Z @ 1 c2
Event: 36.202 Thread 0x00007f9312fff600 DEOPT PACKING pc=0x0000000118467b90 sp=0x0000700003708fb0
Event: 36.202 Thread 0x00007f9312fff600 DEOPT UNPACKING pc=0x0000000117cdf399 sp=0x0000700003708e78 mode 2
Event: 36.250 Thread 0x00007f9314f47400 Uncommon trap: trap_request=0xffffff45 fr.pc=0x000000011858e130 relative=0x0000000000000d10
Event: 36.250 Thread 0x00007f9314f47400 Uncommon trap: reason=unstable_if action=reinterpret pc=0x000000011858e130 method=org.eclipse.jdt.internal.core.util.Util.splitOn(CLjava/lang/String;II)[Ljava/lang/String; @ 16 c2
Event: 36.250 Thread 0x00007f9314f47400 DEOPT PACKING pc=0x000000011858e130 sp=0x0000700003c16f10
Event: 36.250 Thread 0x00007f9314f47400 DEOPT UNPACKING pc=0x0000000117cdf399 sp=0x0000700003c16ef0 mode 2
Event: 36.254 Thread 0x00007f9314f47400 DEOPT PACKING pc=0x0000000110a2bee9 sp=0x0000700003c168d0
Event: 36.254 Thread 0x00007f9314f47400 DEOPT UNPACKING pc=0x0000000117cdfb2f sp=0x0000700003c15e00 mode 0
Event: 36.441 Thread 0x00007f9312a31600 Uncommon trap: trap_request=0xffffff45 fr.pc=0x000000011824575c relative=0x000000000000057c
Event: 36.441 Thread 0x00007f9312a31600 Uncommon trap: reason=unstable_if action=reinterpret pc=0x000000011824575c method=org.eclipse.jdt.internal.core.search.indexing.BinaryIndexer.addTypeReference([C)V @ 23 c2
Event: 36.441 Thread 0x00007f9312a31600 DEOPT PACKING pc=0x000000011824575c sp=0x00007000032fced0
Event: 36.441 Thread 0x00007f9312a31600 DEOPT UNPACKING pc=0x0000000117cdf399 sp=0x00007000032fcec8 mode 2
Event: 36.452 Thread 0x00007f9312a31600 Uncommon trap: trap_request=0xffffff6e fr.pc=0x0000000118579be8 relative=0x0000000000000348
Event: 36.452 Thread 0x00007f9312a31600 Uncommon trap: reason=loop_limit_check action=maybe_recompile pc=0x0000000118579be8 method=org.eclipse.jdt.core.compiler.CharOperation.concatWithAll([[CC)[C @ 99 c2
Event: 36.452 Thread 0x00007f9312a31600 DEOPT PACKING pc=0x0000000118579be8 sp=0x00007000032fce70
Event: 36.452 Thread 0x00007f9312a31600 DEOPT UNPACKING pc=0x0000000117cdf399 sp=0x00007000032fce20 mode 2

Classes loaded (20 events):
Event: 35.274 Loading class sun/util/locale/provider/TimeZoneNameProviderImpl done
Event: 35.274 Loading class sun/util/cldr/CLDRTimeZoneNameProviderImpl done
Event: 35.276 Loading class sun/util/resources/cldr/TimeZoneNames
Event: 35.276 Loading class sun/util/resources/TimeZoneNamesBundle
Event: 35.276 Loading class sun/util/resources/OpenListResourceBundle
Event: 35.276 Loading class sun/util/resources/OpenListResourceBundle done
Event: 35.276 Loading class sun/util/resources/TimeZoneNamesBundle done
Event: 35.276 Loading class sun/util/resources/cldr/TimeZoneNames done
Event: 35.276 Loading class sun/util/resources/cldr/TimeZoneNames_en
Event: 35.278 Loading class sun/util/resources/cldr/TimeZoneNames_en done
Event: 35.279 Loading class sun/util/resources/cldr/TimeZoneNames_en_US
Event: 35.279 Loading class sun/util/resources/cldr/TimeZoneNames_en_US done
Event: 35.282 Loading class sun/util/cldr/CLDRBaseLocaleDataMetaInfo$TZCanonicalIDMapHolder
Event: 35.283 Loading class sun/util/cldr/CLDRBaseLocaleDataMetaInfo$TZCanonicalIDMapHolder done
Event: 35.285 Loading class sun/util/resources/TimeZoneNames
Event: 35.285 Loading class sun/util/resources/TimeZoneNames done
Event: 35.286 Loading class sun/util/resources/TimeZoneNames_en
Event: 35.286 Loading class sun/util/resources/TimeZoneNames_en done
Event: 35.288 Loading class java/util/ArrayDeque$DeqSpliterator
Event: 35.288 Loading class java/util/ArrayDeque$DeqSpliterator done

Classes unloaded (13 events):
Event: 9.015 Thread 0x00007f9312413530 Unloading class 0x0000000800254800 'java/lang/invoke/LambdaForm$MH+0x0000000800254800'
Event: 9.015 Thread 0x00007f9312413530 Unloading class 0x0000000800254400 'java/lang/invoke/LambdaForm$MH+0x0000000800254400'
Event: 9.015 Thread 0x00007f9312413530 Unloading class 0x0000000800254000 'java/lang/invoke/LambdaForm$MH+0x0000000800254000'
Event: 9.015 Thread 0x00007f9312413530 Unloading class 0x0000000800253c00 'java/lang/invoke/LambdaForm$MH+0x0000000800253c00'
Event: 9.015 Thread 0x00007f9312413530 Unloading class 0x0000000800253800 'java/lang/invoke/LambdaForm$BMH+0x0000000800253800'
Event: 9.015 Thread 0x00007f9312413530 Unloading class 0x0000000800253400 'java/lang/invoke/LambdaForm$DMH+0x0000000800253400'
Event: 9.015 Thread 0x00007f9312413530 Unloading class 0x0000000800250800 'java/lang/invoke/LambdaForm$DMH+0x0000000800250800'
Event: 13.195 Thread 0x00007f9312413530 Unloading class 0x0000000800439400 'java/lang/invoke/LambdaForm$MH+0x0000000800439400'
Event: 13.195 Thread 0x00007f9312413530 Unloading class 0x000000080042b400 'java/lang/invoke/LambdaForm$MH+0x000000080042b400'
Event: 13.195 Thread 0x00007f9312413530 Unloading class 0x000000080042ac00 'java/lang/invoke/LambdaForm$MH+0x000000080042ac00'
Event: 13.195 Thread 0x00007f9312413530 Unloading class 0x000000080042a400 'java/lang/invoke/LambdaForm$MH+0x000000080042a400'
Event: 13.195 Thread 0x00007f9312413530 Unloading class 0x0000000800429c00 'java/lang/invoke/LambdaForm$MH+0x0000000800429c00'
Event: 13.195 Thread 0x00007f9312413530 Unloading class 0x0000000800429400 'java/lang/invoke/LambdaForm$MH+0x0000000800429400'

Classes redefined (0 events):
No events

Internal exceptions (20 events):
Event: 16.564 Thread 0x00007f93131fa600 Exception <a 'java/lang/NoSuchMethodError'{0x00000007eb9e7108}: static Lorg/gradle/internal/build/event/types/DefaultTransformDescriptor;.<clinit>()V> (0x00000007eb9e7108) 
thrown [src/hotspot/share/prims/jni.cpp, line 1112]
Event: 16.763 Thread 0x00007f93131fa600 Implicit null exception at 0x000000011848b4f8 to 0x0000000118494a9c
Event: 31.304 Thread 0x00007f93131fa600 Exception <a 'java/lang/NoSuchMethodError'{0x00000007eb9e06f8}: static Lorg/gradle/tooling/internal/provider/serialization/ClassLoaderDetails;.<clinit>()V> (0x00000007eb9e06f8) 
thrown [src/hotspot/share/prims/jni.cpp, line 1112]
Event: 31.304 Thread 0x00007f93131fa600 Exception <a 'java/lang/NoSuchMethodError'{0x00000007eb9eef20}: static Lorg/gradle/internal/classloader/ClassLoaderSpec;.<clinit>()V> (0x00000007eb9eef20) 
thrown [src/hotspot/share/prims/jni.cpp, line 1112]
Event: 31.305 Thread 0x00007f93131fa600 Exception <a 'java/lang/NoSuchMethodError'{0x00000007eb9fe8e0}: static Lorg/gradle/tooling/internal/provider/serialization/WellKnownClassLoaderRegistry$KnownClassLoaderSpec;.<clinit>()V> (0x00000007eb9fe8e0) 
thrown [src/hotspot/share/prims/jni.cpp, line 1112]
Event: 33.602 Thread 0x00007f9314f47400 Exception <a 'java/lang/NoSuchMethodError'{0x00000007eb7dc1d0}: 'java.lang.Object java.lang.invoke.DirectMethodHandle$Holder.invokeInterface(java.lang.Object, java.lang.Object, java.lang.Object)'> (0x00000007eb7dc1d0) 
thrown [src/hotspot/share/interpreter/linkResolver.cpp, line 759]
Event: 33.622 Thread 0x00007f9314f47400 Exception <a 'java/io/FileNotFoundException'{0x00000007eb886780}> (0x00000007eb886780) 
thrown [src/hotspot/share/prims/jni.cpp, line 516]
Event: 33.622 Thread 0x00007f9314f47400 Exception <a 'java/io/FileNotFoundException'{0x00000007eb8879d8}> (0x00000007eb8879d8) 
thrown [src/hotspot/share/prims/jni.cpp, line 516]
Event: 33.622 Thread 0x00007f9314f47400 Exception <a 'java/io/FileNotFoundException'{0x00000007eb888960}> (0x00000007eb888960) 
thrown [src/hotspot/share/prims/jni.cpp, line 516]
Event: 33.856 Thread 0x00007f9314f47400 Exception <a 'java/lang/NoSuchMethodError'{0x00000007ebcc4e08}: 'java.lang.Object java.lang.invoke.Invokers$Holder.invoke_MT(java.lang.Object, java.lang.Object, java.lang.Object)'> (0x00000007ebcc4e08) 
thrown [src/hotspot/share/interpreter/linkResolver.cpp, line 759]
Event: 34.074 Thread 0x00007f9314f47400 Exception <a 'java/lang/NoSuchMethodError'{0x00000007eb052300}: 'java.lang.Object java.lang.invoke.DirectMethodHandle$Holder.invokeSpecial(java.lang.Object, java.lang.Object, java.lang.Object, java.lang.Object, java.lang.Object, java.lang.Object, java.lang.Object, java.lang.Object, java.lang.Object, java.lang.Object)'> (0x00000007eb052300) 
thrown [src/hotspot/share/interpreter/linkResolver.cpp, line 759]
Event: 34.075 Thread 0x00007f9314f47400 Exception <a 'java/lang/NoSuchMethodError'{0x00000007eb056b90}: 'java.lang.Object java.lang.invoke.Invokers$Holder.invoke_MT(java.lang.Object, java.lang.Object, java.lang.Object, java.lang.Object, java.lang.Object, java.lang.Object, java.lang.Object, java.lang.Object, java.lang.Object, java.lang.Object)'> (0x00000007eb056b90) 
thrown [src/hotspot/share/interpreter/linkResolver.cpp, line 759]
Event: 34.173 Thread 0x00007f9314f47400 Exception <a 'java/io/FileNotFoundException'{0x00000007eb360e80}> (0x00000007eb360e80) 
thrown [src/hotspot/share/prims/jni.cpp, line 516]
Event: 34.174 Thread 0x00007f9314f47400 Exception <a 'java/io/FileNotFoundException'{0x00000007eb3625f0}> (0x00000007eb3625f0) 
thrown [src/hotspot/share/prims/jni.cpp, line 516]
Event: 34.671 Thread 0x00007f9314f47400 Exception <a 'java/io/FileNotFoundException'{0x00000007ebcff260}> (0x00000007ebcff260) 
thrown [src/hotspot/share/prims/jni.cpp, line 516]
Event: 34.680 Thread 0x00007f9314f47400 Exception <a 'java/io/FileNotFoundException'{0x00000007eab00448}> (0x00000007eab00448) 
thrown [src/hotspot/share/prims/jni.cpp, line 516]
Event: 34.799 Thread 0x00007f9314f47400 Exception <a 'sun/nio/fs/UnixException'{0x00000007ead35f00}> (0x00000007ead35f00) 
thrown [src/hotspot/share/prims/jni.cpp, line 516]
Event: 35.059 Thread 0x00007f9314f47400 Exception <a 'java/io/FileNotFoundException'{0x00000007ebb39c30}> (0x00000007ebb39c30) 
thrown [src/hotspot/share/prims/jni.cpp, line 516]
Event: 35.106 Thread 0x00007f9312905600 Implicit null exception at 0x000000011849ca04 to 0x000000011849d25c
Event: 35.654 Thread 0x00007f9312a31600 Implicit null exception at 0x00000001182bcdcf to 0x00000001182bcebc

VM Operations (20 events):
Event: 35.529 Executing VM operation: ParallelGCFailedAllocation done
Event: 35.538 Executing VM operation: HandshakeAllThreads
Event: 35.538 Executing VM operation: HandshakeAllThreads done
Event: 35.545 Executing VM operation: HandshakeAllThreads
Event: 35.548 Executing VM operation: HandshakeAllThreads done
Event: 35.634 Executing VM operation: ParallelGCFailedAllocation
Event: 35.638 Executing VM operation: ParallelGCFailedAllocation done
Event: 35.715 Executing VM operation: ParallelGCFailedAllocation
Event: 35.731 Executing VM operation: ParallelGCFailedAllocation done
Event: 35.802 Executing VM operation: ParallelGCFailedAllocation
Event: 35.815 Executing VM operation: ParallelGCFailedAllocation done
Event: 36.038 Executing VM operation: ParallelGCFailedAllocation
Event: 36.054 Executing VM operation: ParallelGCFailedAllocation done
Event: 36.152 Executing VM operation: ParallelGCFailedAllocation
Event: 36.157 Executing VM operation: ParallelGCFailedAllocation done
Event: 36.243 Executing VM operation: HandshakeAllThreads
Event: 36.244 Executing VM operation: HandshakeAllThreads done
Event: 36.302 Executing VM operation: ParallelGCFailedAllocation
Event: 36.410 Executing VM operation: ParallelGCFailedAllocation done
Event: 36.476 Executing VM operation: ParallelGCFailedAllocation

Events (20 events):
Event: 35.564 Thread 0x00007f9314829000 flushing nmethod 0x0000000111546510
Event: 35.564 Thread 0x00007f9314829000 flushing nmethod 0x0000000111549090
Event: 35.564 Thread 0x00007f9314829000 flushing nmethod 0x000000011154b090
Event: 35.564 Thread 0x00007f9314829000 flushing nmethod 0x000000011154ce90
Event: 35.564 Thread 0x00007f9314829000 flushing nmethod 0x000000011154e490
Event: 35.564 Thread 0x00007f9314829000 flushing nmethod 0x0000000111566a10
Event: 35.564 Thread 0x00007f9314829000 flushing nmethod 0x0000000111566f90
Event: 35.564 Thread 0x00007f9314829000 flushing nmethod 0x000000011156cd90
Event: 35.564 Thread 0x00007f9314829000 flushing nmethod 0x000000011157c110
Event: 35.564 Thread 0x00007f9314829000 flushing nmethod 0x000000011157d390
Event: 35.564 Thread 0x00007f9314829000 flushing nmethod 0x0000000111582110
Event: 35.564 Thread 0x00007f9314829000 flushing nmethod 0x0000000111582510
Event: 35.564 Thread 0x00007f9314829000 flushing nmethod 0x0000000111582990
Event: 35.564 Thread 0x00007f9314829000 flushing nmethod 0x0000000111585b90
Event: 35.565 Thread 0x00007f9314829000 flushing nmethod 0x0000000111586510
Event: 35.565 Thread 0x00007f9314829000 flushing nmethod 0x0000000111586910
Event: 35.565 Thread 0x00007f9314829000 flushing nmethod 0x000000011158fa10
Event: 35.565 Thread 0x00007f9314829000 flushing nmethod 0x0000000111590b10
Event: 35.565 Thread 0x00007f9314829000 flushing nmethod 0x000000011159a410
Event: 35.565 Thread 0x00007f9314829000 flushing nmethod 0x000000011159db10


Dynamic libraries:
0x000000010b6e6000 	/Users/Shoaib/.vscode/extensions/redhat.java-1.35.1-darwin-x64/jre/17.0.12-macosx-x86_64/lib/libjli.dylib
0x00007fff34129000 	/System/Library/Frameworks/Cocoa.framework/Versions/A/Cocoa
0x00007fff4173e000 	/System/Library/Frameworks/Security.framework/Versions/A/Security
0x00007fff3308f000 	/System/Library/Frameworks/ApplicationServices.framework/Versions/A/ApplicationServices
0x00007fff6b096000 	/usr/lib/libSystem.B.dylib
0x00007fff34f8a000 	/System/Library/Frameworks/CoreFoundation.framework/Versions/A/CoreFoundation
0x00007fff3766f000 	/System/Library/Frameworks/Foundation.framework/Versions/C/Foundation
0x00007fff6cf8f000 	/usr/lib/libobjc.A.dylib
0x00007fff32281000 	/System/Library/Frameworks/AppKit.framework/Versions/C/AppKit
0x00007fff34a5b000 	/System/Library/Frameworks/CoreData.framework/Versions/A/CoreData
0x00007fff65441000 	/System/Library/PrivateFrameworks/UIFoundation.framework/Versions/A/UIFoundation
0x00007fff60c57000 	/System/Library/PrivateFrameworks/RemoteViewServices.framework/Versions/A/RemoteViewServices
0x00007fff67c06000 	/System/Library/PrivateFrameworks/XCTTargetBootstrap.framework/Versions/A/XCTTargetBootstrap
0x00007fff34e57000 	/System/Library/Frameworks/CoreDisplay.framework/Versions/A/CoreDisplay
0x00007fff3a52e000 	/System/Library/Frameworks/Metal.framework/Versions/A/Metal
0x00007fff4edef000 	/System/Library/PrivateFrameworks/DesktopServicesPriv.framework/Versions/A/DesktopServicesPriv
0x00007fff6c26a000 	/usr/lib/liblangid.dylib
0x00007fff4e084000 	/System/Library/PrivateFrameworks/CoreSVG.framework/Versions/A/CoreSVG
0x00007fff63631000 	/System/Library/PrivateFrameworks/SkyLight.framework/Versions/A/SkyLight
0x00007fff3540c000 	/System/Library/Frameworks/CoreGraphics.framework/Versions/A/CoreGraphics
0x00007fff30bf0000 	/System/Library/Frameworks/Accelerate.framework/Versions/A/Accelerate
0x00007fff6d553000 	/usr/lib/libxml2.2.dylib
0x00007fff59d7b000 	/System/Library/PrivateFrameworks/IconServices.framework/Versions/A/IconServices
0x00007fff37e4e000 	/System/Library/Frameworks/IOSurface.framework/Versions/A/IOSurface
0x00007fff6abc0000 	/usr/lib/libDiagnosticMessagesClient.dylib
0x00007fff6d662000 	/usr/lib/libz.1.dylib
0x00007fff4ec49000 	/System/Library/PrivateFrameworks/DFRFoundation.framework/Versions/A/DFRFoundation
0x00007fff6bff9000 	/usr/lib/libicucore.A.dylib
0x00007fff333c1000 	/System/Library/Frameworks/AudioToolbox.framework/Versions/A/AudioToolbox
0x00007fff334a4000 	/System/Library/Frameworks/AudioUnit.framework/Versions/A/AudioUnit
0x00007fff6b32e000 	/usr/lib/libauto.dylib
0x00007fff4eceb000 	/System/Library/PrivateFrameworks/DataDetectorsCore.framework/Versions/A/DataDetectorsCore
0x00007fff33c4a000 	/System/Library/Frameworks/Carbon.framework/Versions/A/Frameworks/HIToolbox.framework/Versions/A/HIToolbox
0x00007fff40937000 	/System/Library/Frameworks/QuartzCore.framework/Versions/A/QuartzCore
0x00007fff33f89000 	/System/Library/Frameworks/Carbon.framework/Versions/A/Frameworks/SpeechRecognition.framework/Versions/A/SpeechRecognition
0x00007fff4e75d000 	/System/Library/PrivateFrameworks/CoreUI.framework/Versions/A/CoreUI
0x00007fff34518000 	/System/Library/Frameworks/CoreAudio.framework/Versions/A/CoreAudio
0x00007fff3732d000 	/System/Library/Frameworks/DiskArbitration.framework/Versions/A/DiskArbitration
0x00007fff5bc30000 	/System/Library/PrivateFrameworks/MultitouchSupport.framework/Versions/A/MultitouchSupport
0x00007fff6bebe000 	/usr/lib/libenergytrace.dylib
0x00007fff37da8000 	/System/Library/Frameworks/IOKit.framework/Versions/A/IOKit
0x00007fff36397000 	/System/Library/Frameworks/CoreServices.framework/Versions/A/CoreServices
0x00007fff5ddea000 	/System/Library/PrivateFrameworks/PerformanceAnalysis.framework/Versions/A/PerformanceAnalysis
0x00007fff3f96a000 	/System/Library/Frameworks/OpenGL.framework/Versions/A/OpenGL
0x00007fff34137000 	/System/Library/Frameworks/ColorSync.framework/Versions/A/ColorSync
0x00007fff35ab2000 	/System/Library/Frameworks/CoreImage.framework/Versions/A/CoreImage
0x00007fff36e0b000 	/System/Library/Frameworks/CoreText.framework/Versions/A/CoreText
0x00007fff37ede000 	/System/Library/Frameworks/ImageIO.framework/Versions/A/ImageIO
0x00007fff6b412000 	/usr/lib/libc++.1.dylib
0x00007fff6b48e000 	/usr/lib/libcompression.dylib
0x00007fff6af04000 	/usr/lib/libMobileGestalt.dylib
0x00007fff651ab000 	/System/Library/PrivateFrameworks/TextureIO.framework/Versions/A/TextureIO
0x00007fff6b1fb000 	/usr/lib/libate.dylib
0x00007fff59f84000 	/System/Library/PrivateFrameworks/InternationalSupport.framework/Versions/A/InternationalSupport
0x00007fff6df23000 	/usr/lib/system/libcache.dylib
0x00007fff6df29000 	/usr/lib/system/libcommonCrypto.dylib
0x00007fff6df35000 	/usr/lib/system/libcompiler_rt.dylib
0x00007fff6df3d000 	/usr/lib/system/libcopyfile.dylib
0x00007fff6df47000 	/usr/lib/system/libcorecrypto.dylib
0x00007fff6e0e6000 	/usr/lib/system/libdispatch.dylib
0x00007fff6e127000 	/usr/lib/system/libdyld.dylib
0x00007fff6e15e000 	/usr/lib/system/libkeymgr.dylib
0x00007fff6e16c000 	/usr/lib/system/liblaunch.dylib
0x00007fff6e16d000 	/usr/lib/system/libmacho.dylib
0x00007fff6e173000 	/usr/lib/system/libquarantine.dylib
0x00007fff6e176000 	/usr/lib/system/libremovefile.dylib
0x00007fff6e178000 	/usr/lib/system/libsystem_asl.dylib
0x00007fff6e190000 	/usr/lib/system/libsystem_blocks.dylib
0x00007fff6e191000 	/usr/lib/system/libsystem_c.dylib
0x00007fff6e219000 	/usr/lib/system/libsystem_configuration.dylib
0x00007fff6e21d000 	/usr/lib/system/libsystem_coreservices.dylib
0x00007fff6e221000 	/usr/lib/system/libsystem_darwin.dylib
0x00007fff6e22a000 	/usr/lib/system/libsystem_dnssd.dylib
0x00007fff6e232000 	/usr/lib/system/libsystem_featureflags.dylib
0x00007fff6e234000 	/usr/lib/system/libsystem_info.dylib
0x00007fff6e2af000 	/usr/lib/system/libsystem_m.dylib
0x00007fff6e2fb000 	/usr/lib/system/libsystem_malloc.dylib
0x00007fff6e323000 	/usr/lib/system/libsystem_networkextension.dylib
0x00007fff6e331000 	/usr/lib/system/libsystem_notify.dylib
0x00007fff6e34f000 	/usr/lib/system/libsystem_sandbox.dylib
0x00007fff6e354000 	/usr/lib/system/libsystem_secinit.dylib
0x00007fff6e282000 	/usr/lib/system/libsystem_kernel.dylib
0x00007fff6e33b000 	/usr/lib/system/libsystem_platform.dylib
0x00007fff6e344000 	/usr/lib/system/libsystem_pthread.dylib
0x00007fff6e357000 	/usr/lib/system/libsystem_symptoms.dylib
0x00007fff6e35f000 	/usr/lib/system/libsystem_trace.dylib
0x00007fff6e377000 	/usr/lib/system/libunwind.dylib
0x00007fff6e37d000 	/usr/lib/system/libxpc.dylib
0x00007fff6b465000 	/usr/lib/libc++abi.dylib
0x00007fff6c26c000 	/usr/lib/liblzma.5.dylib
0x00007fff6bee7000 	/usr/lib/libfakelink.dylib
0x00007fff6b188000 	/usr/lib/libarchive.2.dylib
0x00007fff427f1000 	/System/Library/Frameworks/SystemConfiguration.framework/Versions/A/SystemConfiguration
0x00007fff6aaf3000 	/usr/lib/libCRFSuite.dylib
0x00007fff3383b000 	/System/Library/Frameworks/CFNetwork.framework/Versions/A/CFNetwork
0x00007fff6b3f4000 	/usr/lib/libbsm.0.dylib
0x00007fff6e15f000 	/usr/lib/system/libkxld.dylib
0x00007fff485ab000 	/System/Library/PrivateFrameworks/AppleFSCompression.framework/Versions/A/AppleFSCompression
0x00007fff6b780000 	/usr/lib/libcoretls.dylib
0x00007fff6b797000 	/usr/lib/libcoretls_cfhelpers.dylib
0x00007fff6cfd4000 	/usr/lib/libpam.2.dylib
0x00007fff6d109000 	/usr/lib/libsqlite3.dylib
0x00007fff6d540000 	/usr/lib/libxar.1.dylib
0x00007fff6b405000 	/usr/lib/libbz2.1.0.dylib
0x00007fff6bf08000 	/usr/lib/libiconv.2.dylib
0x00007fff6b47b000 	/usr/lib/libcharset.1.dylib
0x00007fff6ca72000 	/usr/lib/libnetwork.dylib
0x00007fff6cfdb000 	/usr/lib/libpcap.A.dylib
0x00007fff6b13d000 	/usr/lib/libapple_nghttp2.dylib
0x00007fff3674e000 	/System/Library/Frameworks/CoreServices.framework/Versions/A/Frameworks/FSEvents.framework/Versions/A/FSEvents
0x00007fff3641e000 	/System/Library/Frameworks/CoreServices.framework/Versions/A/Frameworks/CarbonCore.framework/Versions/A/CarbonCore
0x00007fff36993000 	/System/Library/Frameworks/CoreServices.framework/Versions/A/Frameworks/Metadata.framework/Versions/A/Metadata
0x00007fff36a2c000 	/System/Library/Frameworks/CoreServices.framework/Versions/A/Frameworks/OSServices.framework/Versions/A/OSServices
0x00007fff36a5a000 	/System/Library/Frameworks/CoreServices.framework/Versions/A/Frameworks/SearchKit.framework/Versions/A/SearchKit
0x00007fff36398000 	/System/Library/Frameworks/CoreServices.framework/Versions/A/Frameworks/AE.framework/Versions/A/AE
0x00007fff36757000 	/System/Library/Frameworks/CoreServices.framework/Versions/A/Frameworks/LaunchServices.framework/Versions/A/LaunchServices
0x00007fff36700000 	/System/Library/Frameworks/CoreServices.framework/Versions/A/Frameworks/DictionaryServices.framework/Versions/A/DictionaryServices
0x00007fff36ac2000 	/System/Library/Frameworks/CoreServices.framework/Versions/A/Frameworks/SharedFileList.framework/Versions/A/SharedFileList
0x00007fff3b789000 	/System/Library/Frameworks/NetFS.framework/Versions/A/NetFS
0x00007fff5c160000 	/System/Library/PrivateFrameworks/NetAuth.framework/Versions/A/NetAuth
0x00007fff67fd3000 	/System/Library/PrivateFrameworks/login.framework/Versions/A/Frameworks/loginsupport.framework/Versions/A/loginsupport
0x00007fff64c76000 	/System/Library/PrivateFrameworks/TCC.framework/Versions/A/TCC
0x00007fff4d1e1000 	/System/Library/PrivateFrameworks/CoreNLP.framework/Versions/A/CoreNLP
0x00007fff5b7eb000 	/System/Library/PrivateFrameworks/MetadataUtilities.framework/Versions/A/MetadataUtilities
0x00007fff6c344000 	/usr/lib/libmecabra.dylib
0x00007fff6c29c000 	/usr/lib/libmecab.dylib
0x00007fff6bef8000 	/usr/lib/libgermantok.dylib
0x00007fff6b124000 	/usr/lib/libThaiTokenizer.dylib
0x00007fff6ab2a000 	/usr/lib/libChineseTokenizer.dylib
0x00007fff30c09000 	/System/Library/Frameworks/Accelerate.framework/Versions/A/Frameworks/vImage.framework/Versions/A/vImage
0x00007fff320d7000 	/System/Library/Frameworks/Accelerate.framework/Versions/A/Frameworks/vecLib.framework/Versions/A/vecLib
0x00007fff31f58000 	/System/Library/Frameworks/Accelerate.framework/Versions/A/Frameworks/vecLib.framework/Versions/A/libvMisc.dylib
0x00007fff31dc5000 	/System/Library/Frameworks/Accelerate.framework/Versions/A/Frameworks/vecLib.framework/Versions/A/libvDSP.dylib
0x00007fff314a5000 	/System/Library/Frameworks/Accelerate.framework/Versions/A/Frameworks/vecLib.framework/Versions/A/libBLAS.dylib
0x00007fff3197d000 	/System/Library/Frameworks/Accelerate.framework/Versions/A/Frameworks/vecLib.framework/Versions/A/libLAPACK.dylib
0x00007fff31d25000 	/System/Library/Frameworks/Accelerate.framework/Versions/A/Frameworks/vecLib.framework/Versions/A/libLinearAlgebra.dylib
0x00007fff31db2000 	/System/Library/Frameworks/Accelerate.framework/Versions/A/Frameworks/vecLib.framework/Versions/A/libSparseBLAS.dylib
0x00007fff31d3b000 	/System/Library/Frameworks/Accelerate.framework/Versions/A/Frameworks/vecLib.framework/Versions/A/libQuadrature.dylib
0x00007fff3163b000 	/System/Library/Frameworks/Accelerate.framework/Versions/A/Frameworks/vecLib.framework/Versions/A/libBNNS.dylib
0x00007fff31d41000 	/System/Library/Frameworks/Accelerate.framework/Versions/A/Frameworks/vecLib.framework/Versions/A/libSparse.dylib
0x00007fff5a35f000 	/System/Library/PrivateFrameworks/LanguageModeling.framework/Versions/A/LanguageModeling
0x00007fff4cb90000 	/System/Library/PrivateFrameworks/CoreEmoji.framework/Versions/A/CoreEmoji
0x00007fff5a47d000 	/System/Library/PrivateFrameworks/LinguisticData.framework/Versions/A/LinguisticData
0x00007fff5a42e000 	/System/Library/PrivateFrameworks/Lexicon.framework/Versions/A/Lexicon
0x00007fff6b47c000 	/usr/lib/libcmph.dylib
0x00007fff3e378000 	/System/Library/Frameworks/OpenDirectory.framework/Versions/A/Frameworks/CFOpenDirectory.framework/Versions/A/CFOpenDirectory
0x00007fff3e395000 	/System/Library/Frameworks/OpenDirectory.framework/Versions/A/OpenDirectory
0x00007fff467db000 	/System/Library/PrivateFrameworks/APFS.framework/Versions/A/APFS
0x00007fff41a8a000 	/System/Library/Frameworks/SecurityFoundation.framework/Versions/A/SecurityFoundation
0x00007fff6d53c000 	/usr/lib/libutil.dylib
0x00007fff4e0dc000 	/System/Library/PrivateFrameworks/CoreServicesStore.framework/Versions/A/CoreServicesStore
0x00007fff41b41000 	/System/Library/Frameworks/ServiceManagement.framework/Versions/A/ServiceManagement
0x00007fff49d7d000 	/System/Library/PrivateFrameworks/BackgroundTaskManagement.framework/Versions/A/BackgroundTaskManagement
0x00007fff6d639000 	/usr/lib/libxslt.1.dylib
0x00007fff48c1f000 	/System/Library/PrivateFrameworks/AppleSystemInfo.framework/Versions/A/AppleSystemInfo
0x00007fff380fd000 	/System/Library/Frameworks/ImageIO.framework/Versions/A/Resources/libJPEG.dylib
0x00007fff383bc000 	/System/Library/Frameworks/ImageIO.framework/Versions/A/Resources/libTIFF.dylib
0x00007fff3839f000 	/System/Library/Frameworks/ImageIO.framework/Versions/A/Resources/libPng.dylib
0x00007fff3803f000 	/System/Library/Frameworks/ImageIO.framework/Versions/A/Resources/libGIF.dylib
0x00007fff38043000 	/System/Library/Frameworks/ImageIO.framework/Versions/A/Resources/libJP2.dylib
0x00007fff383ba000 	/System/Library/Frameworks/ImageIO.framework/Versions/A/Resources/libRadiance.dylib
0x00007fff6bebf000 	/usr/lib/libexpat.1.dylib
0x00007fff48706000 	/System/Library/PrivateFrameworks/AppleJPEG.framework/Versions/A/AppleJPEG
0x00007fff513db000 	/System/Library/PrivateFrameworks/FontServices.framework/libFontParser.dylib
0x00007fff67125000 	/System/Library/PrivateFrameworks/WatchdogClient.framework/Versions/A/WatchdogClient
0x00007fff599c7000 	/System/Library/PrivateFrameworks/IOAccelerator.framework/Versions/A/IOAccelerator
0x00007fff3a8c9000 	/System/Library/Frameworks/MetalPerformanceShaders.framework/Versions/A/MetalPerformanceShaders
0x00007fff56157000 	/System/Library/PrivateFrameworks/GPUWrangler.framework/Versions/A/GPUWrangler
0x00007fff599dc000 	/System/Library/PrivateFrameworks/IOPresentment.framework/Versions/A/IOPresentment
0x00007fff4ec5c000 	/System/Library/PrivateFrameworks/DSExternalDisplay.framework/Versions/A/DSExternalDisplay
0x00007fff3ed09000 	/System/Library/Frameworks/OpenGL.framework/Versions/A/Libraries/libCoreFSCache.dylib
0x00007fff3a615000 	/System/Library/Frameworks/MetalPerformanceShaders.framework/Frameworks/MPSCore.framework/Versions/A/MPSCore
0x00007fff3a653000 	/System/Library/Frameworks/MetalPerformanceShaders.framework/Frameworks/MPSImage.framework/Versions/A/MPSImage
0x00007fff3a71a000 	/System/Library/Frameworks/MetalPerformanceShaders.framework/Frameworks/MPSNeuralNetwork.framework/Versions/A/MPSNeuralNetwork
0x00007fff3a6de000 	/System/Library/Frameworks/MetalPerformanceShaders.framework/Frameworks/MPSMatrix.framework/Versions/A/MPSMatrix
0x00007fff3a879000 	/System/Library/Frameworks/MetalPerformanceShaders.framework/Frameworks/MPSRayIntersector.framework/Versions/A/MPSRayIntersector
0x00007fff3a704000 	/System/Library/Frameworks/MetalPerformanceShaders.framework/Frameworks/MPSNDArray.framework/Versions/A/MPSNDArray
0x00007fff5b838000 	/System/Library/PrivateFrameworks/MetalTools.framework/Versions/A/MetalTools
0x00007fff479b5000 	/System/Library/PrivateFrameworks/AggregateDictionary.framework/Versions/A/AggregateDictionary
0x00007fff4c5d7000 	/System/Library/PrivateFrameworks/CoreAnalytics.framework/Versions/A/CoreAnalytics
0x00007fff48b3d000 	/System/Library/PrivateFrameworks/AppleSauce.framework/Versions/A/AppleSauce
0x00007fff6ade6000 	/usr/lib/libIOReport.dylib
0x00007fff36fc4000 	/System/Library/Frameworks/CoreVideo.framework/Versions/A/CoreVideo
0x00007fff575d0000 	/System/Library/PrivateFrameworks/GraphVisualizer.framework/Versions/A/GraphVisualizer
0x00007fff50921000 	/System/Library/PrivateFrameworks/FaceCore.framework/Versions/A/FaceCore
0x00007fff3e31f000 	/System/Library/Frameworks/OpenCL.framework/Versions/A/OpenCL
0x00007fff6ac08000 	/usr/lib/libFosl_dynamic.dylib
0x00007fff5cb82000 	/System/Library/PrivateFrameworks/OTSVG.framework/Versions/A/OTSVG
0x00007fff33194000 	/System/Library/Frameworks/ApplicationServices.framework/Versions/A/Frameworks/ATS.framework/Versions/A/Resources/libFontRegistry.dylib
0x00007fff515ab000 	/System/Library/PrivateFrameworks/FontServices.framework/libhvf.dylib
0x00007fff3ed14000 	/System/Library/Frameworks/OpenGL.framework/Versions/A/Libraries/libGFXShared.dylib
0x00007fff3eef2000 	/System/Library/Frameworks/OpenGL.framework/Versions/A/Libraries/libGLU.dylib
0x00007fff3ed1d000 	/System/Library/Frameworks/OpenGL.framework/Versions/A/Libraries/libGL.dylib
0x00007fff3ed28000 	/System/Library/Frameworks/OpenGL.framework/Versions/A/Libraries/libGLImage.dylib
0x00007fff3ed06000 	/System/Library/Frameworks/OpenGL.framework/Versions/A/Libraries/libCVMSPluginSupport.dylib
0x00007fff3ed0f000 	/System/Library/Frameworks/OpenGL.framework/Versions/A/Libraries/libCoreVMClient.dylib
0x00007fff6c913000 	/usr/lib/libncurses.5.4.dylib
0x00007fff33090000 	/System/Library/Frameworks/ApplicationServices.framework/Versions/A/Frameworks/ATS.framework/Versions/A/ATS
0x00007fff3325d000 	/System/Library/Frameworks/ApplicationServices.framework/Versions/A/Frameworks/ColorSyncLegacy.framework/Versions/A/ColorSyncLegacy
0x00007fff332fb000 	/System/Library/Frameworks/ApplicationServices.framework/Versions/A/Frameworks/HIServices.framework/Versions/A/HIServices
0x00007fff33353000 	/System/Library/Frameworks/ApplicationServices.framework/Versions/A/Frameworks/LangAnalysis.framework/Versions/A/LangAnalysis
0x00007fff33362000 	/System/Library/Frameworks/ApplicationServices.framework/Versions/A/Frameworks/PrintCore.framework/Versions/A/PrintCore
0x00007fff333a8000 	/System/Library/Frameworks/ApplicationServices.framework/Versions/A/Frameworks/QD.framework/Versions/A/QD
0x00007fff333b3000 	/System/Library/Frameworks/ApplicationServices.framework/Versions/A/Frameworks/SpeechSynthesis.framework/Versions/A/SpeechSynthesis
0x00007fff3322d000 	/System/Library/Frameworks/ApplicationServices.framework/Versions/A/Frameworks/ATSUI.framework/Versions/A/ATSUI
0x00007fff6bd55000 	/usr/lib/libcups.2.dylib
0x00007fff39964000 	/System/Library/Frameworks/Kerberos.framework/Versions/A/Kerberos
0x00007fff37aa1000 	/System/Library/Frameworks/GSS.framework/Versions/A/GSS
0x00007fff6d095000 	/usr/lib/libresolv.9.dylib
0x00007fff5777d000 	/System/Library/PrivateFrameworks/Heimdal.framework/Versions/A/Heimdal
0x00007fff39977000 	/System/Library/Frameworks/Kerberos.framework/Versions/A/Libraries/libHeimdalProxy.dylib
0x00007fff6befe000 	/usr/lib/libheimdal-asn1.dylib
0x00007fff4ba6f000 	/System/Library/PrivateFrameworks/CommonAuth.framework/Versions/A/CommonAuth
0x00007fff48cbc000 	/System/Library/PrivateFrameworks/AssertionServices.framework/Versions/A/AssertionServices
0x00007fff4985f000 	/System/Library/PrivateFrameworks/AudioToolboxCore.framework/Versions/A/AudioToolboxCore
0x00007fff67c83000 	/System/Library/PrivateFrameworks/caulk.framework/Versions/A/caulk
0x00007fff49e29000 	/System/Library/PrivateFrameworks/BaseBoard.framework/Versions/A/BaseBoard
0x00007fff60de5000 	/System/Library/PrivateFrameworks/RunningBoardServices.framework/Versions/A/RunningBoardServices
0x00007fff5ddf6000 	/System/Library/PrivateFrameworks/PersistentConnection.framework/Versions/A/PersistentConnection
0x00007fff607de000 	/System/Library/PrivateFrameworks/ProtocolBuffer.framework/Versions/A/ProtocolBuffer
0x00007fff4ba93000 	/System/Library/PrivateFrameworks/CommonUtilities.framework/Versions/A/CommonUtilities
0x00007fff49fb7000 	/System/Library/PrivateFrameworks/Bom.framework/Versions/A/Bom
0x00007fff6aab9000 	/usr/lib/libAudioToolboxUtility.dylib
0x00007fff49d87000 	/System/Library/PrivateFrameworks/Backup.framework/Versions/A/Backup
0x00007fff4eb7d000 	/System/Library/PrivateFrameworks/CrashReporterSupport.framework/Versions/A/CrashReporterSupport
0x00007fff620f5000 	/System/Library/PrivateFrameworks/Sharing.framework/Versions/A/Sharing
0x00007fff482c9000 	/System/Library/PrivateFrameworks/Apple80211.framework/Versions/A/Apple80211
0x00007fff49aa4000 	/System/Library/PrivateFrameworks/AuthKit.framework/Versions/A/AuthKit
0x00007fff4e88a000 	/System/Library/PrivateFrameworks/CoreUtils.framework/Versions/A/CoreUtils
0x00007fff37009000 	/System/Library/Frameworks/CoreWLAN.framework/Versions/A/CoreWLAN
0x00007fff37c2e000 	/System/Library/Frameworks/IOBluetooth.framework/Versions/A/IOBluetooth
0x00007fff5b9af000 	/System/Library/PrivateFrameworks/MobileKeyBag.framework/Versions/A/MobileKeyBag
0x00007fff4d679000 	/System/Library/PrivateFrameworks/CorePhoneNumbers.framework/Versions/A/CorePhoneNumbers
0x00007fff486b9000 	/System/Library/PrivateFrameworks/AppleIDAuthSupport.framework/Versions/A/AppleIDAuthSupport
0x00007fff3b796000 	/System/Library/Frameworks/Network.framework/Versions/A/Network
0x00007fff5a20b000 	/System/Library/PrivateFrameworks/KeychainCircle.framework/Versions/A/KeychainCircle
0x00007fff34a22000 	/System/Library/Frameworks/CoreBluetooth.framework/Versions/A/CoreBluetooth
0x00007fff64174000 	/System/Library/PrivateFrameworks/SpeechRecognitionCore.framework/Versions/A/SpeechRecognitionCore
0x000000010ca27000 	/Users/Shoaib/.vscode/extensions/redhat.java-1.35.1-darwin-x64/jre/17.0.12-macosx-x86_64/lib/server/libjvm.dylib
0x000000010b71a000 	/Users/Shoaib/.vscode/extensions/redhat.java-1.35.1-darwin-x64/jre/17.0.12-macosx-x86_64/lib/libjimage.dylib
0x000000010b72c000 	/Users/Shoaib/.vscode/extensions/redhat.java-1.35.1-darwin-x64/jre/17.0.12-macosx-x86_64/lib/libinstrument.dylib
0x000000010b740000 	/Users/Shoaib/.vscode/extensions/redhat.java-1.35.1-darwin-x64/jre/17.0.12-macosx-x86_64/lib/libjava.dylib
0x000000010b7d8000 	/Users/Shoaib/.vscode/extensions/redhat.java-1.35.1-darwin-x64/jre/17.0.12-macosx-x86_64/lib/libzip.dylib
0x000000010c73c000 	/Users/Shoaib/.vscode/extensions/redhat.java-1.35.1-darwin-x64/jre/17.0.12-macosx-x86_64/lib/libnio.dylib
0x000000010c758000 	/Users/Shoaib/.vscode/extensions/redhat.java-1.35.1-darwin-x64/jre/17.0.12-macosx-x86_64/lib/libnet.dylib
0x000000010c778000 	/Users/Shoaib/.vscode/extensions/redhat.java-1.35.1-darwin-x64/jre/17.0.12-macosx-x86_64/lib/libverify.dylib
0x000000010c790000 	/Users/Shoaib/.gradle/native/c067742578af261105cb4f569cf0c3c89f3d7b1fecec35dd04571415982c5e48/osx-amd64/libnative-platform.dylib
0x000000010c79c000 	/Users/Shoaib/.vscode/extensions/redhat.java-1.35.1-darwin-x64/jre/17.0.12-macosx-x86_64/lib/libmanagement.dylib
0x000000010c7ac000 	/Users/Shoaib/.vscode/extensions/redhat.java-1.35.1-darwin-x64/jre/17.0.12-macosx-x86_64/lib/libmanagement_ext.dylib
0x000000010c7bc000 	/Users/Shoaib/.vscode/extensions/redhat.java-1.35.1-darwin-x64/jre/17.0.12-macosx-x86_64/lib/libextnet.dylib


VM Arguments:
jvm_args: --add-modules=ALL-SYSTEM --add-opens=java.base/java.util=ALL-UNNAMED --add-opens=java.base/java.lang=ALL-UNNAMED --add-opens=java.base/sun.nio.fs=ALL-UNNAMED -Declipse.application=org.eclipse.jdt.ls.core.id1 -Dosgi.bundles.defaultStartLevel=4 -Declipse.product=org.eclipse.jdt.ls.core.product -Djava.import.generatesMetadataFilesAtProjectRoot=false -DDetectVMInstallationsJob.disabled=true -Dfile.encoding=utf8 -XX:+UseParallelGC -XX:GCTimeRatio=4 -XX:AdaptiveSizePolicyWeight=90 -Dsun.zip.disableMemoryMapping=true -Xmx1G -Xms100m -Xlog:disable -javaagent:/Users/Shoaib/.vscode/extensions/redhat.java-1.35.1-darwin-x64/lombok/lombok-1.18.33.jar -XX:+HeapDumpOnOutOfMemoryError -XX:HeapDumpPath=/Users/Shoaib/Library/Application Support/Code/User/workspaceStorage/fe1b63565e74f69c3068c4243146da58/redhat.java -Daether.dependencyCollector.impl=bf 
java_command: /Users/Shoaib/.vscode/extensions/redhat.java-1.35.1-darwin-x64/server/plugins/org.eclipse.equinox.launcher_1.6.900.v20240613-2009.jar -configuration /Users/Shoaib/Library/Application Support/Code/User/globalStorage/redhat.java/1.35.1/config_mac -data /Users/Shoaib/Library/Application Support/Code/User/workspaceStorage/fe1b63565e74f69c3068c4243146da58/redhat.java/jdt_ws --pipe=/private/var/folders/zz/nxzr35r14118k1djxvv4jksw0000gn/T/lsp-b430131d83f45acae63ab7ce2ca65b7c.sock
java_class_path (initial): /Users/Shoaib/.vscode/extensions/redhat.java-1.35.1-darwin-x64/server/plugins/org.eclipse.equinox.launcher_1.6.900.v20240613-2009.jar
Launcher Type: SUN_STANDARD

[Global flags]
    uintx AdaptiveSizePolicyWeight                 = 90                                        {product} {command line}
     intx CICompilerCount                          = 3                                         {product} {ergonomic}
    uintx GCTimeRatio                              = 4                                         {product} {command line}
     bool HeapDumpOnOutOfMemoryError               = true                                   {manageable} {command line}
    ccstr HeapDumpPath                             = /Users/Shoaib/Library/Application Support/Code/User/workspaceStorage/fe1b63565e74f69c3068c4243146da58/redhat.java         {manageable} {command line}
   size_t InitialHeapSize                          = 104857600                                 {product} {command line}
   size_t MaxHeapSize                              = 1073741824                                {product} {command line}
   size_t MaxNewSize                               = 357564416                                 {product} {ergonomic}
   size_t MinHeapDeltaBytes                        = 524288                                    {product} {ergonomic}
   size_t MinHeapSize                              = 104857600                                 {product} {command line}
   size_t NewSize                                  = 34603008                                  {product} {ergonomic}
    uintx NonNMethodCodeHeapSize                   = 5832780                                {pd product} {ergonomic}
    uintx NonProfiledCodeHeapSize                  = 122912730                              {pd product} {ergonomic}
   size_t OldSize                                  = 70254592                                  {product} {ergonomic}
    uintx ProfiledCodeHeapSize                     = 122912730                              {pd product} {ergonomic}
    uintx ReservedCodeCacheSize                    = 251658240                              {pd product} {ergonomic}
     bool SegmentedCodeCache                       = true                                      {product} {ergonomic}
   size_t SoftMaxHeapSize                          = 1073741824                             {manageable} {ergonomic}
     bool UseCompressedClassPointers               = true                           {product lp64_product} {ergonomic}
     bool UseCompressedOops                        = true                           {product lp64_product} {ergonomic}
     bool UseNUMA                                  = false                                     {product} {ergonomic}
     bool UseNUMAInterleaving                      = false                                     {product} {ergonomic}
     bool UseParallelGC                            = true                                      {product} {command line}

Logging:
Log output configuration:
 #0: stdout all=off uptime,level,tags
 #1: stderr all=off uptime,level,tags

Environment Variables:
JAVA_HOME=/Library/Java/JavaVirtualMachines/zulu-17.jdk/Contents/Home
PATH=/Users/Shoaib/.npm-global/bin:/usr/local/opt/mongodb-community/bin:/opt/local/bin:/opt/local/sbin:/Library/Frameworks/Python.framework/Versions/3.11/bin:/Library/Frameworks/Python.framework/Versions/3.12/bin:/usr/local/bin:/usr/bin:/bin:/usr/sbin:/sbin:/Users/Shoaib/Library/Android/sdk/emulator:/Users/Shoaib/Library/Android/sdk/platform-tools:/Users/Shoaib/Library/Android/sdk/emulator:/Users/Shoaib/Library/Android/sdk/platform-tools
SHELL=/bin/zsh
TMPDIR=/var/folders/zz/nxzr35r14118k1djxvv4jksw0000gn/T/

Active Locale:
LC_ALL=C
LC_COLLATE=C
LC_CTYPE=C
LC_MESSAGES=C
LC_MONETARY=C
LC_NUMERIC=C
LC_TIME=C

Signal Handlers:
   SIGSEGV: _ZL13crash_handleriP9__siginfoPv in libjvm.dylib, mask=11100110000111110111111111111111, flags=SA_RESTART|SA_SIGINFO, unblocked
    SIGBUS: _ZL13crash_handleriP9__siginfoPv in libjvm.dylib, mask=11100110000111110111111111111111, flags=SA_RESTART|SA_SIGINFO, unblocked
    SIGFPE: _ZL13crash_handleriP9__siginfoPv in libjvm.dylib, mask=11100110000111110111111111111111, flags=SA_RESTART|SA_SIGINFO, unblocked
   SIGPIPE: _ZL17javaSignalHandleriP9__siginfoPv in libjvm.dylib, mask=11100110000111110111111111111111, flags=SA_RESTART|SA_SIGINFO, blocked
   SIGXFSZ: _ZL17javaSignalHandleriP9__siginfoPv in libjvm.dylib, mask=11100110000111110111111111111111, flags=SA_RESTART|SA_SIGINFO, blocked
    SIGILL: _ZL13crash_handleriP9__siginfoPv in libjvm.dylib, mask=11100110000111110111111111111111, flags=SA_RESTART|SA_SIGINFO, unblocked
   SIGUSR2: _ZL10SR_handleriP9__siginfoP17__darwin_ucontext in libjvm.dylib, mask=00000000000000000000000000000000, flags=SA_RESTART|SA_SIGINFO, blocked
    SIGHUP: _ZL11UserHandleriPvS_ in libjvm.dylib, mask=11100110000111110111111111111111, flags=SA_RESTART|SA_SIGINFO, blocked
    SIGINT: _ZL11UserHandleriPvS_ in libjvm.dylib, mask=11100110000111110111111111111111, flags=SA_RESTART|SA_SIGINFO, blocked
   SIGTERM: _ZL11UserHandleriPvS_ in libjvm.dylib, mask=11100110000111110111111111111111, flags=SA_RESTART|SA_SIGINFO, blocked
   SIGQUIT: _ZL11UserHandleriPvS_ in libjvm.dylib, mask=11100110000111110111111111111111, flags=SA_RESTART|SA_SIGINFO, blocked
   SIGTRAP: _ZL13crash_handleriP9__siginfoPv in libjvm.dylib, mask=11100110000111110111111111111111, flags=SA_RESTART|SA_SIGINFO, unblocked


Periodic native trim disabled


---------------  S Y S T E M  ---------------

OS:
uname: Darwin 19.6.0 Darwin Kernel Version 19.6.0: Tue Jun 21 21:18:39 PDT 2022; root:xnu-6153.141.66~1/RELEASE_X86_64 x86_64
OS uptime: 0 days 5:07 hours
rlimit (soft/hard): STACK 8192k/65532k , CORE 0k/infinity , NPROC 1392/2088 , NOFILE 10240/infinity , AS infinity/infinity , CPU infinity/infinity , DATA infinity/infinity , FSIZE infinity/infinity , MEMLOCK infinity/infinity , RSS infinity/infinity
load average: 46.54 18.97 8.69

CPU: total 4 (initial active 4) (2 cores per cpu, 2 threads per core) family 6 model 58 stepping 9 microcode 0x21, cx8, cmov, fxsr, ht, mmx, sse, sse2, sse3, ssse3, sse4.1, sse4.2, popcnt, tsc, tscinvbit, avx, aes, erms, clmul, vzeroupper, clflush
machdep.cpu.brand_string:Intel(R) Core(TM) i7-3520M CPU @ 2.90GHz
hw.cpufrequency:2900000000
hw.cpufrequency_min:2900000000
hw.cpufrequency_max:2900000000
hw.cachelinesize:64
hw.l1icachesize:32768
hw.l1dcachesize:32768
hw.l2cachesize:262144
hw.l3cachesize:4194304

Memory: 4k page, physical 8388608k(54944k free), swap 1048576k(1015552k free)

vm_info: OpenJDK 64-Bit Server VM (17.0.12+7) for bsd-amd64 JRE (17.0.12+7), built on Jul 16 2024 00:00:00 by "admin" with clang Apple LLVM 15.0.0 (clang-1500.1.0.2.5)

END.
