#
# A fatal error has been detected by the Java Runtime Environment:
#
#  SIGSEGV (0xb) at pc=0x00000001128aa000, pid=36321, tid=15875
#
# JRE version: OpenJDK Runtime Environment Zulu17.48+15-CA (17.0.10+7) (build 17.0.10+7-LTS)
# Java VM: OpenJDK 64-Bit Server VM Zulu17.48+15-CA (17.0.10+7-LTS, mixed mode, sharing, tiered, compressed oops, compressed class ptrs, g1 gc, bsd-amd64)
# Problematic frame:
# C  [libnative-platform-file-events.dylib+0x0]  __dso_handle+0x0
#
# No core dump will be written. Core dumps have been disabled. To enable core dumping, try "ulimit -c unlimited" before starting Java again
#
# If you would like to submit a bug report, please visit:
#   http://www.azul.com/support/
#

---------------  S U M M A R Y ------------

Command Line: -XX:MaxMetaspaceSize=512m --add-opens=java.base/java.util=ALL-UNNAMED --add-opens=java.base/java.lang=ALL-UNNAMED --add-opens=java.base/java.lang.invoke=ALL-UNNAMED --add-opens=java.prefs/java.util.prefs=ALL-UNNAMED --add-opens=java.base/java.nio.charset=ALL-UNNAMED --add-opens=java.base/java.net=ALL-UNNAMED --add-opens=java.base/java.util.concurrent.atomic=ALL-UNNAMED -Xmx2048m -Dfile.encoding=UTF-8 -Duser.country=US -Duser.language=en -Duser.variant -javaagent:/Users/Shoaib/.gradle/wrapper/dists/gradle-8.8-all/6gdy1pgp427xkqcjbxw3ylt6h/gradle-8.8/lib/agents/gradle-instrumentation-agent-8.8.jar org.gradle.launcher.daemon.bootstrap.GradleDaemon 8.8

Host: "MacBookPro9,2" x86_64 2900 MHz, 4 cores, 8G, Darwin 19.6.0, macOS 10.15.7 (19H2026)
Time: Thu Sep 19 16:48:25 2024 PKT elapsed time: 13.476547 seconds (0d 0h 0m 13s)

---------------  T H R E A D  ---------------

Current thread is native thread

Stack: [0x000070000964f000,0x00007000096cf000],  sp=0x00007000096cc298,  free space=500k
Native frames: (J=compiled Java code, j=interpreted, Vv=VM code, C=native code)
C  [libnative-platform-file-events.dylib+0x0]  __dso_handle+0x0
C  [libnative-platform-file-events.dylib+0x15c27]  _ZNSt3__116__variant_detail6__ctorINS0_8__traitsIJ9FileEvent10ErrorEvent10PoisonPillEEEE19__generic_constructB7v160006IRKNS0_18__copy_constructorIS6_LNS0_6_TraitE1EEEEEvRS7_OT_+0x47
C  [libnative-platform-file-events.dylib+0x15b8a]  _ZNSt3__116__variant_detail18__copy_constructorINS0_8__traitsIJ9FileEvent10ErrorEvent10PoisonPillEEELNS0_6_TraitE1EEC2ERKS8_+0x2a
C  [libnative-platform-file-events.dylib+0x15b4d]  _ZNSt3__116__variant_detail12__assignmentINS0_8__traitsIJ9FileEvent10ErrorEvent10PoisonPillEEEEC2ERKS7_+0x1d
C  [libnative-platform-file-events.dylib+0x15b1d]  _ZNSt3__116__variant_detail17__move_assignmentINS0_8__traitsIJ9FileEvent10ErrorEvent10PoisonPillEEELNS0_6_TraitE1EEC2ERKS8_+0x1d
C  [libnative-platform-file-events.dylib+0x15aed]  _ZNSt3__116__variant_detail17__copy_assignmentINS0_8__traitsIJ9FileEvent10ErrorEvent10PoisonPillEEELNS0_6_TraitE1EEC2ERKS8_+0x1d
C  [libnative-platform-file-events.dylib+0x15abd]  _ZNSt3__116__variant_detail6__implIJ9FileEvent10ErrorEvent10PoisonPillEEC2ERKS5_+0x1d
C  [libnative-platform-file-events.dylib+0x15a8d]  _ZNSt3__116__variant_detail6__implIJ9FileEvent10ErrorEvent10PoisonPillEEC1ERKS5_+0x1d
C  [libnative-platform-file-events.dylib+0x15a5d]  _ZNSt3__17variantIJ9FileEvent10ErrorEvent10PoisonPillEEC2ERKS4_+0x1d
C  [libnative-platform-file-events.dylib+0x15a2d]  _ZNSt3__17variantIJ9FileEvent10ErrorEvent10PoisonPillEEC1ERKS4_+0x1d
C  [libnative-platform-file-events.dylib+0x15a01]  _ZNSt3__19allocatorINS_7variantIJ9FileEvent10ErrorEvent10PoisonPillEEEE9constructB7v160006IS5_JRKS5_EEEvPT_DpOT0_+0x21
C  [libnative-platform-file-events.dylib+0x13805]  _ZNSt3__116allocator_traitsINS_9allocatorINS_7variantIJ9FileEvent10ErrorEvent10PoisonPillEEEEEE9constructB7v160006IS6_JRKS6_EvEEvRS7_PT_DpOT0_+0x25
C  [libnative-platform-file-events.dylib+0x133ef]  _ZNSt3__15dequeINS_7variantIJ9FileEvent10ErrorEvent10PoisonPillEEENS_9allocatorIS5_EEE9push_backERKS5_+0x6f
C  [libnative-platform-file-events.dylib+0x1336d]  _ZNSt3__15queueINS_7variantIJ9FileEvent10ErrorEvent10PoisonPillEEENS_5dequeIS5_NS_9allocatorIS5_EEEEE4pushB7v160006ERKS5_+0x1d
C  [libnative-platform-file-events.dylib+0xd9d2]  _ZN13BlockingQueueINSt3__17variantIJ9FileEvent10ErrorEvent10PoisonPillEEEE7enqueueERKS5_+0x32
C  [libnative-platform-file-events.dylib+0xd809]  _ZN6Server12handleEventsEmPPcPKjPKy+0xb9
C  [libnative-platform-file-events.dylib+0xd441]  _ZL20handleEventsCallbackPK15__FSEventStreamPvmS2_PKjPKy+0x41
C  [FSEvents+0x2993]  implementation_callback_rpc+0xb19
C  [FSEvents+0x1dfe]  _Xcallback_rpc+0xe9
C  [FSEvents+0x1cf7]  FSEventsD2F_server+0x37
C  [FSEvents+0x1c61]  __create_d2f_port_source_block_invoke+0xe8
C  [libdispatch.dylib+0x2658]  _dispatch_client_callout+0x8
C  [libdispatch.dylib+0x4818]  _dispatch_continuation_pop+0x19e
C  [libdispatch.dylib+0x144be]  _dispatch_source_invoke+0x824
C  [libdispatch.dylib+0x7af6]  _dispatch_lane_serial_drain+0x107
C  [libdispatch.dylib+0x85d6]  _dispatch_lane_invoke+0x16b
C  [libdispatch.dylib+0x11c09]  _dispatch_workloop_worker_thread+0x254
C  [libsystem_pthread.dylib+0x2a3d]  _pthread_wqthread+0x122
C  [libsystem_pthread.dylib+0x1b77]  start_wqthread+0xf


siginfo: si_signo: 11 (SIGSEGV), si_code: 0 (unknown), si_addr: 0x0000000000000000

Registers:
RAX=0x00000001128aa000, RBX=0x0000000112947000, RCX=0x0000000000000000, RDX=0x00007000096cc620
RSP=0x00007000096cc298, RBP=0x00007000096cc2f0, RSI=0x00007f87faa33000, RDI=0x00007000096cc308
R8 =0x0000000000006a48, R9 =0x00007f87faafa400, R10=0x00007f87faafa400, R11=0x00007f87fa800000
R12=0x0000000000000000, R13=0x0000000000000001, R14=0x0000000000000000, R15=0x00007f87ff4c50b0
RIP=0x00000001128aa000, EFLAGS=0x0000000000010206, ERR=0x0000000000000000
  TRAPNO=0x000000000000000d


Top of Stack: (sp=0x00007000096cc298)
0x00007000096cc298:   00000001128bfd8c 00007000096cc308
0x00007000096cc2a8:   00007f87faa33000 00000001128aa000
0x00007000096cc2b8:   00000001128aa000 00000001128aa000
0x00007000096cc2c8:   00000001128aa000 00007000096cc620
0x00007000096cc2d8:   00007f87faa33000 00007000096cc308
0x00007000096cc2e8:   0000000000000000 00007000096cc320
0x00007000096cc2f8:   00000001128bfc27 00007000096cc320
0x00007000096cc308:   00000001128bfbd5 00007000096cc620
0x00007000096cc318:   00007f87faa33000 00007000096cc360
0x00007000096cc328:   00000001128bfb8a 00007f87faa33000
0x00007000096cc338:   00000001128bf849 0000000000000000
0x00007000096cc348:   00007000096cc420 00007000096cc620
0x00007000096cc358:   00007f87faa33000 00007000096cc380
0x00007000096cc368:   00000001128bfb4d 00007000096cc620
0x00007000096cc378:   00007f87faa33000 00007000096cc3a0
0x00007000096cc388:   00000001128bfb1d 00007000096cc620
0x00007000096cc398:   00007f87faa33000 00007000096cc3c0
0x00007000096cc3a8:   00000001128bfaed 00007000096cc620
0x00007000096cc3b8:   00007f87faa33000 00007000096cc3e0
0x00007000096cc3c8:   00000001128bfabd 00007000096cc620
0x00007000096cc3d8:   00007f87faa33000 00007000096cc400
0x00007000096cc3e8:   00000001128bfa8d 00007000096cc620
0x00007000096cc3f8:   00007f87faa33000 00007000096cc420
0x00007000096cc408:   00000001128bfa5d 00007000096cc620
0x00007000096cc418:   00007f87faa33000 00007000096cc440
0x00007000096cc428:   00000001128bfa2d 00007000096cc620
0x00007000096cc438:   00007f87faa33000 00007000096cc470
0x00007000096cc448:   00000001128bfa01 00007f87faa33000
0x00007000096cc458:   00007000096cc620 00007f87faa33000
0x00007000096cc468:   00007f87fe0bcb48 00007000096cc4a0
0x00007000096cc478:   00000001128bd805 0000000000000000
0x00007000096cc488:   00007000096cc620 00007f87faa33000 

Instructions: (pc=0x00000001128aa000)
0x00000001128a9f00:   00 00 00 00 00 00 00 00 00 00 00 00 00 00 00 00
0x00000001128a9f10:   00 00 00 00 00 00 00 00 00 00 00 00 00 00 00 00
0x00000001128a9f20:   00 00 00 00 00 00 00 00 00 00 00 00 00 00 00 00
0x00000001128a9f30:   00 00 00 00 00 00 00 00 00 00 00 00 00 00 00 00
0x00000001128a9f40:   00 00 00 00 00 00 00 00 00 00 00 00 00 00 00 00
0x00000001128a9f50:   00 00 00 00 00 00 00 00 00 00 00 00 00 00 00 00
0x00000001128a9f60:   00 00 00 00 00 00 00 00 00 00 00 00 00 00 00 00
0x00000001128a9f70:   00 00 00 00 00 00 00 00 00 00 00 00 00 00 00 00
0x00000001128a9f80:   00 00 00 00 00 00 00 00 00 00 00 00 00 00 00 00
0x00000001128a9f90:   00 00 00 00 00 00 00 00 00 00 00 00 00 00 00 00
0x00000001128a9fa0:   00 00 00 00 00 00 00 00 00 00 00 00 00 00 00 00
0x00000001128a9fb0:   00 00 00 00 00 00 00 00 00 00 00 00 00 00 00 00
0x00000001128a9fc0:   00 00 00 00 00 00 00 00 00 00 00 00 00 00 00 00
0x00000001128a9fd0:   00 00 00 00 00 00 00 00 00 00 00 00 00 00 00 00
0x00000001128a9fe0:   00 00 00 00 00 00 00 00 00 00 00 00 00 00 00 00
0x00000001128a9ff0:   00 00 00 00 00 00 00 00 00 00 00 00 00 00 00 00
0x00000001128aa000:   cf fa ed fe 07 00 00 01 03 00 00 00 06 00 00 00
0x00000001128aa010:   10 00 00 00 00 07 00 00 85 80 11 00 00 00 00 00
0x00000001128aa020:   19 00 00 00 78 02 00 00 5f 5f 54 45 58 54 00 00
0x00000001128aa030:   00 00 00 00 00 00 00 00 00 00 00 00 00 00 00 00
0x00000001128aa040:   00 c0 01 00 00 00 00 00 00 00 00 00 00 00 00 00
0x00000001128aa050:   00 c0 01 00 00 00 00 00 05 00 00 00 05 00 00 00
0x00000001128aa060:   07 00 00 00 00 00 00 00 5f 5f 74 65 78 74 00 00
0x00000001128aa070:   00 00 00 00 00 00 00 00 5f 5f 54 45 58 54 00 00
0x00000001128aa080:   00 00 00 00 00 00 00 00 80 19 00 00 00 00 00 00
0x00000001128aa090:   dc 7d 01 00 00 00 00 00 80 19 00 00 04 00 00 00
0x00000001128aa0a0:   00 00 00 00 00 00 00 00 00 04 00 80 00 00 00 00
0x00000001128aa0b0:   00 00 00 00 00 00 00 00 5f 5f 73 74 75 62 73 00
0x00000001128aa0c0:   00 00 00 00 00 00 00 00 5f 5f 54 45 58 54 00 00
0x00000001128aa0d0:   00 00 00 00 00 00 00 00 5c 97 01 00 00 00 00 00
0x00000001128aa0e0:   ec 04 00 00 00 00 00 00 5c 97 01 00 00 00 00 00
0x00000001128aa0f0:   00 00 00 00 00 00 00 00 08 04 00 80 00 00 00 00 



---------------  P R O C E S S  ---------------

VM state: not at safepoint (normal execution)

VM Mutex/Monitor currently owned by a thread: None

Heap address: 0x0000000780000000, size: 2048 MB, Compressed Oops mode: Zero based, Oop shift amount: 3

CDS archive(s) mapped at: [0x000000012e000000-0x000000012ebe8000-0x000000012ebe8000), size 12484608, SharedBaseAddress: 0x000000012e000000, ArchiveRelocationMode: 1.
Compressed class space mapped at: 0x000000012f000000-0x0000000149000000, reserved size: 436207616
Narrow klass base: 0x000000012e000000, Narrow klass shift: 0, Narrow klass range: 0x100000000

GC Precious Log:
<Skipped>

Heap:
 garbage-first heap   total 133120K, used 79798K [0x0000000780000000, 0x0000000800000000)
  region size 1024K, 51 young (52224K), 8 survivors (8192K)
 Metaspace       used 48276K, committed 48832K, reserved 491520K
  class space    used 6853K, committed 7104K, reserved 425984K

Heap Regions: E=young(eden), S=young(survivor), O=old, HS=humongous(starts), HC=humongous(continues), CS=collection set, F=free, OA=open archive, CA=closed archive, TAMS=top-at-mark-start (previous, next)
|   0|0x0000000780000000, 0x0000000780100000, 0x0000000780100000|100%| O|  |TAMS 0x0000000780100000, 0x0000000780000000| Untracked 
|   1|0x0000000780100000, 0x0000000780200000, 0x0000000780200000|100%|HS|  |TAMS 0x0000000780200000, 0x0000000780100000| Complete 
|   2|0x0000000780200000, 0x0000000780300000, 0x0000000780300000|100%|HC|  |TAMS 0x0000000780300000, 0x0000000780200000| Complete 
|   3|0x0000000780300000, 0x0000000780400000, 0x0000000780400000|100%|HC|  |TAMS 0x0000000780400000, 0x0000000780300000| Complete 
|   4|0x0000000780400000, 0x0000000780500000, 0x0000000780500000|100%|HC|  |TAMS 0x0000000780500000, 0x0000000780400000| Complete 
|   5|0x0000000780500000, 0x0000000780600000, 0x0000000780600000|100%| O|  |TAMS 0x0000000780600000, 0x0000000780500000| Untracked 
|   6|0x0000000780600000, 0x0000000780700000, 0x0000000780700000|100%| O|  |TAMS 0x0000000780700000, 0x0000000780600000| Untracked 
|   7|0x0000000780700000, 0x0000000780800000, 0x0000000780800000|100%| O|  |TAMS 0x0000000780800000, 0x0000000780700000| Untracked 
|   8|0x0000000780800000, 0x0000000780900000, 0x0000000780900000|100%|HS|  |TAMS 0x0000000780900000, 0x0000000780800000| Complete 
|   9|0x0000000780900000, 0x0000000780a00000, 0x0000000780a00000|100%| O|  |TAMS 0x0000000780a00000, 0x0000000780900000| Untracked 
|  10|0x0000000780a00000, 0x0000000780b00000, 0x0000000780b00000|100%| O|  |TAMS 0x0000000780b00000, 0x0000000780a00000| Untracked 
|  11|0x0000000780b00000, 0x0000000780c00000, 0x0000000780c00000|100%| O|  |TAMS 0x0000000780c00000, 0x0000000780b00000| Untracked 
|  12|0x0000000780c00000, 0x0000000780d00000, 0x0000000780d00000|100%| O|  |TAMS 0x0000000780d00000, 0x0000000780c00000| Untracked 
|  13|0x0000000780d00000, 0x0000000780e00000, 0x0000000780e00000|100%| O|  |TAMS 0x0000000780e00000, 0x0000000780d00000| Untracked 
|  14|0x0000000780e00000, 0x0000000780f00000, 0x0000000780f00000|100%| O|  |TAMS 0x0000000780f00000, 0x0000000780e00000| Untracked 
|  15|0x0000000780f00000, 0x0000000781000000, 0x0000000781000000|100%| O|  |TAMS 0x0000000781000000, 0x0000000780f00000| Untracked 
|  16|0x0000000781000000, 0x0000000781100000, 0x0000000781100000|100%|HS|  |TAMS 0x0000000781000000, 0x0000000781000000| Complete 
|  17|0x0000000781100000, 0x0000000781200000, 0x0000000781200000|100%| O|  |TAMS 0x0000000781200000, 0x0000000781100000| Untracked 
|  18|0x0000000781200000, 0x0000000781300000, 0x0000000781300000|100%| O|  |TAMS 0x0000000781300000, 0x0000000781200000| Untracked 
|  19|0x0000000781300000, 0x0000000781400000, 0x0000000781400000|100%| O|  |TAMS 0x0000000781400000, 0x0000000781300000| Untracked 
|  20|0x0000000781400000, 0x0000000781500000, 0x0000000781500000|100%| O|  |TAMS 0x0000000781500000, 0x0000000781400000| Untracked 
|  21|0x0000000781500000, 0x0000000781600000, 0x0000000781600000|100%| O|  |TAMS 0x0000000781600000, 0x0000000781500000| Untracked 
|  22|0x0000000781600000, 0x0000000781700000, 0x0000000781700000|100%| O|  |TAMS 0x0000000781700000, 0x0000000781600000| Untracked 
|  23|0x0000000781700000, 0x0000000781800000, 0x0000000781800000|100%| O|  |TAMS 0x0000000781800000, 0x0000000781700000| Untracked 
|  24|0x0000000781800000, 0x0000000781900000, 0x0000000781900000|100%| O|  |TAMS 0x0000000781900000, 0x0000000781800000| Untracked 
|  25|0x0000000781900000, 0x0000000781a00000, 0x0000000781a00000|100%| O|  |TAMS 0x0000000781a00000, 0x0000000781900000| Untracked 
|  26|0x0000000781a00000, 0x0000000781a5f400, 0x0000000781b00000| 37%| O|  |TAMS 0x0000000781a5f400, 0x0000000781a00000| Untracked 
|  27|0x0000000781b00000, 0x0000000781b00000, 0x0000000781c00000|  0%| F|  |TAMS 0x0000000781b00000, 0x0000000781b00000| Untracked 
|  28|0x0000000781c00000, 0x0000000781c00000, 0x0000000781d00000|  0%| F|  |TAMS 0x0000000781c00000, 0x0000000781c00000| Untracked 
|  29|0x0000000781d00000, 0x0000000781d00000, 0x0000000781e00000|  0%| F|  |TAMS 0x0000000781d00000, 0x0000000781d00000| Untracked 
|  30|0x0000000781e00000, 0x0000000781e00000, 0x0000000781f00000|  0%| F|  |TAMS 0x0000000781e00000, 0x0000000781e00000| Untracked 
|  31|0x0000000781f00000, 0x0000000781f00000, 0x0000000782000000|  0%| F|  |TAMS 0x0000000781f00000, 0x0000000781f00000| Untracked 
|  32|0x0000000782000000, 0x0000000782000000, 0x0000000782100000|  0%| F|  |TAMS 0x0000000782000000, 0x0000000782000000| Untracked 
|  33|0x0000000782100000, 0x0000000782100000, 0x0000000782200000|  0%| F|  |TAMS 0x0000000782100000, 0x0000000782100000| Untracked 
|  34|0x0000000782200000, 0x0000000782200000, 0x0000000782300000|  0%| F|  |TAMS 0x0000000782200000, 0x0000000782200000| Untracked 
|  35|0x0000000782300000, 0x0000000782300000, 0x0000000782400000|  0%| F|  |TAMS 0x0000000782300000, 0x0000000782300000| Untracked 
|  36|0x0000000782400000, 0x0000000782400000, 0x0000000782500000|  0%| F|  |TAMS 0x0000000782400000, 0x0000000782400000| Untracked 
|  37|0x0000000782500000, 0x0000000782500000, 0x0000000782600000|  0%| F|  |TAMS 0x0000000782500000, 0x0000000782500000| Untracked 
|  38|0x0000000782600000, 0x0000000782600000, 0x0000000782700000|  0%| F|  |TAMS 0x0000000782600000, 0x0000000782600000| Untracked 
|  39|0x0000000782700000, 0x0000000782700000, 0x0000000782800000|  0%| F|  |TAMS 0x0000000782700000, 0x0000000782700000| Untracked 
|  40|0x0000000782800000, 0x0000000782800000, 0x0000000782900000|  0%| F|  |TAMS 0x0000000782800000, 0x0000000782800000| Untracked 
|  41|0x0000000782900000, 0x0000000782900000, 0x0000000782a00000|  0%| F|  |TAMS 0x0000000782900000, 0x0000000782900000| Untracked 
|  42|0x0000000782a00000, 0x0000000782ad2ec0, 0x0000000782b00000| 82%| S|CS|TAMS 0x0000000782a00000, 0x0000000782a00000| Complete 
|  43|0x0000000782b00000, 0x0000000782c00000, 0x0000000782c00000|100%| S|CS|TAMS 0x0000000782b00000, 0x0000000782b00000| Complete 
|  44|0x0000000782c00000, 0x0000000782d00000, 0x0000000782d00000|100%| S|CS|TAMS 0x0000000782c00000, 0x0000000782c00000| Complete 
|  45|0x0000000782d00000, 0x0000000782e00000, 0x0000000782e00000|100%| S|CS|TAMS 0x0000000782d00000, 0x0000000782d00000| Complete 
|  46|0x0000000782e00000, 0x0000000782f00000, 0x0000000782f00000|100%| S|CS|TAMS 0x0000000782e00000, 0x0000000782e00000| Complete 
|  47|0x0000000782f00000, 0x0000000783000000, 0x0000000783000000|100%| S|CS|TAMS 0x0000000782f00000, 0x0000000782f00000| Complete 
|  48|0x0000000783000000, 0x0000000783100000, 0x0000000783100000|100%| S|CS|TAMS 0x0000000783000000, 0x0000000783000000| Complete 
|  49|0x0000000783100000, 0x0000000783200000, 0x0000000783200000|100%| S|CS|TAMS 0x0000000783100000, 0x0000000783100000| Complete 
|  50|0x0000000783200000, 0x0000000783200000, 0x0000000783300000|  0%| F|  |TAMS 0x0000000783200000, 0x0000000783200000| Untracked 
|  51|0x0000000783300000, 0x0000000783300000, 0x0000000783400000|  0%| F|  |TAMS 0x0000000783300000, 0x0000000783300000| Untracked 
|  52|0x0000000783400000, 0x0000000783400000, 0x0000000783500000|  0%| F|  |TAMS 0x0000000783400000, 0x0000000783400000| Untracked 
|  53|0x0000000783500000, 0x0000000783500000, 0x0000000783600000|  0%| F|  |TAMS 0x0000000783500000, 0x0000000783500000| Untracked 
|  54|0x0000000783600000, 0x0000000783600000, 0x0000000783700000|  0%| F|  |TAMS 0x0000000783600000, 0x0000000783600000| Untracked 
|  55|0x0000000783700000, 0x0000000783700000, 0x0000000783800000|  0%| F|  |TAMS 0x0000000783700000, 0x0000000783700000| Untracked 
|  56|0x0000000783800000, 0x0000000783800000, 0x0000000783900000|  0%| F|  |TAMS 0x0000000783800000, 0x0000000783800000| Untracked 
|  57|0x0000000783900000, 0x0000000783900000, 0x0000000783a00000|  0%| F|  |TAMS 0x0000000783900000, 0x0000000783900000| Untracked 
|  58|0x0000000783a00000, 0x0000000783a00000, 0x0000000783b00000|  0%| F|  |TAMS 0x0000000783a00000, 0x0000000783a00000| Untracked 
|  59|0x0000000783b00000, 0x0000000783b00000, 0x0000000783c00000|  0%| F|  |TAMS 0x0000000783b00000, 0x0000000783b00000| Untracked 
|  60|0x0000000783c00000, 0x0000000783c00000, 0x0000000783d00000|  0%| F|  |TAMS 0x0000000783c00000, 0x0000000783c00000| Untracked 
|  61|0x0000000783d00000, 0x0000000783d00000, 0x0000000783e00000|  0%| F|  |TAMS 0x0000000783d00000, 0x0000000783d00000| Untracked 
|  62|0x0000000783e00000, 0x0000000783e00000, 0x0000000783f00000|  0%| F|  |TAMS 0x0000000783e00000, 0x0000000783e00000| Untracked 
|  63|0x0000000783f00000, 0x0000000783f00000, 0x0000000784000000|  0%| F|  |TAMS 0x0000000783f00000, 0x0000000783f00000| Untracked 
|  64|0x0000000784000000, 0x0000000784000000, 0x0000000784100000|  0%| F|  |TAMS 0x0000000784000000, 0x0000000784000000| Untracked 
|  65|0x0000000784100000, 0x0000000784100000, 0x0000000784200000|  0%| F|  |TAMS 0x0000000784100000, 0x0000000784100000| Untracked 
|  66|0x0000000784200000, 0x0000000784200000, 0x0000000784300000|  0%| F|  |TAMS 0x0000000784200000, 0x0000000784200000| Untracked 
|  67|0x0000000784300000, 0x0000000784300000, 0x0000000784400000|  0%| F|  |TAMS 0x0000000784300000, 0x0000000784300000| Untracked 
|  68|0x0000000784400000, 0x0000000784400000, 0x0000000784500000|  0%| F|  |TAMS 0x0000000784400000, 0x0000000784400000| Untracked 
|  69|0x0000000784500000, 0x0000000784500000, 0x0000000784600000|  0%| F|  |TAMS 0x0000000784500000, 0x0000000784500000| Untracked 
|  70|0x0000000784600000, 0x0000000784600000, 0x0000000784700000|  0%| F|  |TAMS 0x0000000784600000, 0x0000000784600000| Untracked 
|  71|0x0000000784700000, 0x0000000784700000, 0x0000000784800000|  0%| F|  |TAMS 0x0000000784700000, 0x0000000784700000| Untracked 
|  72|0x0000000784800000, 0x0000000784800000, 0x0000000784900000|  0%| F|  |TAMS 0x0000000784800000, 0x0000000784800000| Untracked 
|  73|0x0000000784900000, 0x0000000784900000, 0x0000000784a00000|  0%| F|  |TAMS 0x0000000784900000, 0x0000000784900000| Untracked 
|  74|0x0000000784a00000, 0x0000000784a00000, 0x0000000784b00000|  0%| F|  |TAMS 0x0000000784a00000, 0x0000000784a00000| Untracked 
|  75|0x0000000784b00000, 0x0000000784b00000, 0x0000000784c00000|  0%| F|  |TAMS 0x0000000784b00000, 0x0000000784b00000| Untracked 
|  76|0x0000000784c00000, 0x0000000784c00000, 0x0000000784d00000|  0%| F|  |TAMS 0x0000000784c00000, 0x0000000784c00000| Untracked 
|  77|0x0000000784d00000, 0x0000000784d00000, 0x0000000784e00000|  0%| F|  |TAMS 0x0000000784d00000, 0x0000000784d00000| Untracked 
|  78|0x0000000784e00000, 0x0000000784e00000, 0x0000000784f00000|  0%| F|  |TAMS 0x0000000784e00000, 0x0000000784e00000| Untracked 
|  79|0x0000000784f00000, 0x0000000784f00000, 0x0000000785000000|  0%| F|  |TAMS 0x0000000784f00000, 0x0000000784f00000| Untracked 
|  80|0x0000000785000000, 0x0000000785000000, 0x0000000785100000|  0%| F|  |TAMS 0x0000000785000000, 0x0000000785000000| Untracked 
|  81|0x0000000785100000, 0x0000000785100000, 0x0000000785200000|  0%| F|  |TAMS 0x0000000785100000, 0x0000000785100000| Untracked 
|  82|0x0000000785200000, 0x0000000785200000, 0x0000000785300000|  0%| F|  |TAMS 0x0000000785200000, 0x0000000785200000| Untracked 
|  83|0x0000000785300000, 0x0000000785300000, 0x0000000785400000|  0%| F|  |TAMS 0x0000000785300000, 0x0000000785300000| Untracked 
|  84|0x0000000785400000, 0x0000000785400000, 0x0000000785500000|  0%| F|  |TAMS 0x0000000785400000, 0x0000000785400000| Untracked 
|  85|0x0000000785500000, 0x00000007855d18b8, 0x0000000785600000| 81%| E|  |TAMS 0x0000000785500000, 0x0000000785500000| Complete 
|  86|0x0000000785600000, 0x0000000785700000, 0x0000000785700000|100%| E|CS|TAMS 0x0000000785600000, 0x0000000785600000| Complete 
|  87|0x0000000785700000, 0x0000000785800000, 0x0000000785800000|100%| E|CS|TAMS 0x0000000785700000, 0x0000000785700000| Complete 
|  88|0x0000000785800000, 0x0000000785900000, 0x0000000785900000|100%| E|CS|TAMS 0x0000000785800000, 0x0000000785800000| Complete 
|  89|0x0000000785900000, 0x0000000785a00000, 0x0000000785a00000|100%| E|CS|TAMS 0x0000000785900000, 0x0000000785900000| Complete 
|  90|0x0000000785a00000, 0x0000000785b00000, 0x0000000785b00000|100%| E|CS|TAMS 0x0000000785a00000, 0x0000000785a00000| Complete 
|  91|0x0000000785b00000, 0x0000000785c00000, 0x0000000785c00000|100%| E|CS|TAMS 0x0000000785b00000, 0x0000000785b00000| Complete 
|  92|0x0000000785c00000, 0x0000000785d00000, 0x0000000785d00000|100%| E|CS|TAMS 0x0000000785c00000, 0x0000000785c00000| Complete 
|  93|0x0000000785d00000, 0x0000000785e00000, 0x0000000785e00000|100%| E|CS|TAMS 0x0000000785d00000, 0x0000000785d00000| Complete 
|  94|0x0000000785e00000, 0x0000000785f00000, 0x0000000785f00000|100%| E|CS|TAMS 0x0000000785e00000, 0x0000000785e00000| Complete 
|  95|0x0000000785f00000, 0x0000000786000000, 0x0000000786000000|100%| E|CS|TAMS 0x0000000785f00000, 0x0000000785f00000| Complete 
|  96|0x0000000786000000, 0x0000000786100000, 0x0000000786100000|100%| E|CS|TAMS 0x0000000786000000, 0x0000000786000000| Complete 
|  97|0x0000000786100000, 0x0000000786200000, 0x0000000786200000|100%| E|CS|TAMS 0x0000000786100000, 0x0000000786100000| Complete 
|  98|0x0000000786200000, 0x0000000786300000, 0x0000000786300000|100%| E|CS|TAMS 0x0000000786200000, 0x0000000786200000| Complete 
|  99|0x0000000786300000, 0x0000000786400000, 0x0000000786400000|100%| E|CS|TAMS 0x0000000786300000, 0x0000000786300000| Complete 
| 100|0x0000000786400000, 0x0000000786500000, 0x0000000786500000|100%| E|CS|TAMS 0x0000000786400000, 0x0000000786400000| Complete 
| 101|0x0000000786500000, 0x0000000786600000, 0x0000000786600000|100%| E|CS|TAMS 0x0000000786500000, 0x0000000786500000| Complete 
| 102|0x0000000786600000, 0x0000000786700000, 0x0000000786700000|100%| E|CS|TAMS 0x0000000786600000, 0x0000000786600000| Complete 
| 103|0x0000000786700000, 0x0000000786800000, 0x0000000786800000|100%| E|CS|TAMS 0x0000000786700000, 0x0000000786700000| Complete 
| 104|0x0000000786800000, 0x0000000786900000, 0x0000000786900000|100%| E|CS|TAMS 0x0000000786800000, 0x0000000786800000| Complete 
| 105|0x0000000786900000, 0x0000000786a00000, 0x0000000786a00000|100%| E|CS|TAMS 0x0000000786900000, 0x0000000786900000| Complete 
| 106|0x0000000786a00000, 0x0000000786b00000, 0x0000000786b00000|100%| E|CS|TAMS 0x0000000786a00000, 0x0000000786a00000| Complete 
| 107|0x0000000786b00000, 0x0000000786c00000, 0x0000000786c00000|100%| E|CS|TAMS 0x0000000786b00000, 0x0000000786b00000| Complete 
| 108|0x0000000786c00000, 0x0000000786d00000, 0x0000000786d00000|100%| E|CS|TAMS 0x0000000786c00000, 0x0000000786c00000| Complete 
| 109|0x0000000786d00000, 0x0000000786e00000, 0x0000000786e00000|100%| E|CS|TAMS 0x0000000786d00000, 0x0000000786d00000| Complete 
| 110|0x0000000786e00000, 0x0000000786f00000, 0x0000000786f00000|100%| E|CS|TAMS 0x0000000786e00000, 0x0000000786e00000| Complete 
| 111|0x0000000786f00000, 0x0000000787000000, 0x0000000787000000|100%| E|CS|TAMS 0x0000000786f00000, 0x0000000786f00000| Complete 
| 112|0x0000000787000000, 0x0000000787100000, 0x0000000787100000|100%| E|CS|TAMS 0x0000000787000000, 0x0000000787000000| Complete 
| 113|0x0000000787100000, 0x0000000787200000, 0x0000000787200000|100%| E|CS|TAMS 0x0000000787100000, 0x0000000787100000| Complete 
| 114|0x0000000787200000, 0x0000000787300000, 0x0000000787300000|100%| E|CS|TAMS 0x0000000787200000, 0x0000000787200000| Complete 
| 115|0x0000000787300000, 0x0000000787400000, 0x0000000787400000|100%| E|CS|TAMS 0x0000000787300000, 0x0000000787300000| Complete 
| 116|0x0000000787400000, 0x0000000787500000, 0x0000000787500000|100%| E|CS|TAMS 0x0000000787400000, 0x0000000787400000| Complete 
| 149|0x0000000789500000, 0x0000000789600000, 0x0000000789600000|100%| E|CS|TAMS 0x0000000789500000, 0x0000000789500000| Complete 
| 150|0x0000000789600000, 0x0000000789700000, 0x0000000789700000|100%| E|CS|TAMS 0x0000000789600000, 0x0000000789600000| Complete 
| 151|0x0000000789700000, 0x0000000789800000, 0x0000000789800000|100%| E|CS|TAMS 0x0000000789700000, 0x0000000789700000| Complete 
| 152|0x0000000789800000, 0x0000000789900000, 0x0000000789900000|100%| E|CS|TAMS 0x0000000789800000, 0x0000000789800000| Complete 
| 153|0x0000000789900000, 0x0000000789a00000, 0x0000000789a00000|100%| E|CS|TAMS 0x0000000789900000, 0x0000000789900000| Complete 
| 167|0x000000078a700000, 0x000000078a800000, 0x000000078a800000|100%| E|CS|TAMS 0x000000078a700000, 0x000000078a700000| Complete 
| 168|0x000000078a800000, 0x000000078a900000, 0x000000078a900000|100%| E|CS|TAMS 0x000000078a800000, 0x000000078a800000| Complete 
| 169|0x000000078a900000, 0x000000078aa00000, 0x000000078aa00000|100%| E|CS|TAMS 0x000000078a900000, 0x000000078a900000| Complete 
| 170|0x000000078aa00000, 0x000000078ab00000, 0x000000078ab00000|100%| E|CS|TAMS 0x000000078aa00000, 0x000000078aa00000| Complete 
| 171|0x000000078ab00000, 0x000000078ac00000, 0x000000078ac00000|100%| E|CS|TAMS 0x000000078ab00000, 0x000000078ab00000| Complete 
| 172|0x000000078ac00000, 0x000000078ad00000, 0x000000078ad00000|100%| E|CS|TAMS 0x000000078ac00000, 0x000000078ac00000| Complete 
|2046|0x00000007ffe00000, 0x00000007ffe76000, 0x00000007fff00000| 46%|OA|  |TAMS 0x00000007ffe76000, 0x00000007ffe00000| Untracked 
|2047|0x00000007fff00000, 0x00000007fff74000, 0x0000000800000000| 45%|CA|  |TAMS 0x00000007fff74000, 0x00000007fff00000| Untracked 

Card table byte_map: [0x000000010ffe6000,0x00000001103e6000] _byte_map_base: 0x000000010c3e6000

Marking Bits (Prev, Next): (CMBitMap*) 0x00007f87fb008810, (CMBitMap*) 0x00007f87fb008850
 Prev Bits: [0x00000001107e6000, 0x00000001127e6000)
 Next Bits: [0x0000000129c65000, 0x000000012bc65000)

Polling page: 0x000000010dffa000

Metaspace:

Usage:
  Non-class:     40.45 MB used.
      Class:      6.69 MB used.
       Both:     47.15 MB used.

Virtual space:
  Non-class space:       64.00 MB reserved,      40.75 MB ( 64%) committed,  1 nodes.
      Class space:      416.00 MB reserved,       6.94 MB (  2%) committed,  1 nodes.
             Both:      480.00 MB reserved,      47.69 MB ( 10%) committed. 

Chunk freelists:
   Non-Class:  6.42 MB
       Class:  9.11 MB
        Both:  15.53 MB

MaxMetaspaceSize: 512.00 MB
CompressedClassSpaceSize: 416.00 MB
Initial GC threshold: 21.00 MB
Current GC threshold: 58.88 MB
CDS: on
MetaspaceReclaimPolicy: balanced
 - commit_granule_bytes: 65536.
 - commit_granule_words: 8192.
 - virtual_space_node_default_size: 8388608.
 - enlarge_chunks_in_place: 1.
 - new_chunks_are_fully_committed: 0.
 - uncommit_free_chunks: 1.
 - use_allocation_guard: 0.
 - handle_deallocations: 1.


Internal statistics:

num_allocs_failed_limit: 6.
num_arena_births: 600.
num_arena_deaths: 0.
num_vsnodes_births: 2.
num_vsnodes_deaths: 0.
num_space_committed: 763.
num_space_uncommitted: 0.
num_chunks_returned_to_freelist: 6.
num_chunks_taken_from_freelist: 2488.
num_chunk_merges: 6.
num_chunk_splits: 1686.
num_chunks_enlarged: 1209.
num_inconsistent_stats: 0.

CodeHeap 'non-profiled nmethods': size=120032Kb used=2614Kb max_used=2614Kb free=117417Kb
 bounds [0x000000012272d000, 0x00000001229bd000, 0x0000000129c65000]
CodeHeap 'profiled nmethods': size=120028Kb used=9751Kb max_used=9751Kb free=110276Kb
 bounds [0x000000011ac65000, 0x000000011b5f5000, 0x000000012219c000]
CodeHeap 'non-nmethods': size=5700Kb used=2326Kb max_used=2361Kb free=3373Kb
 bounds [0x000000012219c000, 0x000000012240c000, 0x000000012272d000]
 total_blobs=5773 nmethods=4926 adapters=760
 compilation: enabled
              stopped_count=0, restarted_count=0
 full_count=0

Compilation events (20 events):
Event: 13.460 Thread 0x00007f87fa04b000 nmethod 4926 0x000000011b5e6a90 code [0x000000011b5e6ca0, 0x000000011b5e7460]
Event: 13.460 Thread 0x00007f87fa04b000 4929       3       org.gradle.internal.hash.Hashing$MessageDigestHasher::putString (17 bytes)
Event: 13.460 Thread 0x00007f87fa04b000 nmethod 4929 0x000000011b5e7690 code [0x000000011b5e78c0, 0x000000011b5e8090]
Event: 13.460 Thread 0x00007f87fa04b000 4930       3       org.gradle.internal.hash.Hashing$DefaultHasher::putString (26 bytes)
Event: 13.461 Thread 0x00007f87fa04b000 nmethod 4930 0x000000011b5e8390 code [0x000000011b5e8660, 0x000000011b5e95b0]
Event: 13.461 Thread 0x00007f87fa04b000 4927       3       org.gradle.cache.internal.btree.ByteInput$ResettableBufferedInputStream::clear (11 bytes)
Event: 13.461 Thread 0x00007f87fa04b000 nmethod 4927 0x000000011b5e9b90 code [0x000000011b5e9d20, 0x000000011b5e9e30]
Event: 13.464 Thread 0x00007f87fa04a200 nmethod 4910% 0x00000001229b9590 code [0x00000001229b9720, 0x00000001229b9d38]
Event: 13.464 Thread 0x00007f87fa04b000 4931       1       java.util.AbstractMap$SimpleImmutableEntry::getKey (5 bytes)
Event: 13.464 Thread 0x00007f87fa04a200 4914       4       java.lang.String::endsWith (15 bytes)
Event: 13.464 Thread 0x00007f87fa04b000 nmethod 4931 0x00000001229b9f10 code [0x00000001229ba0a0, 0x00000001229ba170]
Event: 13.468 Thread 0x00007f87fa04a200 nmethod 4914 0x00000001229ba210 code [0x00000001229ba3a0, 0x00000001229ba638]
Event: 13.468 Thread 0x00007f87fa04a200 4932       4       java.util.concurrent.locks.AbstractQueuedSynchronizer::signalNext (34 bytes)
Event: 13.468 Thread 0x00007f87fa04b000 4933       3       java.util.Collections::eq (22 bytes)
Event: 13.468 Thread 0x00007f87fa04b000 nmethod 4933 0x000000011b5e9f10 code [0x000000011b5ea0c0, 0x000000011b5ea320]
Event: 13.468 Thread 0x00007f87fa04b000 4934       3       java.util.Spliterators::emptySpliterator (4 bytes)
Event: 13.468 Thread 0x00007f87fa04b000 nmethod 4934 0x000000011b5ea410 code [0x000000011b5ea5a0, 0x000000011b5ea690]
Event: 13.468 Thread 0x00007f87fa04b000 4935       3       java.util.Collections$SingletonSet::contains (9 bytes)
Event: 13.468 Thread 0x00007f87fa04b000 nmethod 4935 0x000000011b5ea710 code [0x000000011b5ea8c0, 0x000000011b5eaba0]
Event: 13.469 Thread 0x00007f87fa04a200 nmethod 4932 0x00000001229ba810 code [0x00000001229ba9a0, 0x00000001229baa88]

GC Heap History (20 events):
Event: 0.395 GC heap before
{Heap before GC invocations=0 (full 0):
 garbage-first heap   total 133120K, used 13224K [0x0000000780000000, 0x0000000800000000)
  region size 1024K, 13 young (13312K), 0 survivors (0K)
 Metaspace       used 1007K, committed 1152K, reserved 491520K
  class space    used 80K, committed 128K, reserved 425984K
}
Event: 0.398 GC heap after
{Heap after GC invocations=1 (full 0):
 garbage-first heap   total 133120K, used 3112K [0x0000000780000000, 0x0000000800000000)
  region size 1024K, 2 young (2048K), 2 survivors (2048K)
 Metaspace       used 1007K, committed 1152K, reserved 491520K
  class space    used 80K, committed 128K, reserved 425984K
}
Event: 0.872 GC heap before
{Heap before GC invocations=1 (full 0):
 garbage-first heap   total 133120K, used 28712K [0x0000000780000000, 0x0000000800000000)
  region size 1024K, 24 young (24576K), 2 survivors (2048K)
 Metaspace       used 3997K, committed 4224K, reserved 491520K
  class space    used 519K, committed 640K, reserved 425984K
}
Event: 0.878 GC heap after
{Heap after GC invocations=2 (full 0):
 garbage-first heap   total 133120K, used 11781K [0x0000000780000000, 0x0000000800000000)
  region size 1024K, 3 young (3072K), 3 survivors (3072K)
 Metaspace       used 3997K, committed 4224K, reserved 491520K
  class space    used 519K, committed 640K, reserved 425984K
}
Event: 1.279 GC heap before
{Heap before GC invocations=2 (full 0):
 garbage-first heap   total 133120K, used 40453K [0x0000000780000000, 0x0000000800000000)
  region size 1024K, 29 young (29696K), 3 survivors (3072K)
 Metaspace       used 4662K, committed 4864K, reserved 491520K
  class space    used 632K, committed 768K, reserved 425984K
}
Event: 1.285 GC heap after
{Heap after GC invocations=3 (full 0):
 garbage-first heap   total 133120K, used 17139K [0x0000000780000000, 0x0000000800000000)
  region size 1024K, 4 young (4096K), 4 survivors (4096K)
 Metaspace       used 4662K, committed 4864K, reserved 491520K
  class space    used 632K, committed 768K, reserved 425984K
}
Event: 3.556 GC heap before
{Heap before GC invocations=3 (full 0):
 garbage-first heap   total 133120K, used 90867K [0x0000000780000000, 0x0000000800000000)
  region size 1024K, 76 young (77824K), 4 survivors (4096K)
 Metaspace       used 17925K, committed 18240K, reserved 491520K
  class space    used 2622K, committed 2752K, reserved 425984K
}
Event: 3.571 GC heap after
{Heap after GC invocations=4 (full 0):
 garbage-first heap   total 133120K, used 22593K [0x0000000780000000, 0x0000000800000000)
  region size 1024K, 10 young (10240K), 10 survivors (10240K)
 Metaspace       used 17925K, committed 18240K, reserved 491520K
  class space    used 2622K, committed 2752K, reserved 425984K
}
Event: 3.982 GC heap before
{Heap before GC invocations=4 (full 0):
 garbage-first heap   total 133120K, used 47169K [0x0000000780000000, 0x0000000800000000)
  region size 1024K, 35 young (35840K), 10 survivors (10240K)
 Metaspace       used 21260K, committed 21504K, reserved 491520K
  class space    used 3147K, committed 3264K, reserved 425984K
}
Event: 3.993 GC heap after
{Heap after GC invocations=5 (full 0):
 garbage-first heap   total 133120K, used 24176K [0x0000000780000000, 0x0000000800000000)
  region size 1024K, 7 young (7168K), 7 survivors (7168K)
 Metaspace       used 21260K, committed 21504K, reserved 491520K
  class space    used 3147K, committed 3264K, reserved 425984K
}
Event: 5.638 GC heap before
{Heap before GC invocations=6 (full 0):
 garbage-first heap   total 96256K, used 74352K [0x0000000780000000, 0x0000000800000000)
  region size 1024K, 56 young (57344K), 7 survivors (7168K)
 Metaspace       used 28773K, committed 29120K, reserved 491520K
  class space    used 4157K, committed 4352K, reserved 425984K
}
Event: 5.650 GC heap after
{Heap after GC invocations=7 (full 0):
 garbage-first heap   total 96256K, used 26817K [0x0000000780000000, 0x0000000800000000)
  region size 1024K, 5 young (5120K), 5 survivors (5120K)
 Metaspace       used 28773K, committed 29120K, reserved 491520K
  class space    used 4157K, committed 4352K, reserved 425984K
}
Event: 5.668 GC heap before
{Heap before GC invocations=7 (full 0):
 garbage-first heap   total 96256K, used 26817K [0x0000000780000000, 0x0000000800000000)
  region size 1024K, 6 young (6144K), 5 survivors (5120K)
 Metaspace       used 28969K, committed 29312K, reserved 491520K
  class space    used 4170K, committed 4352K, reserved 425984K
}
Event: 5.675 GC heap after
{Heap after GC invocations=8 (full 0):
 garbage-first heap   total 96256K, used 27851K [0x0000000780000000, 0x0000000800000000)
  region size 1024K, 1 young (1024K), 1 survivors (1024K)
 Metaspace       used 28969K, committed 29312K, reserved 491520K
  class space    used 4170K, committed 4352K, reserved 425984K
}
Event: 6.625 GC heap before
{Heap before GC invocations=8 (full 0):
 garbage-first heap   total 96256K, used 75979K [0x0000000780000000, 0x0000000800000000)
  region size 1024K, 44 young (45056K), 1 survivors (1024K)
 Metaspace       used 33522K, committed 33984K, reserved 491520K
  class space    used 4715K, committed 4928K, reserved 425984K
}
Event: 6.632 GC heap after
{Heap after GC invocations=9 (full 0):
 garbage-first heap   total 179200K, used 30878K [0x0000000780000000, 0x0000000800000000)
  region size 1024K, 4 young (4096K), 4 survivors (4096K)
 Metaspace       used 33522K, committed 33984K, reserved 491520K
  class space    used 4715K, committed 4928K, reserved 425984K
}
Event: 7.239 GC heap before
{Heap before GC invocations=9 (full 0):
 garbage-first heap   total 179200K, used 49310K [0x0000000780000000, 0x0000000800000000)
  region size 1024K, 23 young (23552K), 4 survivors (4096K)
 Metaspace       used 35672K, committed 36096K, reserved 491520K
  class space    used 5044K, committed 5248K, reserved 425984K
}
Event: 7.247 GC heap after
{Heap after GC invocations=10 (full 0):
 garbage-first heap   total 179200K, used 32014K [0x0000000780000000, 0x0000000800000000)
  region size 1024K, 5 young (5120K), 5 survivors (5120K)
 Metaspace       used 35672K, committed 36096K, reserved 491520K
  class space    used 5044K, committed 5248K, reserved 425984K
}
Event: 10.749 GC heap before
{Heap before GC invocations=11 (full 0):
 garbage-first heap   total 133120K, used 108814K [0x0000000780000000, 0x0000000800000000)
  region size 1024K, 78 young (79872K), 5 survivors (5120K)
 Metaspace       used 42958K, committed 43456K, reserved 491520K
  class space    used 6124K, committed 6336K, reserved 425984K
}
Event: 10.761 GC heap after
{Heap after GC invocations=12 (full 0):
 garbage-first heap   total 133120K, used 35952K [0x0000000780000000, 0x0000000800000000)
  region size 1024K, 8 young (8192K), 8 survivors (8192K)
 Metaspace       used 42958K, committed 43456K, reserved 491520K
  class space    used 6124K, committed 6336K, reserved 425984K
}

Dll operation events (13 events):
Event: 0.010 Loaded shared library /Library/Java/JavaVirtualMachines/zulu-17.jdk/Contents/Home/lib/libjava.dylib
Event: 0.082 Loaded shared library /Library/Java/JavaVirtualMachines/zulu-17.jdk/Contents/Home/lib/libzip.dylib
Event: 0.084 Loaded shared library /Library/Java/JavaVirtualMachines/zulu-17.jdk/Contents/Home/lib/libinstrument.dylib
Event: 0.087 Loaded shared library /Library/Java/JavaVirtualMachines/zulu-17.jdk/Contents/Home/lib/libnio.dylib
Event: 0.093 Loaded shared library /Library/Java/JavaVirtualMachines/zulu-17.jdk/Contents/Home/lib/libzip.dylib
Event: 0.300 Loaded shared library /Library/Java/JavaVirtualMachines/zulu-17.jdk/Contents/Home/lib/libjimage.dylib
Event: 0.460 Loaded shared library /Library/Java/JavaVirtualMachines/zulu-17.jdk/Contents/Home/lib/libverify.dylib
Event: 0.618 Loaded shared library /Library/Java/JavaVirtualMachines/zulu-17.jdk/Contents/Home/lib/libnet.dylib
Event: 0.627 Loaded shared library /Users/Shoaib/.gradle/native/c067742578af261105cb4f569cf0c3c89f3d7b1fecec35dd04571415982c5e48/osx-amd64/libnative-platform.dylib
Event: 0.637 Loaded shared library /Users/Shoaib/.gradle/native/100fb08df4bc3b14c8652ba06237920a3bd2aa13389f12d3474272988ae205f9/osx-amd64/libnative-platform-file-events.dylib
Event: 1.431 Loaded shared library /Library/Java/JavaVirtualMachines/zulu-17.jdk/Contents/Home/lib/libmanagement.dylib
Event: 1.433 Loaded shared library /Library/Java/JavaVirtualMachines/zulu-17.jdk/Contents/Home/lib/libmanagement_ext.dylib
Event: 1.558 Loaded shared library /Library/Java/JavaVirtualMachines/zulu-17.jdk/Contents/Home/lib/libextnet.dylib

Deoptimization events (20 events):
Event: 11.119 Thread 0x00007f87fb586e00 Uncommon trap: trap_request=0xffffff45 fr.pc=0x0000000122744600 relative=0x00000000000005e0
Event: 11.119 Thread 0x00007f87fb586e00 Uncommon trap: reason=unstable_if action=reinterpret pc=0x0000000122744600 method=java.lang.AbstractStringBuilder.append(Ljava/lang/String;)Ljava/lang/AbstractStringBuilder; @ 1 c2
Event: 11.119 Thread 0x00007f87fb586e00 DEOPT PACKING pc=0x0000000122744600 sp=0x000070000a97f190
Event: 11.119 Thread 0x00007f87fb586e00 DEOPT UNPACKING pc=0x00000001221f2699 sp=0x000070000a97f178 mode 2
Event: 13.310 Thread 0x00007f87fb586e00 Uncommon trap: trap_request=0xffffffc6 fr.pc=0x0000000122883000 relative=0x0000000000000480
Event: 13.310 Thread 0x00007f87fb586e00 Uncommon trap: reason=bimorphic_or_optimized_type_check action=maybe_recompile pc=0x0000000122883000 method=java.util.Spliterators$IteratorSpliterator.tryAdvance(Ljava/util/function/Consumer;)Z @ 50 c2
Event: 13.310 Thread 0x00007f87fb586e00 DEOPT PACKING pc=0x0000000122883000 sp=0x000070000a981440
Event: 13.310 Thread 0x00007f87fb586e00 DEOPT UNPACKING pc=0x00000001221f2699 sp=0x000070000a981400 mode 2
Event: 13.342 Thread 0x00007f87fb586e00 Uncommon trap: trap_request=0xffffffc6 fr.pc=0x000000012286a608 relative=0x00000000000011e8
Event: 13.342 Thread 0x00007f87fb586e00 Uncommon trap: reason=bimorphic_or_optimized_type_check action=maybe_recompile pc=0x000000012286a608 method=java.util.HashMap.putVal(ILjava/lang/Object;Ljava/lang/Object;ZZ)Ljava/lang/Object; @ 56 c2
Event: 13.342 Thread 0x00007f87fb586e00 DEOPT PACKING pc=0x000000012286a608 sp=0x000070000a980620
Event: 13.342 Thread 0x00007f87fb586e00 DEOPT UNPACKING pc=0x00000001221f2699 sp=0x000070000a9805a8 mode 2
Event: 13.342 Thread 0x00007f87fb586e00 Uncommon trap: trap_request=0xffffffc6 fr.pc=0x000000012286a608 relative=0x00000000000011e8
Event: 13.342 Thread 0x00007f87fb586e00 Uncommon trap: reason=bimorphic_or_optimized_type_check action=maybe_recompile pc=0x000000012286a608 method=java.util.HashMap.putVal(ILjava/lang/Object;Ljava/lang/Object;ZZ)Ljava/lang/Object; @ 56 c2
Event: 13.342 Thread 0x00007f87fb586e00 DEOPT PACKING pc=0x000000012286a608 sp=0x000070000a980620
Event: 13.342 Thread 0x00007f87fb586e00 DEOPT UNPACKING pc=0x00000001221f2699 sp=0x000070000a9805a8 mode 2
Event: 13.416 Thread 0x00007f87fb586e00 Uncommon trap: trap_request=0xffffff45 fr.pc=0x000000012273c898 relative=0x0000000000000078
Event: 13.416 Thread 0x00007f87fb586e00 Uncommon trap: reason=unstable_if action=reinterpret pc=0x000000012273c898 method=java.lang.String.isLatin1()Z @ 10 c2
Event: 13.416 Thread 0x00007f87fb586e00 DEOPT PACKING pc=0x000000012273c898 sp=0x000070000a980be0
Event: 13.416 Thread 0x00007f87fb586e00 DEOPT UNPACKING pc=0x00000001221f2699 sp=0x000070000a980b40 mode 2

Classes unloaded (0 events):
No events

Classes redefined (0 events):
No events

Internal exceptions (20 events):
Event: 8.666 Thread 0x00007f87fb586e00 Exception <a 'java/lang/NoSuchMethodError'{0x0000000786881540}: 'java.lang.Object java.lang.invoke.DirectMethodHandle$Holder.newInvokeSpecial(java.lang.Object, java.lang.Object, java.lang.Object, long)'> (0x0000000786881540) 
thrown [src/hotspot/share/interpreter/linkResolver.cpp, line 759]
Event: 8.667 Thread 0x00007f87fb586e00 Exception <a 'java/lang/NoSuchMethodError'{0x0000000786886ad0}: 'java.lang.Object java.lang.invoke.DirectMethodHandle$Holder.invokeSpecial(java.lang.Object, java.lang.Object, java.lang.Object, java.lang.Object, long)'> (0x0000000786886ad0) 
thrown [src/hotspot/share/interpreter/linkResolver.cpp, line 759]
Event: 8.667 Thread 0x00007f87fb586e00 Exception <a 'java/lang/NoSuchMethodError'{0x000000078688b748}: 'java.lang.Object java.lang.invoke.Invokers$Holder.linkToTargetMethod(java.lang.Object, java.lang.Object, long, java.lang.Object)'> (0x000000078688b748) 
thrown [src/hotspot/share/interpreter/linkResolver.cpp, line 759]
Event: 8.756 Thread 0x00007f87fb586e00 Implicit null exception at 0x000000012288baec to 0x000000012288bb9c
Event: 8.875 Thread 0x00007f87fb586e00 Exception <a 'java/lang/NoSuchMethodError'{0x0000000785b5a800}: 'java.lang.Object java.lang.invoke.DirectMethodHandle$Holder.newInvokeSpecial(java.lang.Object, int, java.lang.Object)'> (0x0000000785b5a800) 
thrown [src/hotspot/share/interpreter/linkResolver.cpp, line 759]
Event: 9.751 Thread 0x00007f87fb586e00 Exception <a 'java/lang/NoSuchMethodError'{0x0000000784fb3d10}: 'int java.lang.invoke.DirectMethodHandle$Holder.invokeSpecialIFC(java.lang.Object, java.lang.Object, java.lang.Object)'> (0x0000000784fb3d10) 
thrown [src/hotspot/share/interpreter/linkResolver.cpp, line 759]
Event: 9.803 Thread 0x00007f87fb586e00 Exception <a 'java/lang/NoSuchMethodError'{0x0000000784bcade8}: 'java.lang.Object java.lang.invoke.DirectMethodHandle$Holder.newInvokeSpecial(java.lang.Object, java.lang.Object, java.lang.Object, java.lang.Object, java.lang.Object, int)'> (0x0000000784bcade8) 
thrown [src/hotspot/share/interpreter/linkResolver.cpp, line 759]
Event: 9.803 Thread 0x00007f87fb586e00 Exception <a 'java/lang/NoSuchMethodError'{0x0000000784bd0790}: 'java.lang.Object java.lang.invoke.DirectMethodHandle$Holder.invokeSpecial(java.lang.Object, java.lang.Object, java.lang.Object, java.lang.Object, java.lang.Object, java.lang.Object, int)'> (0x0000000784bd0790) 
thrown [src/hotspot/share/interpreter/linkResolver.cpp, line 759]
Event: 9.803 Thread 0x00007f87fb586e00 Exception <a 'java/lang/NoSuchMethodError'{0x0000000784bd5ac0}: 'java.lang.Object java.lang.invoke.Invokers$Holder.linkToTargetMethod(java.lang.Object, java.lang.Object, java.lang.Object, java.lang.Object, int, java.lang.Object)'> (0x0000000784bd5ac0) 
thrown [src/hotspot/share/interpreter/linkResolver.cpp, line 759]
Event: 9.810 Thread 0x00007f87fb586e00 Exception <a 'java/lang/NoSuchMethodError'{0x0000000784a39fb0}: 'java.lang.Object java.lang.invoke.DirectMethodHandle$Holder.invokeSpecial(java.lang.Object, java.lang.Object, java.lang.Object, java.lang.Object, java.lang.Object, long)'> (0x0000000784a39fb0) 
thrown [src/hotspot/share/interpreter/linkResolver.cpp, line 759]
Event: 9.812 Thread 0x00007f87fb586e00 Exception <a 'java/lang/NoSuchMethodError'{0x0000000784a66138}: 'void java.lang.invoke.DirectMethodHandle$Holder.invokeStatic(java.lang.Object, java.lang.Object, java.lang.Object, int, java.lang.Object)'> (0x0000000784a66138) 
thrown [src/hotspot/share/interpreter/linkResolver.cpp, line 759]
Event: 9.972 Thread 0x00007f87fb586e00 Exception <a 'java/lang/NoSuchMethodError'{0x000000078466a6f8}: 'java.lang.Object java.lang.invoke.DirectMethodHandle$Holder.invokeSpecial(java.lang.Object, java.lang.Object, long, java.lang.Object, java.lang.Object)'> (0x000000078466a6f8) 
thrown [src/hotspot/share/interpreter/linkResolver.cpp, line 759]
Event: 10.042 Thread 0x00007f87fb586e00 Exception <a 'java/lang/NoSuchMethodError'{0x00000007842cb290}: 'java.lang.Object java.lang.invoke.DirectMethodHandle$Holder.newInvokeSpecial(java.lang.Object, java.lang.Object, java.lang.Object, java.lang.Object, int, java.lang.Object)'> (0x00000007842cb290) 
thrown [src/hotspot/share/interpreter/linkResolver.cpp, line 759]
Event: 10.042 Thread 0x00007f87fb586e00 Exception <a 'java/lang/NoSuchMethodError'{0x00000007842d0b38}: 'java.lang.Object java.lang.invoke.Invokers$Holder.linkToTargetMethod(java.lang.Object, java.lang.Object, java.lang.Object, int, java.lang.Object, java.lang.Object)'> (0x00000007842d0b38) 
thrown [src/hotspot/share/interpreter/linkResolver.cpp, line 759]
Event: 10.109 Thread 0x00007f87fb586e00 Exception <a 'java/lang/NoSuchMethodError'{0x0000000783e8e790}: 'java.lang.Object java.lang.invoke.DirectMethodHandle$Holder.invokeSpecialIFC(java.lang.Object, java.lang.Object, java.lang.Object)'> (0x0000000783e8e790) 
thrown [src/hotspot/share/interpreter/linkResolver.cpp, line 759]
Event: 10.916 Thread 0x00007f87fb586e00 Implicit null exception at 0x000000012274ae54 to 0x000000012274b404
Event: 11.119 Thread 0x00007f87fb586e00 Implicit null exception at 0x0000000122744054 to 0x00000001227445e8
Event: 13.249 Thread 0x00007f87fb586e00 Exception <a 'java/lang/ClassNotFoundException'{0x00000007862ac4a0}: sun/misc/SharedSecrets> (0x00000007862ac4a0) 
thrown [src/hotspot/share/classfile/systemDictionary.cpp, line 259]
Event: 13.303 Thread 0x00007f87fb586e00 Exception <a 'java/lang/NoSuchMethodError'{0x0000000785e0c080}: 'java.lang.Object java.lang.invoke.DirectMethodHandle$Holder.newInvokeSpecial(java.lang.Object, java.lang.Object, int)'> (0x0000000785e0c080) 
thrown [src/hotspot/share/interpreter/linkResolver.cpp, line 759]
Event: 13.435 Thread 0x00007f87fb586e00 Exception <a 'java/lang/NoSuchMethodError'{0x00000007856ae2b0}: 'void java.lang.invoke.DirectMethodHandle$Holder.invokeStatic(java.lang.Object, java.lang.Object, java.lang.Object, java.lang.Object, java.lang.Object, java.lang.Object, java.lang.Object)'> (0x00000007856ae2b0) 
thrown [src/hotspot/share/interpreter/linkResolver.cpp, line 759]

VM Operations (20 events):
Event: 7.771 Executing VM operation: HandshakeAllThreads
Event: 7.771 Executing VM operation: HandshakeAllThreads done
Event: 7.775 Executing VM operation: HandshakeAllThreads
Event: 7.775 Executing VM operation: HandshakeAllThreads done
Event: 7.985 Executing VM operation: HandshakeAllThreads
Event: 7.985 Executing VM operation: HandshakeAllThreads done
Event: 8.986 Executing VM operation: Cleanup
Event: 8.986 Executing VM operation: Cleanup done
Event: 9.987 Executing VM operation: Cleanup
Event: 9.987 Executing VM operation: Cleanup done
Event: 10.020 Executing VM operation: HandshakeAllThreads
Event: 10.020 Executing VM operation: HandshakeAllThreads done
Event: 10.749 Executing VM operation: G1CollectForAllocation
Event: 10.761 Executing VM operation: G1CollectForAllocation done
Event: 11.763 Executing VM operation: Cleanup
Event: 11.763 Executing VM operation: Cleanup done
Event: 12.413 Executing VM operation: HandshakeAllThreads
Event: 12.414 Executing VM operation: HandshakeAllThreads done
Event: 13.418 Executing VM operation: Cleanup
Event: 13.418 Executing VM operation: Cleanup done

Events (20 events):
Event: 10.539 loading class java/util/zip/GZIPOutputStream
Event: 10.539 loading class java/util/zip/GZIPOutputStream done
Event: 10.551 Thread 0x00007f87fd46b400 Thread added: 0x00007f87fd46b400
Event: 10.551 Protecting memory [0x000070000c0d0000,0x000070000c0d4000] with protection modes 0
Event: 11.160 loading class java/util/ArrayList$SubList$1
Event: 11.160 loading class java/util/ArrayList$SubList$1 done
Event: 11.768 loading class java/util/concurrent/LinkedBlockingDeque$Itr
Event: 11.890 loading class java/util/concurrent/LinkedBlockingDeque$AbstractItr
Event: 11.890 loading class java/util/concurrent/LinkedBlockingDeque$AbstractItr done
Event: 11.890 loading class java/util/concurrent/LinkedBlockingDeque$Itr done
Event: 13.249 loading class sun/misc/SharedSecrets
Event: 13.249 loading class sun/misc/SharedSecrets done
Event: 13.315 loading class java/nio/channels/Channels$ReadableByteChannelImpl
Event: 13.316 loading class java/nio/channels/Channels$ReadableByteChannelImpl done
Event: 13.325 loading class java/util/EmptyStackException
Event: 13.325 loading class java/util/EmptyStackException done
Event: 13.330 loading class java/io/InvalidClassException
Event: 13.330 loading class java/io/InvalidClassException done
Event: 13.441 loading class java/util/Comparators$NaturalOrderComparator
Event: 13.441 loading class java/util/Comparators$NaturalOrderComparator done


Dynamic libraries:
0x00007fff72163000 	/usr/lib/libz.1.dylib
0x000000010dfc1000 	/Library/Java/JavaVirtualMachines/zulu-17.jdk/Contents/Home/lib/libjli.dylib
0x00007fff38c2a000 	/System/Library/Frameworks/Cocoa.framework/Versions/A/Cocoa
0x00007fff4623f000 	/System/Library/Frameworks/Security.framework/Versions/A/Security
0x00007fff37b90000 	/System/Library/Frameworks/ApplicationServices.framework/Versions/A/ApplicationServices
0x00007fff6fb97000 	/usr/lib/libSystem.B.dylib
0x00007fff72a24000 	/usr/lib/system/libcache.dylib
0x00007fff72a2a000 	/usr/lib/system/libcommonCrypto.dylib
0x00007fff72a36000 	/usr/lib/system/libcompiler_rt.dylib
0x00007fff72a3e000 	/usr/lib/system/libcopyfile.dylib
0x00007fff72a48000 	/usr/lib/system/libcorecrypto.dylib
0x00007fff72be7000 	/usr/lib/system/libdispatch.dylib
0x00007fff72c28000 	/usr/lib/system/libdyld.dylib
0x00007fff72c5f000 	/usr/lib/system/libkeymgr.dylib
0x00007fff72c6d000 	/usr/lib/system/liblaunch.dylib
0x00007fff72c6e000 	/usr/lib/system/libmacho.dylib
0x00007fff72c74000 	/usr/lib/system/libquarantine.dylib
0x00007fff72c77000 	/usr/lib/system/libremovefile.dylib
0x00007fff72c79000 	/usr/lib/system/libsystem_asl.dylib
0x00007fff72c91000 	/usr/lib/system/libsystem_blocks.dylib
0x00007fff72c92000 	/usr/lib/system/libsystem_c.dylib
0x00007fff72d1a000 	/usr/lib/system/libsystem_configuration.dylib
0x00007fff72d1e000 	/usr/lib/system/libsystem_coreservices.dylib
0x00007fff72d22000 	/usr/lib/system/libsystem_darwin.dylib
0x00007fff72d2b000 	/usr/lib/system/libsystem_dnssd.dylib
0x00007fff72d33000 	/usr/lib/system/libsystem_featureflags.dylib
0x00007fff72d35000 	/usr/lib/system/libsystem_info.dylib
0x00007fff72db0000 	/usr/lib/system/libsystem_m.dylib
0x00007fff72dfc000 	/usr/lib/system/libsystem_malloc.dylib
0x00007fff72e24000 	/usr/lib/system/libsystem_networkextension.dylib
0x00007fff72e32000 	/usr/lib/system/libsystem_notify.dylib
0x00007fff72e50000 	/usr/lib/system/libsystem_sandbox.dylib
0x00007fff72e55000 	/usr/lib/system/libsystem_secinit.dylib
0x00007fff72d83000 	/usr/lib/system/libsystem_kernel.dylib
0x00007fff72e3c000 	/usr/lib/system/libsystem_platform.dylib
0x00007fff72e45000 	/usr/lib/system/libsystem_pthread.dylib
0x00007fff72e58000 	/usr/lib/system/libsystem_symptoms.dylib
0x00007fff72e60000 	/usr/lib/system/libsystem_trace.dylib
0x00007fff72e78000 	/usr/lib/system/libunwind.dylib
0x00007fff72e7e000 	/usr/lib/system/libxpc.dylib
0x00007fff71a90000 	/usr/lib/libobjc.A.dylib
0x00007fff6ff66000 	/usr/lib/libc++abi.dylib
0x00007fff6ff13000 	/usr/lib/libc++.1.dylib
0x00007fff39a8b000 	/System/Library/Frameworks/CoreFoundation.framework/Versions/A/CoreFoundation
0x00007fff3c170000 	/System/Library/Frameworks/Foundation.framework/Versions/C/Foundation
0x00007fff36d82000 	/System/Library/Frameworks/AppKit.framework/Versions/C/AppKit
0x00007fff3955c000 	/System/Library/Frameworks/CoreData.framework/Versions/A/CoreData
0x00007fff69f42000 	/System/Library/PrivateFrameworks/UIFoundation.framework/Versions/A/UIFoundation
0x00007fff65758000 	/System/Library/PrivateFrameworks/RemoteViewServices.framework/Versions/A/RemoteViewServices
0x00007fff6c707000 	/System/Library/PrivateFrameworks/XCTTargetBootstrap.framework/Versions/A/XCTTargetBootstrap
0x00007fff39958000 	/System/Library/Frameworks/CoreDisplay.framework/Versions/A/CoreDisplay
0x00007fff3f02f000 	/System/Library/Frameworks/Metal.framework/Versions/A/Metal
0x00007fff538f0000 	/System/Library/PrivateFrameworks/DesktopServicesPriv.framework/Versions/A/DesktopServicesPriv
0x00007fff70d6b000 	/usr/lib/liblangid.dylib
0x00007fff52b85000 	/System/Library/PrivateFrameworks/CoreSVG.framework/Versions/A/CoreSVG
0x00007fff68132000 	/System/Library/PrivateFrameworks/SkyLight.framework/Versions/A/SkyLight
0x00007fff39f0d000 	/System/Library/Frameworks/CoreGraphics.framework/Versions/A/CoreGraphics
0x00007fff356f1000 	/System/Library/Frameworks/Accelerate.framework/Versions/A/Accelerate
0x00007fff72054000 	/usr/lib/libxml2.2.dylib
0x00007fff5e87c000 	/System/Library/PrivateFrameworks/IconServices.framework/Versions/A/IconServices
0x00007fff3c94f000 	/System/Library/Frameworks/IOSurface.framework/Versions/A/IOSurface
0x00007fff6f6c1000 	/usr/lib/libDiagnosticMessagesClient.dylib
0x00007fff5374a000 	/System/Library/PrivateFrameworks/DFRFoundation.framework/Versions/A/DFRFoundation
0x00007fff70afa000 	/usr/lib/libicucore.A.dylib
0x00007fff37ec2000 	/System/Library/Frameworks/AudioToolbox.framework/Versions/A/AudioToolbox
0x00007fff37fa5000 	/System/Library/Frameworks/AudioUnit.framework/Versions/A/AudioUnit
0x00007fff6fe2f000 	/usr/lib/libauto.dylib
0x00007fff537ec000 	/System/Library/PrivateFrameworks/DataDetectorsCore.framework/Versions/A/DataDetectorsCore
0x00007fff3874b000 	/System/Library/Frameworks/Carbon.framework/Versions/A/Frameworks/HIToolbox.framework/Versions/A/HIToolbox
0x00007fff45438000 	/System/Library/Frameworks/QuartzCore.framework/Versions/A/QuartzCore
0x00007fff38a8a000 	/System/Library/Frameworks/Carbon.framework/Versions/A/Frameworks/SpeechRecognition.framework/Versions/A/SpeechRecognition
0x00007fff5325e000 	/System/Library/PrivateFrameworks/CoreUI.framework/Versions/A/CoreUI
0x00007fff39019000 	/System/Library/Frameworks/CoreAudio.framework/Versions/A/CoreAudio
0x00007fff3be2e000 	/System/Library/Frameworks/DiskArbitration.framework/Versions/A/DiskArbitration
0x00007fff60731000 	/System/Library/PrivateFrameworks/MultitouchSupport.framework/Versions/A/MultitouchSupport
0x00007fff709bf000 	/usr/lib/libenergytrace.dylib
0x00007fff3c8a9000 	/System/Library/Frameworks/IOKit.framework/Versions/A/IOKit
0x00007fff3ae98000 	/System/Library/Frameworks/CoreServices.framework/Versions/A/CoreServices
0x00007fff628eb000 	/System/Library/PrivateFrameworks/PerformanceAnalysis.framework/Versions/A/PerformanceAnalysis
0x00007fff4446b000 	/System/Library/Frameworks/OpenGL.framework/Versions/A/OpenGL
0x00007fff38c38000 	/System/Library/Frameworks/ColorSync.framework/Versions/A/ColorSync
0x00007fff3a5b3000 	/System/Library/Frameworks/CoreImage.framework/Versions/A/CoreImage
0x00007fff3b90c000 	/System/Library/Frameworks/CoreText.framework/Versions/A/CoreText
0x00007fff3c9df000 	/System/Library/Frameworks/ImageIO.framework/Versions/A/ImageIO
0x00007fff6ff8f000 	/usr/lib/libcompression.dylib
0x00007fff6fa05000 	/usr/lib/libMobileGestalt.dylib
0x00007fff69cac000 	/System/Library/PrivateFrameworks/TextureIO.framework/Versions/A/TextureIO
0x00007fff6fcfc000 	/usr/lib/libate.dylib
0x00007fff5ea85000 	/System/Library/PrivateFrameworks/InternationalSupport.framework/Versions/A/InternationalSupport
0x00007fff70d6d000 	/usr/lib/liblzma.5.dylib
0x00007fff709e8000 	/usr/lib/libfakelink.dylib
0x00007fff6fc89000 	/usr/lib/libarchive.2.dylib
0x00007fff472f2000 	/System/Library/Frameworks/SystemConfiguration.framework/Versions/A/SystemConfiguration
0x00007fff6f5f4000 	/usr/lib/libCRFSuite.dylib
0x00007fff3833c000 	/System/Library/Frameworks/CFNetwork.framework/Versions/A/CFNetwork
0x00007fff6fef5000 	/usr/lib/libbsm.0.dylib
0x00007fff72c60000 	/usr/lib/system/libkxld.dylib
0x00007fff4d0ac000 	/System/Library/PrivateFrameworks/AppleFSCompression.framework/Versions/A/AppleFSCompression
0x00007fff70281000 	/usr/lib/libcoretls.dylib
0x00007fff70298000 	/usr/lib/libcoretls_cfhelpers.dylib
0x00007fff71ad5000 	/usr/lib/libpam.2.dylib
0x00007fff71c0a000 	/usr/lib/libsqlite3.dylib
0x00007fff72041000 	/usr/lib/libxar.1.dylib
0x00007fff6ff06000 	/usr/lib/libbz2.1.0.dylib
0x00007fff70a09000 	/usr/lib/libiconv.2.dylib
0x00007fff6ff7c000 	/usr/lib/libcharset.1.dylib
0x00007fff71573000 	/usr/lib/libnetwork.dylib
0x00007fff71adc000 	/usr/lib/libpcap.A.dylib
0x00007fff6fc3e000 	/usr/lib/libapple_nghttp2.dylib
0x00007fff3b24f000 	/System/Library/Frameworks/CoreServices.framework/Versions/A/Frameworks/FSEvents.framework/Versions/A/FSEvents
0x00007fff3af1f000 	/System/Library/Frameworks/CoreServices.framework/Versions/A/Frameworks/CarbonCore.framework/Versions/A/CarbonCore
0x00007fff3b494000 	/System/Library/Frameworks/CoreServices.framework/Versions/A/Frameworks/Metadata.framework/Versions/A/Metadata
0x00007fff3b52d000 	/System/Library/Frameworks/CoreServices.framework/Versions/A/Frameworks/OSServices.framework/Versions/A/OSServices
0x00007fff3b55b000 	/System/Library/Frameworks/CoreServices.framework/Versions/A/Frameworks/SearchKit.framework/Versions/A/SearchKit
0x00007fff3ae99000 	/System/Library/Frameworks/CoreServices.framework/Versions/A/Frameworks/AE.framework/Versions/A/AE
0x00007fff3b258000 	/System/Library/Frameworks/CoreServices.framework/Versions/A/Frameworks/LaunchServices.framework/Versions/A/LaunchServices
0x00007fff3b201000 	/System/Library/Frameworks/CoreServices.framework/Versions/A/Frameworks/DictionaryServices.framework/Versions/A/DictionaryServices
0x00007fff3b5c3000 	/System/Library/Frameworks/CoreServices.framework/Versions/A/Frameworks/SharedFileList.framework/Versions/A/SharedFileList
0x00007fff4028a000 	/System/Library/Frameworks/NetFS.framework/Versions/A/NetFS
0x00007fff60c61000 	/System/Library/PrivateFrameworks/NetAuth.framework/Versions/A/NetAuth
0x00007fff6cad4000 	/System/Library/PrivateFrameworks/login.framework/Versions/A/Frameworks/loginsupport.framework/Versions/A/loginsupport
0x00007fff69777000 	/System/Library/PrivateFrameworks/TCC.framework/Versions/A/TCC
0x00007fff51ce2000 	/System/Library/PrivateFrameworks/CoreNLP.framework/Versions/A/CoreNLP
0x00007fff602ec000 	/System/Library/PrivateFrameworks/MetadataUtilities.framework/Versions/A/MetadataUtilities
0x00007fff70e45000 	/usr/lib/libmecabra.dylib
0x00007fff70d9d000 	/usr/lib/libmecab.dylib
0x00007fff709f9000 	/usr/lib/libgermantok.dylib
0x00007fff6fc25000 	/usr/lib/libThaiTokenizer.dylib
0x00007fff6f62b000 	/usr/lib/libChineseTokenizer.dylib
0x00007fff3570a000 	/System/Library/Frameworks/Accelerate.framework/Versions/A/Frameworks/vImage.framework/Versions/A/vImage
0x00007fff36bd8000 	/System/Library/Frameworks/Accelerate.framework/Versions/A/Frameworks/vecLib.framework/Versions/A/vecLib
0x00007fff36a59000 	/System/Library/Frameworks/Accelerate.framework/Versions/A/Frameworks/vecLib.framework/Versions/A/libvMisc.dylib
0x00007fff368c6000 	/System/Library/Frameworks/Accelerate.framework/Versions/A/Frameworks/vecLib.framework/Versions/A/libvDSP.dylib
0x00007fff35fa6000 	/System/Library/Frameworks/Accelerate.framework/Versions/A/Frameworks/vecLib.framework/Versions/A/libBLAS.dylib
0x00007fff3647e000 	/System/Library/Frameworks/Accelerate.framework/Versions/A/Frameworks/vecLib.framework/Versions/A/libLAPACK.dylib
0x00007fff36826000 	/System/Library/Frameworks/Accelerate.framework/Versions/A/Frameworks/vecLib.framework/Versions/A/libLinearAlgebra.dylib
0x00007fff368b3000 	/System/Library/Frameworks/Accelerate.framework/Versions/A/Frameworks/vecLib.framework/Versions/A/libSparseBLAS.dylib
0x00007fff3683c000 	/System/Library/Frameworks/Accelerate.framework/Versions/A/Frameworks/vecLib.framework/Versions/A/libQuadrature.dylib
0x00007fff3613c000 	/System/Library/Frameworks/Accelerate.framework/Versions/A/Frameworks/vecLib.framework/Versions/A/libBNNS.dylib
0x00007fff36842000 	/System/Library/Frameworks/Accelerate.framework/Versions/A/Frameworks/vecLib.framework/Versions/A/libSparse.dylib
0x00007fff5ee60000 	/System/Library/PrivateFrameworks/LanguageModeling.framework/Versions/A/LanguageModeling
0x00007fff51691000 	/System/Library/PrivateFrameworks/CoreEmoji.framework/Versions/A/CoreEmoji
0x00007fff5ef7e000 	/System/Library/PrivateFrameworks/LinguisticData.framework/Versions/A/LinguisticData
0x00007fff5ef2f000 	/System/Library/PrivateFrameworks/Lexicon.framework/Versions/A/Lexicon
0x00007fff6ff7d000 	/usr/lib/libcmph.dylib
0x00007fff42e79000 	/System/Library/Frameworks/OpenDirectory.framework/Versions/A/Frameworks/CFOpenDirectory.framework/Versions/A/CFOpenDirectory
0x00007fff42e96000 	/System/Library/Frameworks/OpenDirectory.framework/Versions/A/OpenDirectory
0x00007fff4b2dc000 	/System/Library/PrivateFrameworks/APFS.framework/Versions/A/APFS
0x00007fff4658b000 	/System/Library/Frameworks/SecurityFoundation.framework/Versions/A/SecurityFoundation
0x00007fff7203d000 	/usr/lib/libutil.dylib
0x00007fff52bdd000 	/System/Library/PrivateFrameworks/CoreServicesStore.framework/Versions/A/CoreServicesStore
0x00007fff46642000 	/System/Library/Frameworks/ServiceManagement.framework/Versions/A/ServiceManagement
0x00007fff4e87e000 	/System/Library/PrivateFrameworks/BackgroundTaskManagement.framework/Versions/A/BackgroundTaskManagement
0x00007fff7213a000 	/usr/lib/libxslt.1.dylib
0x00007fff4d720000 	/System/Library/PrivateFrameworks/AppleSystemInfo.framework/Versions/A/AppleSystemInfo
0x00007fff3cbfe000 	/System/Library/Frameworks/ImageIO.framework/Versions/A/Resources/libJPEG.dylib
0x00007fff3cebd000 	/System/Library/Frameworks/ImageIO.framework/Versions/A/Resources/libTIFF.dylib
0x00007fff3cea0000 	/System/Library/Frameworks/ImageIO.framework/Versions/A/Resources/libPng.dylib
0x00007fff3cb40000 	/System/Library/Frameworks/ImageIO.framework/Versions/A/Resources/libGIF.dylib
0x00007fff3cb44000 	/System/Library/Frameworks/ImageIO.framework/Versions/A/Resources/libJP2.dylib
0x00007fff3cebb000 	/System/Library/Frameworks/ImageIO.framework/Versions/A/Resources/libRadiance.dylib
0x00007fff709c0000 	/usr/lib/libexpat.1.dylib
0x00007fff4d207000 	/System/Library/PrivateFrameworks/AppleJPEG.framework/Versions/A/AppleJPEG
0x00007fff55edc000 	/System/Library/PrivateFrameworks/FontServices.framework/libFontParser.dylib
0x00007fff6bc26000 	/System/Library/PrivateFrameworks/WatchdogClient.framework/Versions/A/WatchdogClient
0x00007fff5e4c8000 	/System/Library/PrivateFrameworks/IOAccelerator.framework/Versions/A/IOAccelerator
0x00007fff3f3ca000 	/System/Library/Frameworks/MetalPerformanceShaders.framework/Versions/A/MetalPerformanceShaders
0x00007fff5ac58000 	/System/Library/PrivateFrameworks/GPUWrangler.framework/Versions/A/GPUWrangler
0x00007fff5e4dd000 	/System/Library/PrivateFrameworks/IOPresentment.framework/Versions/A/IOPresentment
0x00007fff5375d000 	/System/Library/PrivateFrameworks/DSExternalDisplay.framework/Versions/A/DSExternalDisplay
0x00007fff4380a000 	/System/Library/Frameworks/OpenGL.framework/Versions/A/Libraries/libCoreFSCache.dylib
0x00007fff3f116000 	/System/Library/Frameworks/MetalPerformanceShaders.framework/Frameworks/MPSCore.framework/Versions/A/MPSCore
0x00007fff3f154000 	/System/Library/Frameworks/MetalPerformanceShaders.framework/Frameworks/MPSImage.framework/Versions/A/MPSImage
0x00007fff3f21b000 	/System/Library/Frameworks/MetalPerformanceShaders.framework/Frameworks/MPSNeuralNetwork.framework/Versions/A/MPSNeuralNetwork
0x00007fff3f1df000 	/System/Library/Frameworks/MetalPerformanceShaders.framework/Frameworks/MPSMatrix.framework/Versions/A/MPSMatrix
0x00007fff3f37a000 	/System/Library/Frameworks/MetalPerformanceShaders.framework/Frameworks/MPSRayIntersector.framework/Versions/A/MPSRayIntersector
0x00007fff3f205000 	/System/Library/Frameworks/MetalPerformanceShaders.framework/Frameworks/MPSNDArray.framework/Versions/A/MPSNDArray
0x00007fff60339000 	/System/Library/PrivateFrameworks/MetalTools.framework/Versions/A/MetalTools
0x00007fff4c4b6000 	/System/Library/PrivateFrameworks/AggregateDictionary.framework/Versions/A/AggregateDictionary
0x00007fff510d8000 	/System/Library/PrivateFrameworks/CoreAnalytics.framework/Versions/A/CoreAnalytics
0x00007fff4d63e000 	/System/Library/PrivateFrameworks/AppleSauce.framework/Versions/A/AppleSauce
0x00007fff6f8e7000 	/usr/lib/libIOReport.dylib
0x00007fff3bac5000 	/System/Library/Frameworks/CoreVideo.framework/Versions/A/CoreVideo
0x00007fff5c0d1000 	/System/Library/PrivateFrameworks/GraphVisualizer.framework/Versions/A/GraphVisualizer
0x00007fff55422000 	/System/Library/PrivateFrameworks/FaceCore.framework/Versions/A/FaceCore
0x00007fff42e20000 	/System/Library/Frameworks/OpenCL.framework/Versions/A/OpenCL
0x00007fff6f709000 	/usr/lib/libFosl_dynamic.dylib
0x00007fff61683000 	/System/Library/PrivateFrameworks/OTSVG.framework/Versions/A/OTSVG
0x00007fff37c95000 	/System/Library/Frameworks/ApplicationServices.framework/Versions/A/Frameworks/ATS.framework/Versions/A/Resources/libFontRegistry.dylib
0x00007fff560ac000 	/System/Library/PrivateFrameworks/FontServices.framework/libhvf.dylib
0x00007fff43815000 	/System/Library/Frameworks/OpenGL.framework/Versions/A/Libraries/libGFXShared.dylib
0x00007fff439f3000 	/System/Library/Frameworks/OpenGL.framework/Versions/A/Libraries/libGLU.dylib
0x00007fff4381e000 	/System/Library/Frameworks/OpenGL.framework/Versions/A/Libraries/libGL.dylib
0x00007fff43829000 	/System/Library/Frameworks/OpenGL.framework/Versions/A/Libraries/libGLImage.dylib
0x00007fff43807000 	/System/Library/Frameworks/OpenGL.framework/Versions/A/Libraries/libCVMSPluginSupport.dylib
0x00007fff43810000 	/System/Library/Frameworks/OpenGL.framework/Versions/A/Libraries/libCoreVMClient.dylib
0x00007fff71414000 	/usr/lib/libncurses.5.4.dylib
0x00007fff37b91000 	/System/Library/Frameworks/ApplicationServices.framework/Versions/A/Frameworks/ATS.framework/Versions/A/ATS
0x00007fff37d5e000 	/System/Library/Frameworks/ApplicationServices.framework/Versions/A/Frameworks/ColorSyncLegacy.framework/Versions/A/ColorSyncLegacy
0x00007fff37dfc000 	/System/Library/Frameworks/ApplicationServices.framework/Versions/A/Frameworks/HIServices.framework/Versions/A/HIServices
0x00007fff37e54000 	/System/Library/Frameworks/ApplicationServices.framework/Versions/A/Frameworks/LangAnalysis.framework/Versions/A/LangAnalysis
0x00007fff37e63000 	/System/Library/Frameworks/ApplicationServices.framework/Versions/A/Frameworks/PrintCore.framework/Versions/A/PrintCore
0x00007fff37ea9000 	/System/Library/Frameworks/ApplicationServices.framework/Versions/A/Frameworks/QD.framework/Versions/A/QD
0x00007fff37eb4000 	/System/Library/Frameworks/ApplicationServices.framework/Versions/A/Frameworks/SpeechSynthesis.framework/Versions/A/SpeechSynthesis
0x00007fff37d2e000 	/System/Library/Frameworks/ApplicationServices.framework/Versions/A/Frameworks/ATSUI.framework/Versions/A/ATSUI
0x00007fff70856000 	/usr/lib/libcups.2.dylib
0x00007fff3e465000 	/System/Library/Frameworks/Kerberos.framework/Versions/A/Kerberos
0x00007fff3c5a2000 	/System/Library/Frameworks/GSS.framework/Versions/A/GSS
0x00007fff71b96000 	/usr/lib/libresolv.9.dylib
0x00007fff5c27e000 	/System/Library/PrivateFrameworks/Heimdal.framework/Versions/A/Heimdal
0x00007fff3e478000 	/System/Library/Frameworks/Kerberos.framework/Versions/A/Libraries/libHeimdalProxy.dylib
0x00007fff709ff000 	/usr/lib/libheimdal-asn1.dylib
0x00007fff50570000 	/System/Library/PrivateFrameworks/CommonAuth.framework/Versions/A/CommonAuth
0x00007fff4d7bd000 	/System/Library/PrivateFrameworks/AssertionServices.framework/Versions/A/AssertionServices
0x00007fff4e360000 	/System/Library/PrivateFrameworks/AudioToolboxCore.framework/Versions/A/AudioToolboxCore
0x00007fff6c784000 	/System/Library/PrivateFrameworks/caulk.framework/Versions/A/caulk
0x00007fff4e92a000 	/System/Library/PrivateFrameworks/BaseBoard.framework/Versions/A/BaseBoard
0x00007fff658e6000 	/System/Library/PrivateFrameworks/RunningBoardServices.framework/Versions/A/RunningBoardServices
0x00007fff628f7000 	/System/Library/PrivateFrameworks/PersistentConnection.framework/Versions/A/PersistentConnection
0x00007fff652df000 	/System/Library/PrivateFrameworks/ProtocolBuffer.framework/Versions/A/ProtocolBuffer
0x00007fff50594000 	/System/Library/PrivateFrameworks/CommonUtilities.framework/Versions/A/CommonUtilities
0x00007fff4eab8000 	/System/Library/PrivateFrameworks/Bom.framework/Versions/A/Bom
0x00007fff6f5ba000 	/usr/lib/libAudioToolboxUtility.dylib
0x00007fff4e888000 	/System/Library/PrivateFrameworks/Backup.framework/Versions/A/Backup
0x00007fff5367e000 	/System/Library/PrivateFrameworks/CrashReporterSupport.framework/Versions/A/CrashReporterSupport
0x00007fff66bf6000 	/System/Library/PrivateFrameworks/Sharing.framework/Versions/A/Sharing
0x00007fff4cdca000 	/System/Library/PrivateFrameworks/Apple80211.framework/Versions/A/Apple80211
0x00007fff4e5a5000 	/System/Library/PrivateFrameworks/AuthKit.framework/Versions/A/AuthKit
0x00007fff5338b000 	/System/Library/PrivateFrameworks/CoreUtils.framework/Versions/A/CoreUtils
0x00007fff3bb0a000 	/System/Library/Frameworks/CoreWLAN.framework/Versions/A/CoreWLAN
0x00007fff3c72f000 	/System/Library/Frameworks/IOBluetooth.framework/Versions/A/IOBluetooth
0x00007fff604b0000 	/System/Library/PrivateFrameworks/MobileKeyBag.framework/Versions/A/MobileKeyBag
0x00007fff5217a000 	/System/Library/PrivateFrameworks/CorePhoneNumbers.framework/Versions/A/CorePhoneNumbers
0x00007fff4d1ba000 	/System/Library/PrivateFrameworks/AppleIDAuthSupport.framework/Versions/A/AppleIDAuthSupport
0x00007fff40297000 	/System/Library/Frameworks/Network.framework/Versions/A/Network
0x00007fff5ed0c000 	/System/Library/PrivateFrameworks/KeychainCircle.framework/Versions/A/KeychainCircle
0x00007fff39523000 	/System/Library/Frameworks/CoreBluetooth.framework/Versions/A/CoreBluetooth
0x00007fff68c75000 	/System/Library/PrivateFrameworks/SpeechRecognitionCore.framework/Versions/A/SpeechRecognitionCore
0x000000010e800000 	/Library/Java/JavaVirtualMachines/zulu-17.jdk/Contents/Home/lib/server/libjvm.dylib
0x000000010dfea000 	/Library/Java/JavaVirtualMachines/zulu-17.jdk/Contents/Home/lib/libjimage.dylib
0x000000010f978000 	/Library/Java/JavaVirtualMachines/zulu-17.jdk/Contents/Home/lib/libinstrument.dylib
0x000000010f98c000 	/Library/Java/JavaVirtualMachines/zulu-17.jdk/Contents/Home/lib/libjava.dylib
0x0000000112836000 	/Library/Java/JavaVirtualMachines/zulu-17.jdk/Contents/Home/lib/libzip.dylib
0x000000011284a000 	/Library/Java/JavaVirtualMachines/zulu-17.jdk/Contents/Home/lib/libnio.dylib
0x0000000112866000 	/Library/Java/JavaVirtualMachines/zulu-17.jdk/Contents/Home/lib/libnet.dylib
0x0000000112886000 	/Library/Java/JavaVirtualMachines/zulu-17.jdk/Contents/Home/lib/libverify.dylib
0x000000011289e000 	/Users/Shoaib/.gradle/native/c067742578af261105cb4f569cf0c3c89f3d7b1fecec35dd04571415982c5e48/osx-amd64/libnative-platform.dylib
0x00000001128aa000 	/Users/Shoaib/.gradle/native/100fb08df4bc3b14c8652ba06237920a3bd2aa13389f12d3474272988ae205f9/osx-amd64/libnative-platform-file-events.dylib
0x0000000112916000 	/Library/Java/JavaVirtualMachines/zulu-17.jdk/Contents/Home/lib/libmanagement.dylib
0x0000000112926000 	/Library/Java/JavaVirtualMachines/zulu-17.jdk/Contents/Home/lib/libmanagement_ext.dylib
0x0000000112936000 	/Library/Java/JavaVirtualMachines/zulu-17.jdk/Contents/Home/lib/libextnet.dylib


VM Arguments:
jvm_args: -XX:MaxMetaspaceSize=512m --add-opens=java.base/java.util=ALL-UNNAMED --add-opens=java.base/java.lang=ALL-UNNAMED --add-opens=java.base/java.lang.invoke=ALL-UNNAMED --add-opens=java.prefs/java.util.prefs=ALL-UNNAMED --add-opens=java.base/java.nio.charset=ALL-UNNAMED --add-opens=java.base/java.net=ALL-UNNAMED --add-opens=java.base/java.util.concurrent.atomic=ALL-UNNAMED -Xmx2048m -Dfile.encoding=UTF-8 -Duser.country=US -Duser.language=en -Duser.variant -javaagent:/Users/Shoaib/.gradle/wrapper/dists/gradle-8.8-all/6gdy1pgp427xkqcjbxw3ylt6h/gradle-8.8/lib/agents/gradle-instrumentation-agent-8.8.jar 
java_command: org.gradle.launcher.daemon.bootstrap.GradleDaemon 8.8
java_class_path (initial): /Users/Shoaib/.gradle/wrapper/dists/gradle-8.8-all/6gdy1pgp427xkqcjbxw3ylt6h/gradle-8.8/lib/gradle-launcher-8.8.jar
Launcher Type: SUN_STANDARD

[Global flags]
     intx CICompilerCount                          = 3                                         {product} {ergonomic}
   size_t CompressedClassSpaceSize                 = 436207616                                 {product} {ergonomic}
     uint ConcGCThreads                            = 1                                         {product} {ergonomic}
     uint G1ConcRefinementThreads                  = 4                                         {product} {ergonomic}
   size_t G1HeapRegionSize                         = 1048576                                   {product} {ergonomic}
    uintx GCDrainStackTargetSize                   = 64                                        {product} {ergonomic}
   size_t InitialHeapSize                          = 134217728                                 {product} {ergonomic}
   size_t MarkStackSize                            = 4194304                                   {product} {ergonomic}
   size_t MaxHeapSize                              = 2147483648                                {product} {command line}
   size_t MaxMetaspaceSize                         = 536870912                                 {product} {command line}
   size_t MaxNewSize                               = 1287651328                                {product} {ergonomic}
   size_t MinHeapDeltaBytes                        = 1048576                                   {product} {ergonomic}
   size_t MinHeapSize                              = 8388608                                   {product} {ergonomic}
    uintx NonNMethodCodeHeapSize                   = 5832780                                {pd product} {ergonomic}
    uintx NonProfiledCodeHeapSize                  = 122912730                              {pd product} {ergonomic}
    uintx ProfiledCodeHeapSize                     = 122912730                              {pd product} {ergonomic}
    uintx ReservedCodeCacheSize                    = 251658240                              {pd product} {ergonomic}
     bool SegmentedCodeCache                       = true                                      {product} {ergonomic}
   size_t SoftMaxHeapSize                          = 2147483648                             {manageable} {ergonomic}
     bool UseCompressedClassPointers               = true                           {product lp64_product} {ergonomic}
     bool UseCompressedOops                        = true                           {product lp64_product} {ergonomic}
     bool UseG1GC                                  = true                                      {product} {ergonomic}
     bool UseNUMA                                  = false                                     {product} {ergonomic}
     bool UseNUMAInterleaving                      = false                                     {product} {ergonomic}

Logging:
Log output configuration:
 #0: stdout all=warning uptime,level,tags
 #1: stderr all=off uptime,level,tags

Environment Variables:
JAVA_HOME=/Library/Java/JavaVirtualMachines/zulu-17.jdk/Contents/Home
PATH=/Users/Shoaib/Documents/MoodyPlayer/node_modules/.bin:/Users/Shoaib/Documents/MoodyPlayer/node_modules/.bin:/Users/Shoaib/Documents/node_modules/.bin:/Users/Shoaib/node_modules/.bin:/Users/node_modules/.bin:/node_modules/.bin:/Users/Shoaib/.npm-global/lib/node_modules/npm/node_modules/@npmcli/run-script/lib/node-gyp-bin:/Users/Shoaib/.npm-global/bin:/usr/local/opt/mongodb-community/bin:/opt/local/bin:/opt/local/sbin:/Library/Frameworks/Python.framework/Versions/3.11/bin:/Library/Frameworks/Python.framework/Versions/3.12/bin:/usr/local/bin:/usr/bin:/bin:/usr/sbin:/sbin:/Users/Shoaib/Library/Android/sdk/emulator:/Users/Shoaib/Library/Android/sdk/platform-tools:/Users/Shoaib/Library/Android/sdk/emulator:/Users/Shoaib/Library/Android/sdk/platform-tools
SHELL=/bin/zsh
LANG=en_US.UTF-8
TERM=xterm-256color
TMPDIR=/var/folders/zz/nxzr35r14118k1djxvv4jksw0000gn/T/

Active Locale:
LC_ALL=en_US.UTF-8
LC_COLLATE=en_US.UTF-8
LC_CTYPE=en_US.UTF-8
LC_MESSAGES=en_US.UTF-8
LC_MONETARY=en_US.UTF-8
LC_NUMERIC=en_US.UTF-8
LC_TIME=en_US.UTF-8

Signal Handlers:
   SIGSEGV: _ZL13crash_handleriP9__siginfoPv in libjvm.dylib, mask=11100110000111110111111111111111, flags=SA_RESTART|SA_SIGINFO, unblocked
    SIGBUS: _ZL13crash_handleriP9__siginfoPv in libjvm.dylib, mask=11100110000111110111111111111111, flags=SA_RESTART|SA_SIGINFO, unblocked
    SIGFPE: _ZL13crash_handleriP9__siginfoPv in libjvm.dylib, mask=11100110000111110111111111111111, flags=SA_RESTART|SA_SIGINFO, unblocked
   SIGPIPE: _ZL17javaSignalHandleriP9__siginfoPv in libjvm.dylib, mask=11100110000111110111111111111111, flags=SA_RESTART|SA_SIGINFO, blocked
   SIGXFSZ: _ZL17javaSignalHandleriP9__siginfoPv in libjvm.dylib, mask=11100110000111110111111111111111, flags=SA_RESTART|SA_SIGINFO, blocked
    SIGILL: _ZL13crash_handleriP9__siginfoPv in libjvm.dylib, mask=11100110000111110111111111111111, flags=SA_RESTART|SA_SIGINFO, unblocked
   SIGUSR2: _ZL10SR_handleriP9__siginfoP17__darwin_ucontext in libjvm.dylib, mask=00100000000000000000000000000000, flags=SA_RESTART|SA_SIGINFO, blocked
    SIGHUP: _ZL11UserHandleriPvS_ in libjvm.dylib, mask=11100110000111110111111111111111, flags=SA_RESTART|SA_SIGINFO, blocked
    SIGINT: _ZL11UserHandleriPvS_ in libjvm.dylib, mask=11100110000111110111111111111111, flags=SA_RESTART|SA_SIGINFO, blocked
   SIGTERM: _ZL11UserHandleriPvS_ in libjvm.dylib, mask=11100110000111110111111111111111, flags=SA_RESTART|SA_SIGINFO, blocked
   SIGQUIT: _ZL11UserHandleriPvS_ in libjvm.dylib, mask=11100110000111110111111111111111, flags=SA_RESTART|SA_SIGINFO, blocked
   SIGTRAP: _ZL13crash_handleriP9__siginfoPv in libjvm.dylib, mask=11100110000111110111111111111111, flags=SA_RESTART|SA_SIGINFO, unblocked


Periodic native trim disabled


---------------  S Y S T E M  ---------------

OS:
uname: Darwin 19.6.0 Darwin Kernel Version 19.6.0: Tue Jun 21 21:18:39 PDT 2022; root:xnu-6153.141.66~1/RELEASE_X86_64 x86_64
OS uptime: 1 days 20:59 hours
rlimit (soft/hard): STACK 8192k/65532k , CORE 0k/infinity , NPROC 1392/2088 , NOFILE 10240/infinity , AS infinity/infinity , CPU infinity/infinity , DATA infinity/infinity , FSIZE infinity/infinity , MEMLOCK infinity/infinity , RSS infinity/infinity
load average: 7.93 16.96 12.67

CPU: total 4 (initial active 4) (2 cores per cpu, 2 threads per core) family 6 model 58 stepping 9 microcode 0x21, cx8, cmov, fxsr, ht, mmx, sse, sse2, sse3, ssse3, sse4.1, sse4.2, popcnt, tsc, tscinvbit, avx, aes, erms, clmul, vzeroupper, clflush
machdep.cpu.brand_string:Intel(R) Core(TM) i7-3520M CPU @ 2.90GHz
hw.cpufrequency:2900000000
hw.cpufrequency_min:2900000000
hw.cpufrequency_max:2900000000
hw.cachelinesize:64
hw.l1icachesize:32768
hw.l1dcachesize:32768
hw.l2cachesize:262144
hw.l3cachesize:4194304

Memory: 4k page, physical 8388608k(29952k free), swap 2097152k(943872k free)

vm_info: OpenJDK 64-Bit Server VM (17.0.10+7-LTS) for bsd-amd64 JRE (17.0.10+7-LTS) (Zulu17.48+15-CA), built on Jan  5 2024 06:38:19 by "zulu_re" with clang Apple LLVM 12.0.0 (clang-1200.0.32.29)

END.
